#
# There is insufficient memory for the Java Runtime Environment to continue.
# Native memory allocation (malloc) failed to allocate 226736 bytes for Chunk::new
# Possible reasons:
#   The system is out of physical RAM or swap space
#   The process is running with CompressedOops enabled, and the Java Heap may be blocking the growth of the native heap
# Possible solutions:
#   Reduce memory load on the system
#   Increase physical memory or swap space
#   Check if swap backing store is full
#   Decrease Java heap size (-Xmx/-Xms)
#   Decrease number of Java threads
#   Decrease Java thread stack sizes (-Xss)
#   Set larger code cache with -XX:ReservedCodeCacheSize=
#   JVM is running with Zero Based Compressed Oops mode in which the Java heap is
#     placed in the first 32GB address space. The Java Heap base address is the
#     maximum limit for the native heap growth. Please use -XX:HeapBaseMinAddress
#     to set the Java Heap base and to place the Java Heap above 32GB virtual address.
# This output file may be truncated or incomplete.
#
#  Out of Memory Error (arena.cpp:197), pid=15376, tid=20280
#
# JRE version: OpenJDK Runtime Environment Corretto-11.0.20.8.1 (11.0.20+8) (build 11.0.20+8-LTS)
# Java VM: OpenJDK 64-Bit Server VM Corretto-11.0.20.8.1 (11.0.20+8-LTS, mixed mode, tiered, compressed oops, g1 gc, windows-amd64)
# No core dump will be written. Minidumps are not enabled by default on client versions of Windows
#

---------------  S U M M A R Y ------------

Command Line: -javaagent:D:\Program Files\JetBrains\IntelliJ IDEA Community Edition 2023.1.3\lib\idea_rt.jar=50792:D:\Program Files\JetBrains\IntelliJ IDEA Community Edition 2023.1.3\bin -Dfile.encoding=UTF-8 --module-path=C:\Users\aldebran\.m2\repository\cn\hutool\hutool-all\5.8.21\hutool-all-5.8.21.jar;C:\Users\aldebran\.m2\repository\org\jetbrains\kotlin\kotlin-reflect\1.8.10\kotlin-reflect-1.8.10.jar;C:\Users\aldebran\.m2\repository\org\openjfx\javafx-graphics\17.0.6\javafx-graphics-17.0.6-win.jar;C:\Users\aldebran\.m2\repository\org\openjfx\javafx-base\17.0.6\javafx-base-17.0.6-win.jar;C:\Users\aldebran\.m2\repository\org\kordamp\bootstrapfx\bootstrapfx-core\0.4.0\bootstrapfx-core-0.4.0.jar;C:\Users\aldebran\.m2\repository\org\openjfx\javafx-web\17.0.6\javafx-web-17.0.6-win.jar;C:\Users\aldebran\.m2\repository\org\openjfx\javafx-media\17.0.6\javafx-media-17.0.6-win.jar;C:\Users\aldebran\.m2\repository\org\jetbrains\kotlin\kotlin-stdlib\1.8.10\kotlin-stdlib-1.8.10.jar;C:\Users\aldebran\.m2\repository\com\alibaba\fastjson\1.2.68\fastjson-1.2.68.jar;C:\Users\aldebran\.m2\repository\org\openjfx\javafx-controls\17.0.6\javafx-controls-17.0.6-win.jar;D:\user_dir\code\javafx_demo2\target\classes;C:\Users\aldebran\.m2\repository\com\squareup\okhttp3\okhttp-jvm\5.0.0-alpha.11\okhttp-jvm-5.0.0-alpha.11.jar;C:\Users\aldebran\.m2\repository\org\openjfx\javafx-fxml\17.0.6\javafx-fxml-17.0.6-win.jar -Djdk.module.main=com.example.javafx_demo2 com.example.javafx_demo2/com.example.benben_front.HelloApplicationKt

Host: 12th Gen Intel(R) Core(TM) i9-12900HX, 24 cores, 31G,  Windows 11 , 64 bit Build 22621 (10.0.22621.2070)
Time: Fri Aug  4 20:08:38 2023  Windows 11 , 64 bit Build 22621 (10.0.22621.2070) elapsed time: 868.272599 seconds (0d 0h 14m 28s)

---------------  T H R E A D  ---------------

Current thread (0x000001cb3069a800):  JavaThread "C2 CompilerThread0" daemon [_thread_in_native, id=20280, stack(0x0000005b54300000,0x0000005b54400000)]


Current CompileTask:
C2: 868272 6543       4       javafx.scene.Parent::doGetAllParentStylesheets (103 bytes)

Stack: [0x0000005b54300000,0x0000005b54400000]
Native frames: (J=compiled Java code, j=interpreted, Vv=VM code, C=native code)
V  [jvm.dll+0x62418a]
V  [jvm.dll+0x7b1d69]
V  [jvm.dll+0x7b3458]
V  [jvm.dll+0x7b3b33]
V  [jvm.dll+0x250148]
V  [jvm.dll+0xc264c]
V  [jvm.dll+0xc2c0c]
V  [jvm.dll+0x35cfa7]
V  [jvm.dll+0x328ee3]
V  [jvm.dll+0x32821a]
V  [jvm.dll+0x2095a3]
V  [jvm.dll+0x2086fd]
V  [jvm.dll+0x18a6b1]
V  [jvm.dll+0x217da4]
V  [jvm.dll+0x215feb]
V  [jvm.dll+0x774840]
V  [jvm.dll+0x76d634]
V  [jvm.dll+0x622ff5]
C  [ucrtbase.dll+0x29363]
C  [KERNEL32.DLL+0x126ad]
C  [ntdll.dll+0x5aa68]


---------------  P R O C E S S  ---------------

Threads class SMR info:
_java_thread_list=0x000001cb3bb3ea20, length=24, elements={
0x000001cb7f49f800, 0x000001cb305fb800, 0x000001cb3061d800, 0x000001cb30695000,
0x000001cb30696000, 0x000001cb30699000, 0x000001cb3069a800, 0x000001cb3069d800,
0x000001cb306a4000, 0x000001cb3082a800, 0x000001cb32b87800, 0x000001cb32f6c800,
0x000001cb314c2800, 0x000001cb326eb800, 0x000001cb31c63800, 0x000001cb32fb9000,
0x000001cb33484800, 0x000001cb33085000, 0x000001cbce18b000, 0x000001cb33135000,
0x000001cb33135800, 0x000001cb33133800, 0x000001cb33134000, 0x000001cbce10c800
}

Java Threads: ( => current thread )
  0x000001cb7f49f800 JavaThread "main" [_thread_blocked, id=13180, stack(0x0000005b53700000,0x0000005b53800000)]
  0x000001cb305fb800 JavaThread "Reference Handler" daemon [_thread_blocked, id=7648, stack(0x0000005b53e00000,0x0000005b53f00000)]
  0x000001cb3061d800 JavaThread "Finalizer" daemon [_thread_blocked, id=20084, stack(0x0000005b53f00000,0x0000005b54000000)]
  0x000001cb30695000 JavaThread "Signal Dispatcher" daemon [_thread_blocked, id=20308, stack(0x0000005b54000000,0x0000005b54100000)]
  0x000001cb30696000 JavaThread "Attach Listener" daemon [_thread_blocked, id=20300, stack(0x0000005b54100000,0x0000005b54200000)]
  0x000001cb30699000 JavaThread "Service Thread" daemon [_thread_blocked, id=20284, stack(0x0000005b54200000,0x0000005b54300000)]
=>0x000001cb3069a800 JavaThread "C2 CompilerThread0" daemon [_thread_in_native, id=20280, stack(0x0000005b54300000,0x0000005b54400000)]
  0x000001cb3069d800 JavaThread "C1 CompilerThread0" daemon [_thread_blocked, id=20276, stack(0x0000005b54400000,0x0000005b54500000)]
  0x000001cb306a4000 JavaThread "Sweeper thread" daemon [_thread_blocked, id=20288, stack(0x0000005b54500000,0x0000005b54600000)]
  0x000001cb3082a800 JavaThread "Common-Cleaner" daemon [_thread_blocked, id=20312, stack(0x0000005b54600000,0x0000005b54700000)]
  0x000001cb32b87800 JavaThread "Monitor Ctrl-Break" daemon [_thread_in_native, id=14764, stack(0x0000005b55100000,0x0000005b55200000)]
  0x000001cb32f6c800 JavaThread "JavaFX-Launcher" [_thread_blocked, id=20392, stack(0x0000005b55300000,0x0000005b55400000)]
  0x000001cb314c2800 JavaThread "QuantumRenderer-0" daemon [_thread_blocked, id=20436, stack(0x0000005b55000000,0x0000005b55100000)]
  0x000001cb326eb800 JavaThread "InvokeLaterDispatcher" daemon [_thread_blocked, id=15052, stack(0x0000005b56000000,0x0000005b56100000)]
  0x000001cb31c63800 JavaThread "JavaFX Application Thread" [_thread_in_native, id=19804, stack(0x0000005b56100000,0x0000005b56200000)]
  0x000001cb32fb9000 JavaThread "Thread-2" daemon [_thread_in_native, id=19776, stack(0x0000005b54e00000,0x0000005b54f00000)]
  0x000001cb33484800 JavaThread "Prism Font Disposer" daemon [_thread_blocked, id=19900, stack(0x0000005b54900000,0x0000005b54a00000)]
  0x000001cb33085000 JavaThread "Disposer" daemon [_thread_blocked, id=20112, stack(0x0000005b54b00000,0x0000005b54c00000)]
  0x000001cbce18b000 JavaThread "Cleaner-0" daemon [_thread_blocked, id=4212, stack(0x0000005b56990000,0x0000005b56a90000)]
  0x000001cb33135000 JavaThread "OkHttp TaskRunner" daemon [_thread_blocked, id=25564, stack(0x0000005b56da0000,0x0000005b56ea0000)]
  0x000001cb33135800 JavaThread "Okio Watchdog" daemon [_thread_blocked, id=24892, stack(0x0000005b570a0000,0x0000005b571a0000)]
  0x000001cb33133800 JavaThread "Thread-5" [_thread_blocked, id=21448, stack(0x0000005b56400000,0x0000005b56500000)]
  0x000001cb33134000 JavaThread "OkHttp TaskRunner" daemon [_thread_blocked, id=18732, stack(0x0000005b578a0000,0x0000005b579a0000)]
  0x000001cbce10c800 JavaThread "C1 CompilerThread1" daemon [_thread_blocked, id=3648, stack(0x0000005b56700000,0x0000005b56800000)]

Other Threads:
  0x000001cb305f8000 VMThread "VM Thread" [stack: 0x0000005b53d00000,0x0000005b53e00000] [id=19932]
  0x000001cb31b4b000 WatcherThread [stack: 0x0000005b55200000,0x0000005b55300000] [id=20256]
  0x000001cb7f4bc800 GCTaskThread "GC Thread#0" [stack: 0x0000005b53800000,0x0000005b53900000] [id=19856]
  0x000001cb33031800 GCTaskThread "GC Thread#1" [stack: 0x0000005b55400000,0x0000005b55500000] [id=20252]
  0x000001cb31dc7000 GCTaskThread "GC Thread#2" [stack: 0x0000005b55500000,0x0000005b55600000] [id=20248]
  0x000001cb32898000 GCTaskThread "GC Thread#3" [stack: 0x0000005b55600000,0x0000005b55700000] [id=20416]
  0x000001cb320b9000 GCTaskThread "GC Thread#4" [stack: 0x0000005b55700000,0x0000005b55800000] [id=20420]
  0x000001cb31e90800 GCTaskThread "GC Thread#5" [stack: 0x0000005b55800000,0x0000005b55900000] [id=20244]
  0x000001cb3168c000 GCTaskThread "GC Thread#6" [stack: 0x0000005b55900000,0x0000005b55a00000] [id=20240]
  0x000001cb320ea800 GCTaskThread "GC Thread#7" [stack: 0x0000005b55a00000,0x0000005b55b00000] [id=20048]
  0x000001cb3206a000 GCTaskThread "GC Thread#8" [stack: 0x0000005b55b00000,0x0000005b55c00000] [id=20404]
  0x000001cb31ff5000 GCTaskThread "GC Thread#9" [stack: 0x0000005b55c00000,0x0000005b55d00000] [id=17716]
  0x000001cb31ef7800 GCTaskThread "GC Thread#10" [stack: 0x0000005b55d00000,0x0000005b55e00000] [id=11892]
  0x000001cb3264b000 GCTaskThread "GC Thread#11" [stack: 0x0000005b55e00000,0x0000005b55f00000] [id=8752]
  0x000001cb7f53a000 ConcurrentGCThread "G1 Main Marker" [stack: 0x0000005b53900000,0x0000005b53a00000] [id=19852]
  0x000001cb7f53c800 ConcurrentGCThread "G1 Conc#0" [stack: 0x0000005b53a00000,0x0000005b53b00000] [id=19796]
  0x000001cb32651000 ConcurrentGCThread "G1 Conc#1" [stack: 0x0000005b54c00000,0x0000005b54d00000] [id=20108]
  0x000001cb32650800 ConcurrentGCThread "G1 Conc#2" [stack: 0x0000005b54d00000,0x0000005b54e00000] [id=20116]
  0x000001cb3264f800 ConcurrentGCThread "G1 Conc#3" [stack: 0x0000005b54f00000,0x0000005b55000000] [id=19864]
  0x000001cb3264a800 ConcurrentGCThread "G1 Conc#4" [stack: 0x0000005b56300000,0x0000005b56400000] [id=20208]
  0x000001cb30470800 ConcurrentGCThread "G1 Refine#0" [stack: 0x0000005b53b00000,0x0000005b53c00000] [id=17668]
  0x000001cb30471800 ConcurrentGCThread "G1 Young RemSet Sampling" [stack: 0x0000005b53c00000,0x0000005b53d00000] [id=9924]

Threads with active compile tasks:
C2 CompilerThread0   868368 6543       4       javafx.scene.Parent::doGetAllParentStylesheets (103 bytes)

VM state:not at safepoint (normal execution)

VM Mutex/Monitor currently owned by a thread: None

Heap address: 0x0000000605200000, size: 8110 MB, Compressed Oops mode: Zero based, Oop shift amount: 3
Narrow klass base: 0x0000000800000000, Narrow klass shift: 0
Compressed class space size: 1073741824 Address: 0x0000000800000000

Heap:
 garbage-first heap   total 520192K, used 63790K [0x0000000605200000, 0x0000000800000000)
  region size 2048K, 28 young (57344K), 8 survivors (16384K)
 Metaspace       used 38546K, capacity 40009K, committed 40112K, reserved 1085440K
  class space    used 4425K, capacity 5075K, committed 5120K, reserved 1048576K
Heap Regions: E=young(eden), S=young(survivor), O=old, HS=humongous(starts), HC=humongous(continues), CS=collection set, F=free, A=archive, TAMS=top-at-mark-start (previous, next)
|   0|0x0000000605200000, 0x0000000605400000, 0x0000000605400000|100%|HS|  |TAMS 0x0000000605200000, 0x0000000605200000| Complete 
|   1|0x0000000605400000, 0x0000000605600000, 0x0000000605600000|100%|HC|  |TAMS 0x0000000605400000, 0x0000000605400000| Complete 
|   2|0x0000000605600000, 0x0000000605600000, 0x0000000605800000|  0%| F|  |TAMS 0x0000000605600000, 0x0000000605600000| Untracked 
|   3|0x0000000605800000, 0x0000000605a00000, 0x0000000605a00000|100%|HS|  |TAMS 0x0000000605a00000, 0x0000000605800000| Complete 
|   4|0x0000000605a00000, 0x0000000605c00000, 0x0000000605c00000|100%|HS|  |TAMS 0x0000000605a00000, 0x0000000605a00000| Complete 
|   5|0x0000000605c00000, 0x0000000605e00000, 0x0000000605e00000|100%|HC|  |TAMS 0x0000000605c00000, 0x0000000605c00000| Complete 
|   6|0x0000000605e00000, 0x0000000605e00000, 0x0000000606000000|  0%| F|  |TAMS 0x0000000605e00000, 0x0000000605e00000| Untracked 
|   7|0x0000000606000000, 0x0000000606000000, 0x0000000606200000|  0%| F|  |TAMS 0x0000000606000000, 0x0000000606000000| Untracked 
|   8|0x0000000606200000, 0x0000000606200000, 0x0000000606400000|  0%| F|  |TAMS 0x0000000606200000, 0x0000000606200000| Untracked 
|   9|0x0000000606400000, 0x0000000606400000, 0x0000000606600000|  0%| F|  |TAMS 0x0000000606400000, 0x0000000606400000| Untracked 
|  10|0x0000000606600000, 0x0000000606600000, 0x0000000606800000|  0%| F|  |TAMS 0x0000000606600000, 0x0000000606600000| Untracked 
|  11|0x0000000606800000, 0x0000000606800000, 0x0000000606a00000|  0%| F|  |TAMS 0x0000000606800000, 0x0000000606800000| Untracked 
|  12|0x0000000606a00000, 0x0000000606a00000, 0x0000000606c00000|  0%| F|  |TAMS 0x0000000606a00000, 0x0000000606a00000| Untracked 
|  13|0x0000000606c00000, 0x0000000606c00000, 0x0000000606e00000|  0%| F|  |TAMS 0x0000000606c00000, 0x0000000606c00000| Untracked 
|  14|0x0000000606e00000, 0x0000000606e00000, 0x0000000607000000|  0%| F|  |TAMS 0x0000000606e00000, 0x0000000606e00000| Untracked 
|  15|0x0000000607000000, 0x0000000607000000, 0x0000000607200000|  0%| F|  |TAMS 0x0000000607000000, 0x0000000607000000| Untracked 
|  16|0x0000000607200000, 0x0000000607200000, 0x0000000607400000|  0%| F|  |TAMS 0x0000000607200000, 0x0000000607200000| Untracked 
|  17|0x0000000607400000, 0x0000000607400000, 0x0000000607600000|  0%| F|  |TAMS 0x0000000607400000, 0x0000000607400000| Untracked 
|  18|0x0000000607600000, 0x0000000607600000, 0x0000000607800000|  0%| F|  |TAMS 0x0000000607600000, 0x0000000607600000| Untracked 
|  19|0x0000000607800000, 0x0000000607800000, 0x0000000607a00000|  0%| F|  |TAMS 0x0000000607800000, 0x0000000607800000| Untracked 
|  20|0x0000000607a00000, 0x0000000607a00000, 0x0000000607c00000|  0%| F|  |TAMS 0x0000000607a00000, 0x0000000607a00000| Untracked 
|  21|0x0000000607c00000, 0x0000000607c00000, 0x0000000607e00000|  0%| F|  |TAMS 0x0000000607c00000, 0x0000000607c00000| Untracked 
|  22|0x0000000607e00000, 0x0000000607e00000, 0x0000000608000000|  0%| F|  |TAMS 0x0000000607e00000, 0x0000000607e00000| Untracked 
|  23|0x0000000608000000, 0x0000000608000000, 0x0000000608200000|  0%| F|  |TAMS 0x0000000608000000, 0x0000000608000000| Untracked 
|  24|0x0000000608200000, 0x0000000608200000, 0x0000000608400000|  0%| F|  |TAMS 0x0000000608200000, 0x0000000608200000| Untracked 
|  25|0x0000000608400000, 0x0000000608400000, 0x0000000608600000|  0%| F|  |TAMS 0x0000000608400000, 0x0000000608400000| Untracked 
|  26|0x0000000608600000, 0x0000000608600000, 0x0000000608800000|  0%| F|  |TAMS 0x0000000608600000, 0x0000000608600000| Untracked 
|  27|0x0000000608800000, 0x0000000608800000, 0x0000000608a00000|  0%| F|  |TAMS 0x0000000608800000, 0x0000000608800000| Untracked 
|  28|0x0000000608a00000, 0x0000000608a00000, 0x0000000608c00000|  0%| F|  |TAMS 0x0000000608a00000, 0x0000000608a00000| Untracked 
|  29|0x0000000608c00000, 0x0000000608c00000, 0x0000000608e00000|  0%| F|  |TAMS 0x0000000608c00000, 0x0000000608c00000| Untracked 
|  30|0x0000000608e00000, 0x0000000608e00000, 0x0000000609000000|  0%| F|  |TAMS 0x0000000608e00000, 0x0000000608e00000| Untracked 
|  31|0x0000000609000000, 0x0000000609000000, 0x0000000609200000|  0%| F|  |TAMS 0x0000000609000000, 0x0000000609000000| Untracked 
|  32|0x0000000609200000, 0x0000000609200000, 0x0000000609400000|  0%| F|  |TAMS 0x0000000609200000, 0x0000000609200000| Untracked 
|  33|0x0000000609400000, 0x0000000609400000, 0x0000000609600000|  0%| F|  |TAMS 0x0000000609400000, 0x0000000609400000| Untracked 
|  34|0x0000000609600000, 0x0000000609600000, 0x0000000609800000|  0%| F|  |TAMS 0x0000000609600000, 0x0000000609600000| Untracked 
|  35|0x0000000609800000, 0x0000000609800000, 0x0000000609a00000|  0%| F|  |TAMS 0x0000000609800000, 0x0000000609800000| Untracked 
|  36|0x0000000609a00000, 0x0000000609a00000, 0x0000000609c00000|  0%| F|  |TAMS 0x0000000609a00000, 0x0000000609a00000| Untracked 
|  37|0x0000000609c00000, 0x0000000609c00000, 0x0000000609e00000|  0%| F|  |TAMS 0x0000000609c00000, 0x0000000609c00000| Untracked 
|  38|0x0000000609e00000, 0x0000000609e00000, 0x000000060a000000|  0%| F|  |TAMS 0x0000000609e00000, 0x0000000609e00000| Untracked 
|  39|0x000000060a000000, 0x000000060a000000, 0x000000060a200000|  0%| F|  |TAMS 0x000000060a000000, 0x000000060a000000| Untracked 
|  40|0x000000060a200000, 0x000000060a200000, 0x000000060a400000|  0%| F|  |TAMS 0x000000060a200000, 0x000000060a200000| Untracked 
|  41|0x000000060a400000, 0x000000060a400000, 0x000000060a600000|  0%| F|  |TAMS 0x000000060a400000, 0x000000060a400000| Untracked 
|  42|0x000000060a600000, 0x000000060a600000, 0x000000060a800000|  0%| F|  |TAMS 0x000000060a600000, 0x000000060a600000| Untracked 
|  43|0x000000060a800000, 0x000000060a800000, 0x000000060aa00000|  0%| F|  |TAMS 0x000000060a800000, 0x000000060a800000| Untracked 
|  44|0x000000060aa00000, 0x000000060aa00000, 0x000000060ac00000|  0%| F|  |TAMS 0x000000060aa00000, 0x000000060aa00000| Untracked 
|  45|0x000000060ac00000, 0x000000060ac00000, 0x000000060ae00000|  0%| F|  |TAMS 0x000000060ac00000, 0x000000060ac00000| Untracked 
|  46|0x000000060ae00000, 0x000000060ae00000, 0x000000060b000000|  0%| F|  |TAMS 0x000000060ae00000, 0x000000060ae00000| Untracked 
|  47|0x000000060b000000, 0x000000060b000000, 0x000000060b200000|  0%| F|  |TAMS 0x000000060b000000, 0x000000060b000000| Untracked 
|  48|0x000000060b200000, 0x000000060b200000, 0x000000060b400000|  0%| F|  |TAMS 0x000000060b200000, 0x000000060b200000| Untracked 
|  49|0x000000060b400000, 0x000000060b400000, 0x000000060b600000|  0%| F|  |TAMS 0x000000060b400000, 0x000000060b400000| Untracked 
|  50|0x000000060b600000, 0x000000060b600000, 0x000000060b800000|  0%| F|  |TAMS 0x000000060b600000, 0x000000060b600000| Untracked 
|  51|0x000000060b800000, 0x000000060b800000, 0x000000060ba00000|  0%| F|  |TAMS 0x000000060b800000, 0x000000060b800000| Untracked 
|  52|0x000000060ba00000, 0x000000060ba00000, 0x000000060bc00000|  0%| F|  |TAMS 0x000000060ba00000, 0x000000060ba00000| Untracked 
|  53|0x000000060bc00000, 0x000000060bc00000, 0x000000060be00000|  0%| F|  |TAMS 0x000000060bc00000, 0x000000060bc00000| Untracked 
|  54|0x000000060be00000, 0x000000060be00000, 0x000000060c000000|  0%| F|  |TAMS 0x000000060be00000, 0x000000060be00000| Untracked 
|  55|0x000000060c000000, 0x000000060c000000, 0x000000060c200000|  0%| F|  |TAMS 0x000000060c000000, 0x000000060c000000| Untracked 
|  56|0x000000060c200000, 0x000000060c200000, 0x000000060c400000|  0%| F|  |TAMS 0x000000060c200000, 0x000000060c200000| Untracked 
|  57|0x000000060c400000, 0x000000060c400000, 0x000000060c600000|  0%| F|  |TAMS 0x000000060c400000, 0x000000060c400000| Untracked 
|  58|0x000000060c600000, 0x000000060c600000, 0x000000060c800000|  0%| F|  |TAMS 0x000000060c600000, 0x000000060c600000| Untracked 
|  59|0x000000060c800000, 0x000000060c800000, 0x000000060ca00000|  0%| F|  |TAMS 0x000000060c800000, 0x000000060c800000| Untracked 
|  60|0x000000060ca00000, 0x000000060ca00000, 0x000000060cc00000|  0%| F|  |TAMS 0x000000060ca00000, 0x000000060ca00000| Untracked 
|  61|0x000000060cc00000, 0x000000060cc00000, 0x000000060ce00000|  0%| F|  |TAMS 0x000000060cc00000, 0x000000060cc00000| Untracked 
|  62|0x000000060ce00000, 0x000000060ce00000, 0x000000060d000000|  0%| F|  |TAMS 0x000000060ce00000, 0x000000060ce00000| Untracked 
|  63|0x000000060d000000, 0x000000060d000000, 0x000000060d200000|  0%| F|  |TAMS 0x000000060d000000, 0x000000060d000000| Untracked 
|  64|0x000000060d200000, 0x000000060d200000, 0x000000060d400000|  0%| F|  |TAMS 0x000000060d200000, 0x000000060d200000| Untracked 
|  65|0x000000060d400000, 0x000000060d400000, 0x000000060d600000|  0%| F|  |TAMS 0x000000060d400000, 0x000000060d400000| Untracked 
|  66|0x000000060d600000, 0x000000060d600000, 0x000000060d800000|  0%| F|  |TAMS 0x000000060d600000, 0x000000060d600000| Untracked 
|  67|0x000000060d800000, 0x000000060d800000, 0x000000060da00000|  0%| F|  |TAMS 0x000000060d800000, 0x000000060d800000| Untracked 
|  68|0x000000060da00000, 0x000000060da00000, 0x000000060dc00000|  0%| F|  |TAMS 0x000000060da00000, 0x000000060da00000| Untracked 
|  69|0x000000060dc00000, 0x000000060dc00000, 0x000000060de00000|  0%| F|  |TAMS 0x000000060dc00000, 0x000000060dc00000| Untracked 
|  70|0x000000060de00000, 0x000000060de00000, 0x000000060e000000|  0%| F|  |TAMS 0x000000060de00000, 0x000000060de00000| Untracked 
|  71|0x000000060e000000, 0x000000060e000000, 0x000000060e200000|  0%| F|  |TAMS 0x000000060e000000, 0x000000060e000000| Untracked 
|  72|0x000000060e200000, 0x000000060e200000, 0x000000060e400000|  0%| F|  |TAMS 0x000000060e200000, 0x000000060e200000| Untracked 
|  73|0x000000060e400000, 0x000000060e400000, 0x000000060e600000|  0%| F|  |TAMS 0x000000060e400000, 0x000000060e400000| Untracked 
|  74|0x000000060e600000, 0x000000060e600000, 0x000000060e800000|  0%| F|  |TAMS 0x000000060e600000, 0x000000060e600000| Untracked 
|  75|0x000000060e800000, 0x000000060e800000, 0x000000060ea00000|  0%| F|  |TAMS 0x000000060e800000, 0x000000060e800000| Untracked 
|  76|0x000000060ea00000, 0x000000060ea00000, 0x000000060ec00000|  0%| F|  |TAMS 0x000000060ea00000, 0x000000060ea00000| Untracked 
|  77|0x000000060ec00000, 0x000000060ec00000, 0x000000060ee00000|  0%| F|  |TAMS 0x000000060ec00000, 0x000000060ec00000| Untracked 
|  78|0x000000060ee00000, 0x000000060ee00000, 0x000000060f000000|  0%| F|  |TAMS 0x000000060ee00000, 0x000000060ee00000| Untracked 
|  79|0x000000060f000000, 0x000000060f000000, 0x000000060f200000|  0%| F|  |TAMS 0x000000060f000000, 0x000000060f000000| Untracked 
|  80|0x000000060f200000, 0x000000060f200000, 0x000000060f400000|  0%| F|  |TAMS 0x000000060f200000, 0x000000060f200000| Untracked 
|  81|0x000000060f400000, 0x000000060f400000, 0x000000060f600000|  0%| F|  |TAMS 0x000000060f400000, 0x000000060f400000| Untracked 
|  82|0x000000060f600000, 0x000000060f600000, 0x000000060f800000|  0%| F|  |TAMS 0x000000060f600000, 0x000000060f600000| Untracked 
|  83|0x000000060f800000, 0x000000060f800000, 0x000000060fa00000|  0%| F|  |TAMS 0x000000060f800000, 0x000000060f800000| Untracked 
|  84|0x000000060fa00000, 0x000000060fa00000, 0x000000060fc00000|  0%| F|  |TAMS 0x000000060fa00000, 0x000000060fa00000| Untracked 
|  85|0x000000060fc00000, 0x000000060fc00000, 0x000000060fe00000|  0%| F|  |TAMS 0x000000060fc00000, 0x000000060fc00000| Untracked 
|  86|0x000000060fe00000, 0x000000060fe00000, 0x0000000610000000|  0%| F|  |TAMS 0x000000060fe00000, 0x000000060fe00000| Untracked 
|  87|0x0000000610000000, 0x0000000610000000, 0x0000000610200000|  0%| F|  |TAMS 0x0000000610000000, 0x0000000610000000| Untracked 
|  88|0x0000000610200000, 0x0000000610200000, 0x0000000610400000|  0%| F|  |TAMS 0x0000000610200000, 0x0000000610200000| Untracked 
|  89|0x0000000610400000, 0x0000000610400000, 0x0000000610600000|  0%| F|  |TAMS 0x0000000610400000, 0x0000000610400000| Untracked 
|  90|0x0000000610600000, 0x0000000610600000, 0x0000000610800000|  0%| F|  |TAMS 0x0000000610600000, 0x0000000610600000| Untracked 
|  91|0x0000000610800000, 0x0000000610800000, 0x0000000610a00000|  0%| F|  |TAMS 0x0000000610800000, 0x0000000610800000| Untracked 
|  92|0x0000000610a00000, 0x0000000610a00000, 0x0000000610c00000|  0%| F|  |TAMS 0x0000000610a00000, 0x0000000610a00000| Untracked 
|  93|0x0000000610c00000, 0x0000000610c00000, 0x0000000610e00000|  0%| F|  |TAMS 0x0000000610c00000, 0x0000000610c00000| Untracked 
|  94|0x0000000610e00000, 0x0000000610e00000, 0x0000000611000000|  0%| F|  |TAMS 0x0000000610e00000, 0x0000000610e00000| Untracked 
|  95|0x0000000611000000, 0x0000000611000000, 0x0000000611200000|  0%| F|  |TAMS 0x0000000611000000, 0x0000000611000000| Untracked 
|  96|0x0000000611200000, 0x0000000611200000, 0x0000000611400000|  0%| F|  |TAMS 0x0000000611200000, 0x0000000611200000| Untracked 
|  97|0x0000000611400000, 0x0000000611400000, 0x0000000611600000|  0%| F|  |TAMS 0x0000000611400000, 0x0000000611400000| Untracked 
|  98|0x0000000611600000, 0x0000000611600000, 0x0000000611800000|  0%| F|  |TAMS 0x0000000611600000, 0x0000000611600000| Untracked 
|  99|0x0000000611800000, 0x0000000611800000, 0x0000000611a00000|  0%| F|  |TAMS 0x0000000611800000, 0x0000000611800000| Untracked 
| 100|0x0000000611a00000, 0x0000000611a00000, 0x0000000611c00000|  0%| F|  |TAMS 0x0000000611a00000, 0x0000000611a00000| Untracked 
| 101|0x0000000611c00000, 0x0000000611c00000, 0x0000000611e00000|  0%| F|  |TAMS 0x0000000611c00000, 0x0000000611c00000| Untracked 
| 102|0x0000000611e00000, 0x0000000611e00000, 0x0000000612000000|  0%| F|  |TAMS 0x0000000611e00000, 0x0000000611e00000| Untracked 
| 103|0x0000000612000000, 0x0000000612000000, 0x0000000612200000|  0%| F|  |TAMS 0x0000000612000000, 0x0000000612000000| Untracked 
| 104|0x0000000612200000, 0x0000000612200000, 0x0000000612400000|  0%| F|  |TAMS 0x0000000612200000, 0x0000000612200000| Untracked 
| 105|0x0000000612400000, 0x0000000612400000, 0x0000000612600000|  0%| F|  |TAMS 0x0000000612400000, 0x0000000612400000| Untracked 
| 106|0x0000000612600000, 0x0000000612600000, 0x0000000612800000|  0%| F|  |TAMS 0x0000000612600000, 0x0000000612600000| Untracked 
| 107|0x0000000612800000, 0x0000000612800000, 0x0000000612a00000|  0%| F|  |TAMS 0x0000000612800000, 0x0000000612800000| Untracked 
| 108|0x0000000612a00000, 0x0000000612a00000, 0x0000000612c00000|  0%| F|  |TAMS 0x0000000612a00000, 0x0000000612a00000| Untracked 
| 109|0x0000000612c00000, 0x0000000612c00000, 0x0000000612e00000|  0%| F|  |TAMS 0x0000000612c00000, 0x0000000612c00000| Untracked 
| 110|0x0000000612e00000, 0x0000000612e00000, 0x0000000613000000|  0%| F|  |TAMS 0x0000000612e00000, 0x0000000612e00000| Untracked 
| 111|0x0000000613000000, 0x0000000613000000, 0x0000000613200000|  0%| F|  |TAMS 0x0000000613000000, 0x0000000613000000| Untracked 
| 112|0x0000000613200000, 0x0000000613200000, 0x0000000613400000|  0%| F|  |TAMS 0x0000000613200000, 0x0000000613200000| Untracked 
| 113|0x0000000613400000, 0x0000000613400000, 0x0000000613600000|  0%| F|  |TAMS 0x0000000613400000, 0x0000000613400000| Untracked 
| 114|0x0000000613600000, 0x0000000613600000, 0x0000000613800000|  0%| F|  |TAMS 0x0000000613600000, 0x0000000613600000| Untracked 
| 115|0x0000000613800000, 0x0000000613800000, 0x0000000613a00000|  0%| F|  |TAMS 0x0000000613800000, 0x0000000613800000| Untracked 
| 116|0x0000000613a00000, 0x0000000613a00000, 0x0000000613c00000|  0%| F|  |TAMS 0x0000000613a00000, 0x0000000613a00000| Untracked 
| 117|0x0000000613c00000, 0x0000000613c00000, 0x0000000613e00000|  0%| F|  |TAMS 0x0000000613c00000, 0x0000000613c00000| Untracked 
| 118|0x0000000613e00000, 0x0000000613e00000, 0x0000000614000000|  0%| F|  |TAMS 0x0000000613e00000, 0x0000000613e00000| Untracked 
| 119|0x0000000614000000, 0x0000000614000000, 0x0000000614200000|  0%| F|  |TAMS 0x0000000614000000, 0x0000000614000000| Untracked 
| 120|0x0000000614200000, 0x0000000614200000, 0x0000000614400000|  0%| F|  |TAMS 0x0000000614200000, 0x0000000614200000| Untracked 
| 121|0x0000000614400000, 0x0000000614400000, 0x0000000614600000|  0%| F|  |TAMS 0x0000000614400000, 0x0000000614400000| Untracked 
| 122|0x0000000614600000, 0x0000000614600000, 0x0000000614800000|  0%| F|  |TAMS 0x0000000614600000, 0x0000000614600000| Untracked 
| 123|0x0000000614800000, 0x0000000614800000, 0x0000000614a00000|  0%| F|  |TAMS 0x0000000614800000, 0x0000000614800000| Untracked 
| 124|0x0000000614a00000, 0x0000000614a00000, 0x0000000614c00000|  0%| F|  |TAMS 0x0000000614a00000, 0x0000000614a00000| Untracked 
| 125|0x0000000614c00000, 0x0000000614c00000, 0x0000000614e00000|  0%| F|  |TAMS 0x0000000614c00000, 0x0000000614c00000| Untracked 
| 126|0x0000000614e00000, 0x0000000614e00000, 0x0000000615000000|  0%| F|  |TAMS 0x0000000614e00000, 0x0000000614e00000| Untracked 
| 127|0x0000000615000000, 0x0000000615000000, 0x0000000615200000|  0%| F|  |TAMS 0x0000000615000000, 0x0000000615000000| Untracked 
| 128|0x0000000615200000, 0x0000000615200000, 0x0000000615400000|  0%| F|  |TAMS 0x0000000615200000, 0x0000000615200000| Untracked 
| 129|0x0000000615400000, 0x0000000615400000, 0x0000000615600000|  0%| F|  |TAMS 0x0000000615400000, 0x0000000615400000| Untracked 
| 130|0x0000000615600000, 0x0000000615600000, 0x0000000615800000|  0%| F|  |TAMS 0x0000000615600000, 0x0000000615600000| Untracked 
| 131|0x0000000615800000, 0x0000000615800000, 0x0000000615a00000|  0%| F|  |TAMS 0x0000000615800000, 0x0000000615800000| Untracked 
| 132|0x0000000615a00000, 0x0000000615a00000, 0x0000000615c00000|  0%| F|  |TAMS 0x0000000615a00000, 0x0000000615a00000| Untracked 
| 133|0x0000000615c00000, 0x0000000615c00000, 0x0000000615e00000|  0%| F|  |TAMS 0x0000000615c00000, 0x0000000615c00000| Untracked 
| 134|0x0000000615e00000, 0x0000000615e00000, 0x0000000616000000|  0%| F|  |TAMS 0x0000000615e00000, 0x0000000615e00000| Untracked 
| 135|0x0000000616000000, 0x0000000616000000, 0x0000000616200000|  0%| F|  |TAMS 0x0000000616000000, 0x0000000616000000| Untracked 
| 136|0x0000000616200000, 0x0000000616200000, 0x0000000616400000|  0%| F|  |TAMS 0x0000000616200000, 0x0000000616200000| Untracked 
| 137|0x0000000616400000, 0x0000000616400000, 0x0000000616600000|  0%| F|  |TAMS 0x0000000616400000, 0x0000000616400000| Untracked 
| 138|0x0000000616600000, 0x0000000616600000, 0x0000000616800000|  0%| F|  |TAMS 0x0000000616600000, 0x0000000616600000| Untracked 
| 139|0x0000000616800000, 0x0000000616800000, 0x0000000616a00000|  0%| F|  |TAMS 0x0000000616800000, 0x0000000616800000| Untracked 
| 140|0x0000000616a00000, 0x0000000616a00000, 0x0000000616c00000|  0%| F|  |TAMS 0x0000000616a00000, 0x0000000616a00000| Untracked 
| 141|0x0000000616c00000, 0x0000000616c00000, 0x0000000616e00000|  0%| F|  |TAMS 0x0000000616c00000, 0x0000000616c00000| Untracked 
| 142|0x0000000616e00000, 0x0000000616e00000, 0x0000000617000000|  0%| F|  |TAMS 0x0000000616e00000, 0x0000000616e00000| Untracked 
| 143|0x0000000617000000, 0x0000000617000000, 0x0000000617200000|  0%| F|  |TAMS 0x0000000617000000, 0x0000000617000000| Untracked 
| 144|0x0000000617200000, 0x0000000617200000, 0x0000000617400000|  0%| F|  |TAMS 0x0000000617200000, 0x0000000617200000| Untracked 
| 145|0x0000000617400000, 0x0000000617400000, 0x0000000617600000|  0%| F|  |TAMS 0x0000000617400000, 0x0000000617400000| Untracked 
| 146|0x0000000617600000, 0x0000000617600000, 0x0000000617800000|  0%| F|  |TAMS 0x0000000617600000, 0x0000000617600000| Untracked 
| 147|0x0000000617800000, 0x0000000617800000, 0x0000000617a00000|  0%| F|  |TAMS 0x0000000617800000, 0x0000000617800000| Untracked 
| 148|0x0000000617a00000, 0x0000000617a00000, 0x0000000617c00000|  0%| F|  |TAMS 0x0000000617a00000, 0x0000000617a00000| Untracked 
| 149|0x0000000617c00000, 0x0000000617c00000, 0x0000000617e00000|  0%| F|  |TAMS 0x0000000617c00000, 0x0000000617c00000| Untracked 
| 150|0x0000000617e00000, 0x0000000617e00000, 0x0000000618000000|  0%| F|  |TAMS 0x0000000617e00000, 0x0000000617e00000| Untracked 
| 151|0x0000000618000000, 0x0000000618000000, 0x0000000618200000|  0%| F|  |TAMS 0x0000000618000000, 0x0000000618000000| Untracked 
| 152|0x0000000618200000, 0x0000000618200000, 0x0000000618400000|  0%| F|  |TAMS 0x0000000618200000, 0x0000000618200000| Untracked 
| 153|0x0000000618400000, 0x0000000618400000, 0x0000000618600000|  0%| F|  |TAMS 0x0000000618400000, 0x0000000618400000| Untracked 
| 154|0x0000000618600000, 0x0000000618600000, 0x0000000618800000|  0%| F|  |TAMS 0x0000000618600000, 0x0000000618600000| Untracked 
| 155|0x0000000618800000, 0x0000000618800000, 0x0000000618a00000|  0%| F|  |TAMS 0x0000000618800000, 0x0000000618800000| Untracked 
| 156|0x0000000618a00000, 0x0000000618a00000, 0x0000000618c00000|  0%| F|  |TAMS 0x0000000618a00000, 0x0000000618a00000| Untracked 
| 157|0x0000000618c00000, 0x0000000618c00000, 0x0000000618e00000|  0%| F|  |TAMS 0x0000000618c00000, 0x0000000618c00000| Untracked 
| 158|0x0000000618e00000, 0x0000000618e00000, 0x0000000619000000|  0%| F|  |TAMS 0x0000000618e00000, 0x0000000618e00000| Untracked 
| 159|0x0000000619000000, 0x0000000619000000, 0x0000000619200000|  0%| F|  |TAMS 0x0000000619000000, 0x0000000619000000| Untracked 
| 160|0x0000000619200000, 0x0000000619200000, 0x0000000619400000|  0%| F|  |TAMS 0x0000000619200000, 0x0000000619200000| Untracked 
| 161|0x0000000619400000, 0x0000000619400000, 0x0000000619600000|  0%| F|  |TAMS 0x0000000619400000, 0x0000000619400000| Untracked 
| 162|0x0000000619600000, 0x0000000619600000, 0x0000000619800000|  0%| F|  |TAMS 0x0000000619600000, 0x0000000619600000| Untracked 
| 163|0x0000000619800000, 0x0000000619800000, 0x0000000619a00000|  0%| F|  |TAMS 0x0000000619800000, 0x0000000619800000| Untracked 
| 164|0x0000000619a00000, 0x0000000619a00000, 0x0000000619c00000|  0%| F|  |TAMS 0x0000000619a00000, 0x0000000619a00000| Untracked 
| 165|0x0000000619c00000, 0x0000000619c00000, 0x0000000619e00000|  0%| F|  |TAMS 0x0000000619c00000, 0x0000000619c00000| Untracked 
| 166|0x0000000619e00000, 0x0000000619e00000, 0x000000061a000000|  0%| F|  |TAMS 0x0000000619e00000, 0x0000000619e00000| Untracked 
| 167|0x000000061a000000, 0x000000061a000000, 0x000000061a200000|  0%| F|  |TAMS 0x000000061a000000, 0x000000061a000000| Untracked 
| 168|0x000000061a200000, 0x000000061a200000, 0x000000061a400000|  0%| F|  |TAMS 0x000000061a200000, 0x000000061a200000| Untracked 
| 169|0x000000061a400000, 0x000000061a400000, 0x000000061a600000|  0%| F|  |TAMS 0x000000061a400000, 0x000000061a400000| Untracked 
| 170|0x000000061a600000, 0x000000061a600000, 0x000000061a800000|  0%| F|  |TAMS 0x000000061a600000, 0x000000061a600000| Untracked 
| 171|0x000000061a800000, 0x000000061a800000, 0x000000061aa00000|  0%| F|  |TAMS 0x000000061a800000, 0x000000061a800000| Untracked 
| 172|0x000000061aa00000, 0x000000061aa00000, 0x000000061ac00000|  0%| F|  |TAMS 0x000000061aa00000, 0x000000061aa00000| Untracked 
| 173|0x000000061ac00000, 0x000000061ac00000, 0x000000061ae00000|  0%| F|  |TAMS 0x000000061ac00000, 0x000000061ac00000| Untracked 
| 174|0x000000061ae00000, 0x000000061ae00000, 0x000000061b000000|  0%| F|  |TAMS 0x000000061ae00000, 0x000000061ae00000| Untracked 
| 175|0x000000061b000000, 0x000000061b000000, 0x000000061b200000|  0%| F|  |TAMS 0x000000061b000000, 0x000000061b000000| Untracked 
| 176|0x000000061b200000, 0x000000061b200000, 0x000000061b400000|  0%| F|  |TAMS 0x000000061b200000, 0x000000061b200000| Untracked 
| 177|0x000000061b400000, 0x000000061b400000, 0x000000061b600000|  0%| F|  |TAMS 0x000000061b400000, 0x000000061b400000| Untracked 
| 178|0x000000061b600000, 0x000000061b600000, 0x000000061b800000|  0%| F|  |TAMS 0x000000061b600000, 0x000000061b600000| Untracked 
| 179|0x000000061b800000, 0x000000061b800000, 0x000000061ba00000|  0%| F|  |TAMS 0x000000061b800000, 0x000000061b800000| Untracked 
| 180|0x000000061ba00000, 0x000000061ba00000, 0x000000061bc00000|  0%| F|  |TAMS 0x000000061ba00000, 0x000000061ba00000| Untracked 
| 181|0x000000061bc00000, 0x000000061bc00000, 0x000000061be00000|  0%| F|  |TAMS 0x000000061bc00000, 0x000000061bc00000| Untracked 
| 182|0x000000061be00000, 0x000000061be00000, 0x000000061c000000|  0%| F|  |TAMS 0x000000061be00000, 0x000000061be00000| Untracked 
| 183|0x000000061c000000, 0x000000061c000000, 0x000000061c200000|  0%| F|  |TAMS 0x000000061c000000, 0x000000061c000000| Untracked 
| 184|0x000000061c200000, 0x000000061c200000, 0x000000061c400000|  0%| F|  |TAMS 0x000000061c200000, 0x000000061c200000| Untracked 
| 185|0x000000061c400000, 0x000000061c44b8a0, 0x000000061c600000| 14%| S|CS|TAMS 0x000000061c400000, 0x000000061c400000| Complete 
| 186|0x000000061c600000, 0x000000061c800000, 0x000000061c800000|100%| S|CS|TAMS 0x000000061c600000, 0x000000061c600000| Complete 
| 187|0x000000061c800000, 0x000000061ca00000, 0x000000061ca00000|100%| S|CS|TAMS 0x000000061c800000, 0x000000061c800000| Complete 
| 188|0x000000061ca00000, 0x000000061cc00000, 0x000000061cc00000|100%| S|CS|TAMS 0x000000061ca00000, 0x000000061ca00000| Complete 
| 189|0x000000061cc00000, 0x000000061ce00000, 0x000000061ce00000|100%| S|CS|TAMS 0x000000061cc00000, 0x000000061cc00000| Complete 
| 190|0x000000061ce00000, 0x000000061d000000, 0x000000061d000000|100%| S|CS|TAMS 0x000000061ce00000, 0x000000061ce00000| Complete 
| 191|0x000000061d000000, 0x000000061d200000, 0x000000061d200000|100%| S|CS|TAMS 0x000000061d000000, 0x000000061d000000| Complete 
| 192|0x000000061d200000, 0x000000061d400000, 0x000000061d400000|100%| S|CS|TAMS 0x000000061d200000, 0x000000061d200000| Complete 
| 193|0x000000061d400000, 0x000000061d400000, 0x000000061d600000|  0%| F|  |TAMS 0x000000061d400000, 0x000000061d400000| Untracked 
| 194|0x000000061d600000, 0x000000061d600000, 0x000000061d800000|  0%| F|  |TAMS 0x000000061d600000, 0x000000061d600000| Untracked 
| 195|0x000000061d800000, 0x000000061d800000, 0x000000061da00000|  0%| F|  |TAMS 0x000000061d800000, 0x000000061d800000| Untracked 
| 196|0x000000061da00000, 0x000000061da00000, 0x000000061dc00000|  0%| F|  |TAMS 0x000000061da00000, 0x000000061da00000| Untracked 
| 197|0x000000061dc00000, 0x000000061dc00000, 0x000000061de00000|  0%| F|  |TAMS 0x000000061dc00000, 0x000000061dc00000| Untracked 
| 198|0x000000061de00000, 0x000000061de00000, 0x000000061e000000|  0%| F|  |TAMS 0x000000061de00000, 0x000000061de00000| Untracked 
| 199|0x000000061e000000, 0x000000061e000000, 0x000000061e200000|  0%| F|  |TAMS 0x000000061e000000, 0x000000061e000000| Untracked 
| 200|0x000000061e200000, 0x000000061e200000, 0x000000061e400000|  0%| F|  |TAMS 0x000000061e200000, 0x000000061e200000| Untracked 
| 201|0x000000061e400000, 0x000000061e400000, 0x000000061e600000|  0%| F|  |TAMS 0x000000061e400000, 0x000000061e400000| Untracked 
| 202|0x000000061e600000, 0x000000061e600000, 0x000000061e800000|  0%| F|  |TAMS 0x000000061e600000, 0x000000061e600000| Untracked 
| 203|0x000000061e800000, 0x000000061e800000, 0x000000061ea00000|  0%| F|  |TAMS 0x000000061e800000, 0x000000061e800000| Untracked 
| 204|0x000000061ea00000, 0x000000061ea00000, 0x000000061ec00000|  0%| F|  |TAMS 0x000000061ea00000, 0x000000061ea00000| Untracked 
| 205|0x000000061ec00000, 0x000000061ec00000, 0x000000061ee00000|  0%| F|  |TAMS 0x000000061ec00000, 0x000000061ec00000| Untracked 
| 206|0x000000061ee00000, 0x000000061ee00000, 0x000000061f000000|  0%| F|  |TAMS 0x000000061ee00000, 0x000000061ee00000| Untracked 
| 207|0x000000061f000000, 0x000000061f000000, 0x000000061f200000|  0%| F|  |TAMS 0x000000061f000000, 0x000000061f000000| Untracked 
| 208|0x000000061f200000, 0x000000061f200000, 0x000000061f400000|  0%| F|  |TAMS 0x000000061f200000, 0x000000061f200000| Untracked 
| 209|0x000000061f400000, 0x000000061f400000, 0x000000061f600000|  0%| F|  |TAMS 0x000000061f400000, 0x000000061f400000| Untracked 
| 210|0x000000061f600000, 0x000000061f600000, 0x000000061f800000|  0%| F|  |TAMS 0x000000061f600000, 0x000000061f600000| Untracked 
| 211|0x000000061f800000, 0x000000061f800000, 0x000000061fa00000|  0%| F|  |TAMS 0x000000061f800000, 0x000000061f800000| Untracked 
| 212|0x000000061fa00000, 0x000000061fa00000, 0x000000061fc00000|  0%| F|  |TAMS 0x000000061fa00000, 0x000000061fa00000| Untracked 
| 213|0x000000061fc00000, 0x000000061fc00000, 0x000000061fe00000|  0%| F|  |TAMS 0x000000061fc00000, 0x000000061fc00000| Untracked 
| 214|0x000000061fe00000, 0x000000061fe00000, 0x0000000620000000|  0%| F|  |TAMS 0x000000061fe00000, 0x000000061fe00000| Untracked 
| 215|0x0000000620000000, 0x0000000620000000, 0x0000000620200000|  0%| F|  |TAMS 0x0000000620000000, 0x0000000620000000| Untracked 
| 216|0x0000000620200000, 0x0000000620200000, 0x0000000620400000|  0%| F|  |TAMS 0x0000000620200000, 0x0000000620200000| Untracked 
| 217|0x0000000620400000, 0x0000000620400000, 0x0000000620600000|  0%| F|  |TAMS 0x0000000620400000, 0x0000000620400000| Untracked 
| 218|0x0000000620600000, 0x0000000620600000, 0x0000000620800000|  0%| F|  |TAMS 0x0000000620600000, 0x0000000620600000| Untracked 
| 219|0x0000000620800000, 0x0000000620800000, 0x0000000620a00000|  0%| F|  |TAMS 0x0000000620800000, 0x0000000620800000| Untracked 
| 220|0x0000000620a00000, 0x0000000620a00000, 0x0000000620c00000|  0%| F|  |TAMS 0x0000000620a00000, 0x0000000620a00000| Untracked 
| 221|0x0000000620c00000, 0x0000000620c00000, 0x0000000620e00000|  0%| F|  |TAMS 0x0000000620c00000, 0x0000000620c00000| Untracked 
| 222|0x0000000620e00000, 0x0000000620e00000, 0x0000000621000000|  0%| F|  |TAMS 0x0000000620e00000, 0x0000000620e00000| Untracked 
| 223|0x0000000621000000, 0x0000000621000000, 0x0000000621200000|  0%| F|  |TAMS 0x0000000621000000, 0x0000000621000000| Untracked 
| 224|0x0000000621200000, 0x0000000621200000, 0x0000000621400000|  0%| F|  |TAMS 0x0000000621200000, 0x0000000621200000| Untracked 
| 225|0x0000000621400000, 0x0000000621400000, 0x0000000621600000|  0%| F|  |TAMS 0x0000000621400000, 0x0000000621400000| Untracked 
| 226|0x0000000621600000, 0x0000000621600000, 0x0000000621800000|  0%| F|  |TAMS 0x0000000621600000, 0x0000000621600000| Untracked 
| 227|0x0000000621800000, 0x0000000621800000, 0x0000000621a00000|  0%| F|  |TAMS 0x0000000621800000, 0x0000000621800000| Untracked 
| 228|0x0000000621a00000, 0x0000000621a00000, 0x0000000621c00000|  0%| F|  |TAMS 0x0000000621a00000, 0x0000000621a00000| Untracked 
| 229|0x0000000621c00000, 0x0000000621c00000, 0x0000000621e00000|  0%| F|  |TAMS 0x0000000621c00000, 0x0000000621c00000| Untracked 
| 230|0x0000000621e00000, 0x0000000621e00000, 0x0000000622000000|  0%| F|  |TAMS 0x0000000621e00000, 0x0000000621e00000| Untracked 
| 231|0x0000000622000000, 0x0000000622000000, 0x0000000622200000|  0%| F|  |TAMS 0x0000000622000000, 0x0000000622000000| Untracked 
| 232|0x0000000622200000, 0x0000000622200000, 0x0000000622400000|  0%| F|  |TAMS 0x0000000622200000, 0x0000000622200000| Untracked 
| 233|0x0000000622400000, 0x0000000622400000, 0x0000000622600000|  0%| F|  |TAMS 0x0000000622400000, 0x0000000622400000| Untracked 
| 234|0x0000000622600000, 0x000000062271ecc0, 0x0000000622800000| 56%| E|  |TAMS 0x0000000622600000, 0x0000000622600000| Complete 
| 235|0x0000000622800000, 0x0000000622a00000, 0x0000000622a00000|100%| E|CS|TAMS 0x0000000622800000, 0x0000000622800000| Complete 
| 236|0x0000000622a00000, 0x0000000622c00000, 0x0000000622c00000|100%| E|CS|TAMS 0x0000000622a00000, 0x0000000622a00000| Complete 
| 237|0x0000000622c00000, 0x0000000622e00000, 0x0000000622e00000|100%| E|CS|TAMS 0x0000000622c00000, 0x0000000622c00000| Complete 
| 238|0x0000000622e00000, 0x0000000623000000, 0x0000000623000000|100%| E|CS|TAMS 0x0000000622e00000, 0x0000000622e00000| Complete 
| 239|0x0000000623000000, 0x0000000623200000, 0x0000000623200000|100%| E|CS|TAMS 0x0000000623000000, 0x0000000623000000| Complete 
| 240|0x0000000623200000, 0x0000000623400000, 0x0000000623400000|100%| E|CS|TAMS 0x0000000623200000, 0x0000000623200000| Complete 
| 241|0x0000000623400000, 0x0000000623600000, 0x0000000623600000|100%| E|CS|TAMS 0x0000000623400000, 0x0000000623400000| Complete 
| 242|0x0000000623600000, 0x0000000623800000, 0x0000000623800000|100%| E|CS|TAMS 0x0000000623600000, 0x0000000623600000| Complete 
| 243|0x0000000623800000, 0x0000000623a00000, 0x0000000623a00000|100%| E|CS|TAMS 0x0000000623800000, 0x0000000623800000| Complete 
| 244|0x0000000623a00000, 0x0000000623c00000, 0x0000000623c00000|100%| E|CS|TAMS 0x0000000623a00000, 0x0000000623a00000| Complete 
| 245|0x0000000623c00000, 0x0000000623e00000, 0x0000000623e00000|100%| E|CS|TAMS 0x0000000623c00000, 0x0000000623c00000| Complete 
| 246|0x0000000623e00000, 0x0000000624000000, 0x0000000624000000|100%| E|CS|TAMS 0x0000000623e00000, 0x0000000623e00000| Complete 
| 247|0x0000000624000000, 0x0000000624200000, 0x0000000624200000|100%| E|CS|TAMS 0x0000000624000000, 0x0000000624000000| Complete 
| 248|0x0000000624200000, 0x0000000624400000, 0x0000000624400000|100%| E|CS|TAMS 0x0000000624200000, 0x0000000624200000| Complete 
| 249|0x0000000624400000, 0x0000000624600000, 0x0000000624600000|100%| E|CS|TAMS 0x0000000624400000, 0x0000000624400000| Complete 
| 250|0x0000000624600000, 0x0000000624800000, 0x0000000624800000|100%| E|CS|TAMS 0x0000000624600000, 0x0000000624600000| Complete 
| 251|0x0000000624800000, 0x0000000624a00000, 0x0000000624a00000|100%| E|CS|TAMS 0x0000000624800000, 0x0000000624800000| Complete 
| 252|0x0000000624a00000, 0x0000000624c00000, 0x0000000624c00000|100%| E|CS|TAMS 0x0000000624a00000, 0x0000000624a00000| Complete 
| 253|0x0000000624c00000, 0x0000000624e00000, 0x0000000624e00000|100%| E|CS|TAMS 0x0000000624c00000, 0x0000000624c00000| Complete 

Card table byte_map: [0x000001cb1afe0000,0x000001cb1bfc0000] _byte_map_base: 0x000001cb17fb7000

Marking Bits (Prev, Next): (CMBitMap*) 0x000001cb7f529958, (CMBitMap*) 0x000001cb7f529990
 Prev Bits: [0x000001cb1cfa0000, 0x000001cb24e58000)
 Next Bits: [0x000001cb24e60000, 0x000001cb2cd18000)

Polling page: 0x000001cb01410000

Metaspace:

Usage:
  Non-class:     34.12 MB capacity,    33.32 MB ( 98%) used,   626.90 KB (  2%) free+waste,   185.19 KB ( <1%) overhead. 
      Class:      4.96 MB capacity,     4.32 MB ( 87%) used,   559.05 KB ( 11%) free+waste,    90.94 KB (  2%) overhead. 
       Both:     39.07 MB capacity,    37.64 MB ( 96%) used,     1.16 MB (  3%) free+waste,   276.13 KB ( <1%) overhead. 

Virtual space:
  Non-class space:       36.00 MB reserved,      34.17 MB ( 95%) committed 
      Class space:        1.00 GB reserved,       5.00 MB ( <1%) committed 
             Both:        1.04 GB reserved,      39.17 MB (  4%) committed 

Chunk freelists:
   Non-Class:  2.00 KB
       Class:  0 bytes
        Both:  2.00 KB

MaxMetaspaceSize: 17179869184.00 GB
CompressedClassSpaceSize: 1.00 GB
Initial GC threshold: 20.80 MB
Current GC threshold: 59.00 MB
CDS: off

CodeHeap 'non-profiled nmethods': size=119168Kb used=3739Kb max_used=3739Kb free=115429Kb
 bounds [0x000001cb11670000, 0x000001cb11a20000, 0x000001cb18ad0000]
CodeHeap 'profiled nmethods': size=119168Kb used=14531Kb max_used=14531Kb free=104636Kb
 bounds [0x000001cb0a210000, 0x000001cb0b050000, 0x000001cb11670000]
CodeHeap 'non-nmethods': size=7424Kb used=2141Kb max_used=3288Kb free=5282Kb
 bounds [0x000001cb09ad0000, 0x000001cb09f00000, 0x000001cb0a210000]
 total_blobs=7513 nmethods=6555 adapters=869
 compilation: enabled
              stopped_count=0, restarted_count=0
 full_count=0

Compilation events (20 events):
Event: 867.440 Thread 0x000001cb3069d800 6535       3       com.sun.javafx.scene.control.inputmap.InputMap::lambda$addMapping$6 (8 bytes)
Event: 867.441 Thread 0x000001cb3069d800 nmethod 6535 0x000001cb0b036610 code [0x000001cb0b0367e0, 0x000001cb0b036b18]
Event: 867.441 Thread 0x000001cbce10c800 nmethod 6534 0x000001cb0b036c90 code [0x000001cb0b036e80, 0x000001cb0b037338]
Event: 867.441 Thread 0x000001cb3069d800 6536       3       javafx.scene.layout.Region$StyleableProperties$5::getStyleableProperty (9 bytes)
Event: 867.441 Thread 0x000001cb3069d800 nmethod 6536 0x000001cb0b037490 code [0x000001cb0b0376a0, 0x000001cb0b037d68]
Event: 867.441 Thread 0x000001cb3069d800 6537       3       javafx.scene.layout.Region$StyleableProperties$5::getStyleableProperty (8 bytes)
Event: 867.441 Thread 0x000001cb3069d800 nmethod 6537 0x000001cb0b037f90 code [0x000001cb0b038180, 0x000001cb0b0386c8]
Event: 867.441 Thread 0x000001cb3069d800 6538       3       javafx.scene.layout.Region::shapeProperty (24 bytes)
Event: 867.442 Thread 0x000001cb3069d800 nmethod 6538 0x000001cb0b038890 code [0x000001cb0b038a80, 0x000001cb0b038fb8]
Event: 867.442 Thread 0x000001cb3069a800 6539       4       com.sun.javafx.geom.RectBounds::intersects (98 bytes)
Event: 867.443 Thread 0x000001cb3069a800 nmethod 6539 0x000001cb11a15c10 code [0x000001cb11a15da0, 0x000001cb11a15eb8]
Event: 867.444 Thread 0x000001cbce10c800 6540       3       java.nio.ByteBuffer::order (48 bytes)
Event: 867.444 Thread 0x000001cbce10c800 nmethod 6540 0x000001cb0b039190 code [0x000001cb0b039340, 0x000001cb0b039578]
Event: 867.843 Thread 0x000001cb3069a800 6541       4       com.sun.javafx.geom.transform.Affine3D::deriveWithConcatenation (6 bytes)
Event: 867.843 Thread 0x000001cb3069a800 nmethod 6541 0x000001cb11a16010 code [0x000001cb11a161a0, 0x000001cb11a16228]
Event: 867.858 Thread 0x000001cbce10c800 6542       3       javafx.scene.web.WebView::getChildren (5 bytes)
Event: 867.858 Thread 0x000001cbce10c800 nmethod 6542 0x000001cb0b039610 code [0x000001cb0b0397c0, 0x000001cb0b0398d8]
Event: 868.249 Thread 0x000001cb3069d800 6544       3       javafx.scene.CssStyleHelper::resetToInitialValues (177 bytes)
Event: 868.249 Thread 0x000001cb3069a800 6543       4       javafx.scene.Parent::doGetAllParentStylesheets (103 bytes)
Event: 868.250 Thread 0x000001cb3069d800 nmethod 6544 0x000001cb0b039990 code [0x000001cb0b039c60, 0x000001cb0b03ae08]

GC Heap History (6 events):
Event: 0.351 GC heap before
{Heap before GC invocations=0 (full 0):
 garbage-first heap   total 520192K, used 22528K [0x0000000605200000, 0x0000000800000000)
  region size 2048K, 12 young (24576K), 0 survivors (0K)
 Metaspace       used 9053K, capacity 9301K, committed 9472K, reserved 1058816K
  class space    used 872K, capacity 976K, committed 1024K, reserved 1048576K
}
Event: 0.353 GC heap after
{Heap after GC invocations=1 (full 0):
 garbage-first heap   total 520192K, used 2155K [0x0000000605200000, 0x0000000800000000)
  region size 2048K, 2 young (4096K), 2 survivors (4096K)
 Metaspace       used 9053K, capacity 9301K, committed 9472K, reserved 1058816K
  class space    used 872K, capacity 976K, committed 1024K, reserved 1048576K
}
Event: 1.719 GC heap before
{Heap before GC invocations=1 (full 0):
 garbage-first heap   total 520192K, used 47211K [0x0000000605200000, 0x0000000800000000)
  region size 2048K, 25 young (51200K), 2 survivors (4096K)
 Metaspace       used 20699K, capacity 21285K, committed 21296K, reserved 1069056K
  class space    used 2422K, capacity 2684K, committed 2688K, reserved 1048576K
}
Event: 1.724 GC heap after
{Heap after GC invocations=2 (full 0):
 garbage-first heap   total 520192K, used 8509K [0x0000000605200000, 0x0000000800000000)
  region size 2048K, 5 young (10240K), 5 survivors (10240K)
 Metaspace       used 20699K, capacity 21285K, committed 21296K, reserved 1069056K
  class space    used 2422K, capacity 2684K, committed 2688K, reserved 1048576K
}
Event: 767.695 GC heap before
{Heap before GC invocations=3 (full 0):
 garbage-first heap   total 520192K, used 127293K [0x0000000605200000, 0x0000000800000000)
  region size 2048K, 61 young (124928K), 5 survivors (10240K)
 Metaspace       used 34469K, capacity 35873K, committed 35920K, reserved 1081344K
  class space    used 4026K, capacity 4594K, committed 4608K, reserved 1048576K
}
Event: 767.706 GC heap after
{Heap after GC invocations=4 (full 0):
 garbage-first heap   total 520192K, used 16686K [0x0000000605200000, 0x0000000800000000)
  region size 2048K, 8 young (16384K), 8 survivors (16384K)
 Metaspace       used 34469K, capacity 35873K, committed 35920K, reserved 1081344K
  class space    used 4026K, capacity 4594K, committed 4608K, reserved 1048576K
}

Deoptimization events (20 events):
Event: 853.845 Thread 0x000001cb31c63800 Uncommon trap: trap_request=0xffffffd6 fr.pc=0x000001cb119c2df0 relative=0x0000000000000310
Event: 853.845 Thread 0x000001cb31c63800 Uncommon trap: reason=array_check action=maybe_recompile pc=0x000001cb119c2df0 method=javafx.css.CompoundSelector.applies(Ljavafx/css/Styleable;[Ljava/util/Set;I)Z @ 128 c2
Event: 853.845 Thread 0x000001cb31c63800 DEOPT PACKING pc=0x000001cb119c2df0 sp=0x0000005b561fb770
Event: 853.845 Thread 0x000001cb31c63800 DEOPT UNPACKING pc=0x000001cb09b1a1af sp=0x0000005b561fb6f8 mode 2
Event: 864.641 Thread 0x000001cb31c63800 Uncommon trap: trap_request=0xffffffbe fr.pc=0x000001cb119ecfb0 relative=0x0000000000004fd0
Event: 864.642 Thread 0x000001cb31c63800 Uncommon trap: reason=profile_predicate action=maybe_recompile pc=0x000001cb119ecfb0 method=javafx.scene.CssStyleHelper.transitionToState(Ljavafx/scene/Node;)V @ 291 c2
Event: 864.642 Thread 0x000001cb31c63800 DEOPT PACKING pc=0x000001cb119ecfb0 sp=0x0000005b561fc440
Event: 864.642 Thread 0x000001cb31c63800 DEOPT UNPACKING pc=0x000001cb09b1a1af sp=0x0000005b561fc3d8 mode 2
Event: 864.642 Thread 0x000001cb31c63800 Uncommon trap: trap_request=0xffffffbe fr.pc=0x000001cb119ecfb0 relative=0x0000000000004fd0
Event: 864.642 Thread 0x000001cb31c63800 Uncommon trap: reason=profile_predicate action=maybe_recompile pc=0x000001cb119ecfb0 method=javafx.scene.CssStyleHelper.transitionToState(Ljavafx/scene/Node;)V @ 291 c2
Event: 864.642 Thread 0x000001cb31c63800 DEOPT PACKING pc=0x000001cb119ecfb0 sp=0x0000005b561fc380
Event: 864.642 Thread 0x000001cb31c63800 DEOPT UNPACKING pc=0x000001cb09b1a1af sp=0x0000005b561fc318 mode 2
Event: 864.642 Thread 0x000001cb31c63800 Uncommon trap: trap_request=0xffffffbe fr.pc=0x000001cb119ecfb0 relative=0x0000000000004fd0
Event: 864.642 Thread 0x000001cb31c63800 Uncommon trap: reason=profile_predicate action=maybe_recompile pc=0x000001cb119ecfb0 method=javafx.scene.CssStyleHelper.transitionToState(Ljavafx/scene/Node;)V @ 291 c2
Event: 864.642 Thread 0x000001cb31c63800 DEOPT PACKING pc=0x000001cb119ecfb0 sp=0x0000005b561fc440
Event: 864.642 Thread 0x000001cb31c63800 DEOPT UNPACKING pc=0x000001cb09b1a1af sp=0x0000005b561fc3d8 mode 2
Event: 864.642 Thread 0x000001cb31c63800 Uncommon trap: trap_request=0xffffffbe fr.pc=0x000001cb119ecfb0 relative=0x0000000000004fd0
Event: 864.642 Thread 0x000001cb31c63800 Uncommon trap: reason=profile_predicate action=maybe_recompile pc=0x000001cb119ecfb0 method=javafx.scene.CssStyleHelper.transitionToState(Ljavafx/scene/Node;)V @ 291 c2
Event: 864.642 Thread 0x000001cb31c63800 DEOPT PACKING pc=0x000001cb119ecfb0 sp=0x0000005b561fc380
Event: 864.642 Thread 0x000001cb31c63800 DEOPT UNPACKING pc=0x000001cb09b1a1af sp=0x0000005b561fc318 mode 2

Classes redefined (0 events):
No events

Internal exceptions (20 events):
Event: 840.897 Thread 0x000001cb31c63800 Exception <a 'javafx/scene/media/MediaException'{0x00000006236d21b0}> (0x00000006236d21b0) thrown at [s\src\hotspot\share\prims\jvm.cpp, line 1310]
Event: 840.906 Thread 0x000001cb31c63800 Exception <a 'java/lang/NoSuchMethodError'{0x0000000623747358}: 'java.lang.Object java.lang.invoke.DirectMethodHandle$Holder.invokeSpecial(java.lang.Object, java.lang.Object, int, int, int, java.lang.Object, java.lang.Object, java.lang.Object, java.lang.Object)'> (0x0000000623747358) thrown at [s\src\hotspot\share\interpreter\linkResolver.cpp, line 773]
Event: 840.906 Thread 0x000001cb31c63800 Exception <a 'java/lang/NoSuchMethodError'{0x000000062374ab10}: 'java.lang.Object java.lang.invoke.DelegatingMethodHandle$Holder.reinvoke_L(java.lang.Object, int, int, int, java.lang.Object, java.lang.Object, java.lang.Object, java.lang.Object)'> (0x000000062374ab10) thrown at [s\src\hotspot\share\interpreter\linkResolver.cpp, line 773]
Event: 840.907 Thread 0x000001cb31c63800 Exception <a 'java/lang/NoSuchMethodError'{0x0000000623752530}: 'java.lang.Object java.lang.invoke.DirectMethodHandle$Holder.invokeStatic(java.lang.Object, java.lang.Object, java.lang.Object, java.lang.Object, java.lang.Object, int)'> (0x0000000623752530) thrown at [s\src\hotspot\share\interpreter\linkResolver.cpp, line 773]
Event: 840.930 Thread 0x000001cb31c63800 Exception <a 'sun/nio/fs/WindowsException'{0x00000006237de6e8}> (0x00000006237de6e8) thrown at [s\src\hotspot\share\prims\jni.cpp, line 617]
Event: 840.932 Thread 0x000001cb31c63800 Exception <a 'sun/nio/fs/WindowsException'{0x00000006237df4b0}> (0x00000006237df4b0) thrown at [s\src\hotspot\share\prims\jni.cpp, line 617]
Event: 840.975 Thread 0x000001cb31c63800 Exception <a 'java/lang/NoSuchMethodError'{0x0000000623482c38}: 'java.lang.Object java.lang.invoke.DelegatingMethodHandle$Holder.reinvoke_L(java.lang.Object, java.lang.Object, int, int, long, int, java.lang.Object, java.lang.Object, java.lang.Object, int)'> (0x0000000623482c38) thrown at [s\src\hotspot\share\interpreter\linkResolver.cpp, line 773]
Event: 840.977 Thread 0x000001cb31c63800 Exception <a 'java/lang/NoSuchMethodError'{0x00000006234e1b40}: 'java.lang.Object java.lang.invoke.DirectMethodHandle$Holder.invokeSpecial(java.lang.Object, java.lang.Object, int, int, int, long, int, java.lang.Object, java.lang.Object, java.lang.Object, int)'> (0x00000006234e1b40) thrown at [s\src\hotspot\share\interpreter\linkResolver.cpp, line 773]
Event: 840.977 Thread 0x000001cb31c63800 Exception <a 'java/lang/NoSuchMethodError'{0x00000006234e53e8}: 'java.lang.Object java.lang.invoke.DelegatingMethodHandle$Holder.reinvoke_L(java.lang.Object, int, int, int, long, int, java.lang.Object, java.lang.Object, java.lang.Object, int)'> (0x00000006234e53e8) thrown at [s\src\hotspot\share\interpreter\linkResolver.cpp, line 773]
Event: 841.024 Thread 0x000001cb31c63800 Exception <a 'java/lang/NoSuchMethodError'{0x00000006235884e0}: 'java.lang.Object java.lang.invoke.DelegatingMethodHandle$Holder.reinvoke_L(java.lang.Object, java.lang.Object, int, int, long, int, int, java.lang.Object, java.lang.Object, int)'> (0x00000006235884e0) thrown at [s\src\hotspot\share\interpreter\linkResolver.cpp, line 773]
Event: 841.026 Thread 0x000001cb31c63800 Exception <a 'java/lang/NoSuchMethodError'{0x00000006235e60a0}: 'java.lang.Object java.lang.invoke.DirectMethodHandle$Holder.invokeSpecial(java.lang.Object, java.lang.Object, int, int, int, long, int, int, java.lang.Object, java.lang.Object, int)'> (0x00000006235e60a0) thrown at [s\src\hotspot\share\interpreter\linkResolver.cpp, line 773]
Event: 841.027 Thread 0x000001cb31c63800 Exception <a 'java/lang/NoSuchMethodError'{0x00000006235e9840}: 'java.lang.Object java.lang.invoke.DelegatingMethodHandle$Holder.reinvoke_L(java.lang.Object, int, int, int, long, int, int, java.lang.Object, java.lang.Object, int)'> (0x00000006235e9840) thrown at [s\src\hotspot\share\interpreter\linkResolver.cpp, line 773]
Event: 841.043 Thread 0x000001cb31c63800 Exception <a 'java/io/FileNotFoundException'{0x0000000623214f78}> (0x0000000623214f78) thrown at [s\src\hotspot\share\prims\jni.cpp, line 617]
Event: 841.044 Thread 0x000001cb31c63800 Exception <a 'java/io/FileNotFoundException'{0x0000000623215e78}> (0x0000000623215e78) thrown at [s\src\hotspot\share\prims\jni.cpp, line 617]
Event: 841.044 Thread 0x000001cb31c63800 Exception <a 'java/io/FileNotFoundException'{0x0000000623216c80}> (0x0000000623216c80) thrown at [s\src\hotspot\share\prims\jni.cpp, line 617]
Event: 841.044 Thread 0x000001cb31c63800 Exception <a 'java/io/FileNotFoundException'{0x0000000623217b80}> (0x0000000623217b80) thrown at [s\src\hotspot\share\prims\jni.cpp, line 617]
Event: 841.045 Thread 0x000001cb31c63800 Exception <a 'java/io/FileNotFoundException'{0x0000000623218b00}> (0x0000000623218b00) thrown at [s\src\hotspot\share\prims\jni.cpp, line 617]
Event: 841.045 Thread 0x000001cb31c63800 Exception <a 'java/io/FileNotFoundException'{0x00000006232197c8}> (0x00000006232197c8) thrown at [s\src\hotspot\share\prims\jni.cpp, line 617]
Event: 841.046 Thread 0x000001cb31c63800 Exception <a 'java/io/FileNotFoundException'{0x000000062321a8f0}> (0x000000062321a8f0) thrown at [s\src\hotspot\share\prims\jni.cpp, line 617]
Event: 841.046 Thread 0x000001cb31c63800 Exception <a 'java/io/FileNotFoundException'{0x000000062321b9d8}> (0x000000062321b9d8) thrown at [s\src\hotspot\share\prims\jni.cpp, line 617]

Events (20 events):
Event: 850.260 Executing VM operation: RevokeBias
Event: 850.261 Executing VM operation: RevokeBias done
Event: 850.650 Executing VM operation: RevokeBias
Event: 850.650 Executing VM operation: RevokeBias done
Event: 851.053 Executing VM operation: RevokeBias
Event: 851.053 Executing VM operation: RevokeBias done
Event: 851.444 Thread 0x000001cbcdf41000 Thread exited: 0x000001cbcdf41000
Event: 851.457 Executing VM operation: RevokeBias
Event: 851.457 Executing VM operation: RevokeBias done
Event: 851.843 Executing VM operation: RevokeBias
Event: 851.843 Executing VM operation: RevokeBias done
Event: 852.254 Executing VM operation: RevokeBias
Event: 852.255 Executing VM operation: RevokeBias done
Event: 852.656 Executing VM operation: RevokeBias
Event: 852.656 Executing VM operation: RevokeBias done
Event: 853.039 Executing VM operation: BulkRevokeBias
Event: 853.039 Executing VM operation: BulkRevokeBias done
Event: 859.043 Thread 0x000001cbce10c800 Thread exited: 0x000001cbce10c800
Event: 864.215 Loaded shared library C:\Users\aldebran\.jdks\corretto-11.0.20\bin\java.dll
Event: 865.850 Thread 0x000001cbce10c800 Thread added: 0x000001cbce10c800


Dynamic libraries:
0x00007ff70b530000 - 0x00007ff70b53d000 	C:\Users\aldebran\.jdks\corretto-11.0.20\bin\java.exe
0x00007fffc3c90000 - 0x00007fffc3ea4000 	C:\WINDOWS\SYSTEM32\ntdll.dll
0x00007fffc2650000 - 0x00007fffc2714000 	C:\WINDOWS\System32\KERNEL32.DLL
0x00007fffc1300000 - 0x00007fffc16a4000 	C:\WINDOWS\System32\KERNELBASE.dll
0x00007fffc1880000 - 0x00007fffc1991000 	C:\WINDOWS\System32\ucrtbase.dll
0x00007fff94920000 - 0x00007fff94937000 	C:\Users\aldebran\.jdks\corretto-11.0.20\bin\jli.dll
0x00007fff94940000 - 0x00007fff94959000 	C:\Users\aldebran\.jdks\corretto-11.0.20\bin\VCRUNTIME140.dll
0x00007fffc24a0000 - 0x00007fffc264a000 	C:\WINDOWS\System32\USER32.dll
0x00007fffc1a20000 - 0x00007fffc1a46000 	C:\WINDOWS\System32\win32u.dll
0x00007fffc1e30000 - 0x00007fffc1e59000 	C:\WINDOWS\System32\GDI32.dll
0x00007fffc1070000 - 0x00007fffc1189000 	C:\WINDOWS\System32\gdi32full.dll
0x00007fffc1720000 - 0x00007fffc17ba000 	C:\WINDOWS\System32\msvcp_win.dll
0x00007fffa06b0000 - 0x00007fffa093f000 	C:\WINDOWS\WinSxS\amd64_microsoft.windows.common-controls_6595b64144ccf1df_6.0.22621.2070_none_2713e6537381f706\COMCTL32.dll
0x00007fffc1c30000 - 0x00007fffc1cd7000 	C:\WINDOWS\System32\msvcrt.dll
0x00007fffc31a0000 - 0x00007fffc31d1000 	C:\WINDOWS\System32\IMM32.DLL
0x0000000069080000 - 0x000000006908c000 	D:\Program Files (x86)\360\360Safe\safemon\SafeWrapper.dll
0x00007fffc1b70000 - 0x00007fffc1c20000 	C:\WINDOWS\System32\ADVAPI32.dll
0x00007fffc1ce0000 - 0x00007fffc1d86000 	C:\WINDOWS\System32\sechost.dll
0x00007fffc1a50000 - 0x00007fffc1b67000 	C:\WINDOWS\System32\RPCRT4.dll
0x00007fffaed40000 - 0x00007fffaedeb000 	D:\Program Files (x86)\360\360Safe\safemon\libzdtp64.dll
0x00007fffc3300000 - 0x00007fffc3b16000 	C:\WINDOWS\System32\SHELL32.dll
0x00007fffc30e0000 - 0x00007fffc313e000 	C:\WINDOWS\System32\SHLWAPI.dll
0x00007fffc0cd0000 - 0x00007fffc0cda000 	C:\WINDOWS\SYSTEM32\VERSION.dll
0x00007fff94880000 - 0x00007fff9491b000 	C:\Users\aldebran\.jdks\corretto-11.0.20\bin\msvcp140.dll
0x00007ffe5da90000 - 0x00007ffe5e61b000 	C:\Users\aldebran\.jdks\corretto-11.0.20\bin\server\jvm.dll
0x00007fffc2d60000 - 0x00007fffc2d68000 	C:\WINDOWS\System32\PSAPI.DLL
0x00007fffb6d10000 - 0x00007fffb6d44000 	C:\WINDOWS\SYSTEM32\WINMM.dll
0x00007fffbb5e0000 - 0x00007fffbb5e9000 	C:\WINDOWS\SYSTEM32\WSOCK32.dll
0x00007fffc2fb0000 - 0x00007fffc3021000 	C:\WINDOWS\System32\WS2_32.dll
0x00007fffc00a0000 - 0x00007fffc00b8000 	C:\WINDOWS\SYSTEM32\kernel.appcore.dll
0x00007fff84160000 - 0x00007fff84170000 	C:\Users\aldebran\.jdks\corretto-11.0.20\bin\verify.dll
0x00007fffbea50000 - 0x00007fffbec7e000 	C:\WINDOWS\SYSTEM32\DBGHELP.DLL
0x00007fffc2830000 - 0x00007fffc2bba000 	C:\WINDOWS\System32\combase.dll
0x00007fffc2bc0000 - 0x00007fffc2c97000 	C:\WINDOWS\System32\OLEAUT32.dll
0x00007fff9abe0000 - 0x00007fff9ac12000 	C:\WINDOWS\SYSTEM32\dbgcore.DLL
0x00007fffc19a0000 - 0x00007fffc1a1a000 	C:\WINDOWS\System32\bcryptPrimitives.dll
0x00007fff94850000 - 0x00007fff94878000 	C:\Users\aldebran\.jdks\corretto-11.0.20\bin\java.dll
0x00007fff94840000 - 0x00007fff9484a000 	C:\Users\aldebran\.jdks\corretto-11.0.20\bin\jimage.dll
0x00007fff94610000 - 0x00007fff9461e000 	C:\Users\aldebran\.jdks\corretto-11.0.20\bin\instrument.dll
0x00007fff947b0000 - 0x00007fff947c8000 	C:\Users\aldebran\.jdks\corretto-11.0.20\bin\zip.dll
0x00007fffbef90000 - 0x00007fffbf87a000 	C:\WINDOWS\SYSTEM32\windows.storage.dll
0x00007fffbee50000 - 0x00007fffbef8e000 	C:\WINDOWS\SYSTEM32\wintypes.dll
0x00007fffc31e0000 - 0x00007fffc32d3000 	C:\WINDOWS\System32\SHCORE.dll
0x00007fffc0fa0000 - 0x00007fffc0fc6000 	C:\WINDOWS\SYSTEM32\profapi.dll
0x00007fff94790000 - 0x00007fff947a9000 	C:\Users\aldebran\.jdks\corretto-11.0.20\bin\net.dll
0x00007fffb81a0000 - 0x00007fffb82d7000 	C:\WINDOWS\SYSTEM32\WINHTTP.dll
0x00007fffc0570000 - 0x00007fffc05d9000 	C:\WINDOWS\system32\mswsock.dll
0x00007fff94770000 - 0x00007fff94783000 	C:\Users\aldebran\.jdks\corretto-11.0.20\bin\nio.dll
0x00007fff945f0000 - 0x00007fff9460a000 	D:\Program Files\JetBrains\IntelliJ IDEA Community Edition 2023.1.3\bin\breakgen64.dll
0x000001cb33b80000 - 0x000001cb33b83000 	C:\Users\aldebran\.openjfx\cache\17.0.6\api-ms-win-core-console-l1-1-0.dll
0x000001cb33b90000 - 0x000001cb33b93000 	C:\Users\aldebran\.openjfx\cache\17.0.6\api-ms-win-core-console-l1-2-0.dll
0x000001cb33ba0000 - 0x000001cb33ba3000 	C:\Users\aldebran\.openjfx\cache\17.0.6\api-ms-win-core-datetime-l1-1-0.dll
0x000001cb33bb0000 - 0x000001cb33bb3000 	C:\Users\aldebran\.openjfx\cache\17.0.6\api-ms-win-core-debug-l1-1-0.dll
0x000001cb33df0000 - 0x000001cb33df3000 	C:\Users\aldebran\.openjfx\cache\17.0.6\api-ms-win-core-errorhandling-l1-1-0.dll
0x000001cb33e00000 - 0x000001cb33e04000 	C:\Users\aldebran\.openjfx\cache\17.0.6\api-ms-win-core-file-l1-1-0.dll
0x000001cb33e10000 - 0x000001cb33e13000 	C:\Users\aldebran\.openjfx\cache\17.0.6\api-ms-win-core-file-l1-2-0.dll
0x000001cb33e20000 - 0x000001cb33e23000 	C:\Users\aldebran\.openjfx\cache\17.0.6\api-ms-win-core-file-l2-1-0.dll
0x000001cb33e30000 - 0x000001cb33e33000 	C:\Users\aldebran\.openjfx\cache\17.0.6\api-ms-win-core-handle-l1-1-0.dll
0x000001cb33e40000 - 0x000001cb33e43000 	C:\Users\aldebran\.openjfx\cache\17.0.6\api-ms-win-core-heap-l1-1-0.dll
0x000001cb33bc0000 - 0x000001cb33bc3000 	C:\Users\aldebran\.openjfx\cache\17.0.6\api-ms-win-core-interlocked-l1-1-0.dll
0x000001cb33bd0000 - 0x000001cb33bd3000 	C:\Users\aldebran\.openjfx\cache\17.0.6\api-ms-win-core-libraryloader-l1-1-0.dll
0x000001cb33be0000 - 0x000001cb33be3000 	C:\Users\aldebran\.openjfx\cache\17.0.6\api-ms-win-core-localization-l1-2-0.dll
0x000001cb33bf0000 - 0x000001cb33bf3000 	C:\Users\aldebran\.openjfx\cache\17.0.6\api-ms-win-core-memory-l1-1-0.dll
0x000001cb33c00000 - 0x000001cb33c03000 	C:\Users\aldebran\.openjfx\cache\17.0.6\api-ms-win-core-namedpipe-l1-1-0.dll
0x000001cb33c10000 - 0x000001cb33c13000 	C:\Users\aldebran\.openjfx\cache\17.0.6\api-ms-win-core-processenvironment-l1-1-0.dll
0x000001cb33c20000 - 0x000001cb33c23000 	C:\Users\aldebran\.openjfx\cache\17.0.6\api-ms-win-core-processthreads-l1-1-0.dll
0x000001cb33c30000 - 0x000001cb33c33000 	C:\Users\aldebran\.openjfx\cache\17.0.6\api-ms-win-core-processthreads-l1-1-1.dll
0x000001cb33c40000 - 0x000001cb33c43000 	C:\Users\aldebran\.openjfx\cache\17.0.6\api-ms-win-core-profile-l1-1-0.dll
0x000001cb33c50000 - 0x000001cb33c53000 	C:\Users\aldebran\.openjfx\cache\17.0.6\api-ms-win-core-rtlsupport-l1-1-0.dll
0x000001cb33c60000 - 0x000001cb33c63000 	C:\Users\aldebran\.openjfx\cache\17.0.6\api-ms-win-core-string-l1-1-0.dll
0x000001cb33c70000 - 0x000001cb33c73000 	C:\Users\aldebran\.openjfx\cache\17.0.6\api-ms-win-core-synch-l1-1-0.dll
0x000001cb33c80000 - 0x000001cb33c83000 	C:\Users\aldebran\.openjfx\cache\17.0.6\api-ms-win-core-synch-l1-2-0.dll
0x000001cb33c90000 - 0x000001cb33c93000 	C:\Users\aldebran\.openjfx\cache\17.0.6\api-ms-win-core-sysinfo-l1-1-0.dll
0x000001cb33ca0000 - 0x000001cb33ca3000 	C:\Users\aldebran\.openjfx\cache\17.0.6\api-ms-win-core-timezone-l1-1-0.dll
0x000001cb33cb0000 - 0x000001cb33cb3000 	C:\Users\aldebran\.openjfx\cache\17.0.6\api-ms-win-core-util-l1-1-0.dll
0x000001cb33cc0000 - 0x000001cb33cc3000 	C:\Users\aldebran\.openjfx\cache\17.0.6\api-ms-win-crt-conio-l1-1-0.dll
0x000001cb33cd0000 - 0x000001cb33cd4000 	C:\Users\aldebran\.openjfx\cache\17.0.6\api-ms-win-crt-convert-l1-1-0.dll
0x000001cb33ce0000 - 0x000001cb33ce3000 	C:\Users\aldebran\.openjfx\cache\17.0.6\api-ms-win-crt-environment-l1-1-0.dll
0x000001cb33cf0000 - 0x000001cb33cf3000 	C:\Users\aldebran\.openjfx\cache\17.0.6\api-ms-win-crt-filesystem-l1-1-0.dll
0x000001cb33d00000 - 0x000001cb33d03000 	C:\Users\aldebran\.openjfx\cache\17.0.6\api-ms-win-crt-heap-l1-1-0.dll
0x000001cb33d10000 - 0x000001cb33d13000 	C:\Users\aldebran\.openjfx\cache\17.0.6\api-ms-win-crt-locale-l1-1-0.dll
0x000001cb33d20000 - 0x000001cb33d25000 	C:\Users\aldebran\.openjfx\cache\17.0.6\api-ms-win-crt-math-l1-1-0.dll
0x000001cb33d30000 - 0x000001cb33d35000 	C:\Users\aldebran\.openjfx\cache\17.0.6\api-ms-win-crt-multibyte-l1-1-0.dll
0x000001cb33d40000 - 0x000001cb33d50000 	C:\Users\aldebran\.openjfx\cache\17.0.6\api-ms-win-crt-private-l1-1-0.dll
0x000001cb33d50000 - 0x000001cb33d53000 	C:\Users\aldebran\.openjfx\cache\17.0.6\api-ms-win-crt-process-l1-1-0.dll
0x000001cb33d60000 - 0x000001cb33d64000 	C:\Users\aldebran\.openjfx\cache\17.0.6\api-ms-win-crt-runtime-l1-1-0.dll
0x000001cb33d70000 - 0x000001cb33d74000 	C:\Users\aldebran\.openjfx\cache\17.0.6\api-ms-win-crt-stdio-l1-1-0.dll
0x000001cb33d80000 - 0x000001cb33d84000 	C:\Users\aldebran\.openjfx\cache\17.0.6\api-ms-win-crt-string-l1-1-0.dll
0x000001cb33d90000 - 0x000001cb33d93000 	C:\Users\aldebran\.openjfx\cache\17.0.6\api-ms-win-crt-time-l1-1-0.dll
0x000001cb33da0000 - 0x000001cb33da3000 	C:\Users\aldebran\.openjfx\cache\17.0.6\api-ms-win-crt-utility-l1-1-0.dll
0x00007ffdcf910000 - 0x00007ffdcfa0c000 	C:\Users\aldebran\.openjfx\cache\17.0.6\ucrtbase.dll
0x00007fff93cb0000 - 0x00007fff93cca000 	C:\Users\aldebran\.openjfx\cache\17.0.6\vcruntime140.dll
0x00007fff945e0000 - 0x00007fff945ec000 	C:\Users\aldebran\.openjfx\cache\17.0.6\vcruntime140_1.dll
0x00007fff84010000 - 0x00007fff8409d000 	C:\Users\aldebran\.openjfx\cache\17.0.6\msvcp140.dll
0x00007fff921f0000 - 0x00007fff921f9000 	C:\Users\aldebran\.openjfx\cache\17.0.6\msvcp140_1.dll
0x00007fff921c0000 - 0x00007fff921ef000 	C:\Users\aldebran\.openjfx\cache\17.0.6\msvcp140_2.dll
0x00007fff92050000 - 0x00007fff9207a000 	C:\Users\aldebran\.openjfx\cache\17.0.6\prism_d3d.dll
0x00007fffaf9e0000 - 0x00007fffafb89000 	C:\WINDOWS\system32\d3d9.dll
0x00007fffbb9b0000 - 0x00007fffbb9db000 	C:\WINDOWS\SYSTEM32\dwmapi.dll
0x00007fffbe470000 - 0x00007fffbe4a8000 	C:\WINDOWS\SYSTEM32\dxcore.dll
0x00007fffbb720000 - 0x00007fffbb7cb000 	C:\WINDOWS\system32\uxtheme.dll
0x00007fff65020000 - 0x00007fff650d0000 	C:\WINDOWS\System32\DriverStore\FileRepository\nvhm.inf_amd64_4a2f8a62d5686839\nvldumdx.dll
0x00007fffc0840000 - 0x00007fffc0852000 	C:\WINDOWS\SYSTEM32\msasn1.dll
0x00007fffb4f60000 - 0x00007fffb4f92000 	C:\WINDOWS\SYSTEM32\cryptnet.dll
0x00007fffc1190000 - 0x00007fffc12f7000 	C:\WINDOWS\System32\CRYPT32.dll
0x00007fffb4e00000 - 0x00007fffb4f58000 	C:\WINDOWS\SYSTEM32\drvstore.dll
0x00007fffc0ce0000 - 0x00007fffc0d0c000 	C:\WINDOWS\SYSTEM32\devobj.dll
0x00007fffc0d10000 - 0x00007fffc0d5e000 	C:\WINDOWS\SYSTEM32\CFGMGR32.dll
0x00007fffc08d0000 - 0x00007fffc091b000 	C:\WINDOWS\SYSTEM32\wldp.dll
0x00007fffc0800000 - 0x00007fffc080c000 	C:\WINDOWS\SYSTEM32\cryptbase.dll
0x00007fffc16b0000 - 0x00007fffc171b000 	C:\WINDOWS\System32\WINTRUST.DLL
0x00007fffc1e10000 - 0x00007fffc1e2f000 	C:\WINDOWS\System32\imagehlp.dll
0x00007fffc07e0000 - 0x00007fffc07fb000 	C:\WINDOWS\SYSTEM32\CRYPTSP.dll
0x00007fffc0060000 - 0x00007fffc0095000 	C:\WINDOWS\system32\rsaenh.dll
0x00007fffc09c0000 - 0x00007fffc09e8000 	C:\WINDOWS\SYSTEM32\bcrypt.dll
0x00007fff60c40000 - 0x00007fff623cc000 	C:\WINDOWS\System32\DriverStore\FileRepository\nvhm.inf_amd64_4a2f8a62d5686839\nvd3dumx.dll
0x00007fffb6f40000 - 0x00007fffb6f8a000 	C:\WINDOWS\SYSTEM32\directxdatabasehelper.dll
0x00007fff84110000 - 0x00007fff84152000 	C:\Users\aldebran\.openjfx\cache\17.0.6\glass.dll
0x00007fffc2720000 - 0x00007fffc2817000 	C:\WINDOWS\System32\COMDLG32.dll
0x00007fffc2d70000 - 0x00007fffc2f0c000 	C:\WINDOWS\System32\ole32.dll
0x00007fffc3b20000 - 0x00007fffc3c47000 	C:\WINDOWS\System32\MSCTF.dll
0x00007fff60130000 - 0x00007fff603f7000 	C:\WINDOWS\system32\nvspcap64.dll
0x00007fffc0110000 - 0x00007fffc0144000 	C:\WINDOWS\SYSTEM32\ntmarta.dll
0x00007fffc0600000 - 0x00007fffc0626000 	C:\WINDOWS\SYSTEM32\gpapi.dll
0x00007fff92030000 - 0x00007fff92044000 	C:\Users\aldebran\.openjfx\cache\17.0.6\javafx_font.dll
0x00007ffdcb4d0000 - 0x00007ffdcf90c000 	C:\Users\aldebran\.openjfx\cache\17.0.6\jfxwebkit.dll
0x00007fffb9630000 - 0x00007fffb9897000 	C:\WINDOWS\SYSTEM32\dwrite.dll
0x00007fffc3030000 - 0x00007fffc30e0000 	C:\WINDOWS\System32\clbcatq.dll

dbghelp: loaded successfully - version: 4.0.5 - missing functions: none
symbol engine: initialized successfully - sym options: 0x614 - pdb path: .;C:\Users\aldebran\.jdks\corretto-11.0.20\bin;C:\WINDOWS\SYSTEM32;C:\WINDOWS\WinSxS\amd64_microsoft.windows.common-controls_6595b64144ccf1df_6.0.22621.2070_none_2713e6537381f706;D:\Program Files (x86)\360\360Safe\safemon;C:\Users\aldebran\.jdks\corretto-11.0.20\bin\server;D:\Program Files\JetBrains\IntelliJ IDEA Community Edition 2023.1.3\bin;C:\Users\aldebran\.openjfx\cache\17.0.6;C:\WINDOWS\System32\DriverStore\FileRepository\nvhm.inf_amd64_4a2f8a62d5686839;C:\Program Files\Common Files\Microsoft Shared\Ink

VM Arguments:
jvm_args: -javaagent:D:\Program Files\JetBrains\IntelliJ IDEA Community Edition 2023.1.3\lib\idea_rt.jar=50792:D:\Program Files\JetBrains\IntelliJ IDEA Community Edition 2023.1.3\bin -Dfile.encoding=UTF-8 --module-path=C:\Users\aldebran\.m2\repository\cn\hutool\hutool-all\5.8.21\hutool-all-5.8.21.jar;C:\Users\aldebran\.m2\repository\org\jetbrains\kotlin\kotlin-reflect\1.8.10\kotlin-reflect-1.8.10.jar;C:\Users\aldebran\.m2\repository\org\openjfx\javafx-graphics\17.0.6\javafx-graphics-17.0.6-win.jar;C:\Users\aldebran\.m2\repository\org\openjfx\javafx-base\17.0.6\javafx-base-17.0.6-win.jar;C:\Users\aldebran\.m2\repository\org\kordamp\bootstrapfx\bootstrapfx-core\0.4.0\bootstrapfx-core-0.4.0.jar;C:\Users\aldebran\.m2\repository\org\openjfx\javafx-web\17.0.6\javafx-web-17.0.6-win.jar;C:\Users\aldebran\.m2\repository\org\openjfx\javafx-media\17.0.6\javafx-media-17.0.6-win.jar;C:\Users\aldebran\.m2\repository\org\jetbrains\kotlin\kotlin-stdlib\1.8.10\kotlin-stdlib-1.8.10.jar;C:\Users\aldebran\.m2\repository\com\alibaba\fastjson\1.2.68\fastjson-1.2.68.jar;C:\Users\aldebran\.m2\repository\org\openjfx\javafx-controls\17.0.6\javafx-controls-17.0.6-win.jar;D:\user_dir\code\javafx_demo2\target\classes;C:\Users\aldebran\.m2\repository\com\squareup\okhttp3\okhttp-jvm\5.0.0-alpha.11\okhttp-jvm-5.0.0-alpha.11.jar;C:\Users\aldebran\.m2\repository\org\openjfx\javafx-fxml\17.0.6\javafx-fxml-17.0.6-win.jar -Djdk.module.main=com.example.javafx_demo2 
java_command: com.example.javafx_demo2/com.example.benben_front.HelloApplicationKt
java_class_path (initial): C:\Users\aldebran\.m2\repository\org\openjfx\javafx-controls\17.0.6\javafx-controls-17.0.6.jar;C:\Users\aldebran\.m2\repository\org\openjfx\javafx-graphics\17.0.6\javafx-graphics-17.0.6.jar;C:\Users\aldebran\.m2\repository\org\openjfx\javafx-base\17.0.6\javafx-base-17.0.6.jar;C:\Users\aldebran\.m2\repository\org\openjfx\javafx-fxml\17.0.6\javafx-fxml-17.0.6.jar;C:\Users\aldebran\.m2\repository\org\openjfx\javafx-web\17.0.6\javafx-web-17.0.6.jar;C:\Users\aldebran\.m2\repository\org\openjfx\javafx-media\17.0.6\javafx-media-17.0.6.jar;C:\Users\aldebran\.m2\repository\org\jetbrains\kotlin\kotlin-stdlib-jdk8\1.8.10\kotlin-stdlib-jdk8-1.8.10.jar;C:\Users\aldebran\.m2\repository\org\jetbrains\kotlin\kotlin-stdlib-common\1.8.10\kotlin-stdlib-common-1.8.10.jar;C:\Users\aldebran\.m2\repository\org\jetbrains\annotations\13.0\annotations-13.0.jar;C:\Users\aldebran\.m2\repository\org\jetbrains\kotlin\kotlin-stdlib-jdk7\1.8.10\kotlin-stdlib-jdk7-1.8.10.jar;C:\Users\aldebran\.m2\repository\com\squareup\okhttp3\okhttp\5.0.0-alpha.11\okhttp-5.0.0-alpha.11.jar;C:\Users\aldebran\.m2\repository\com\squareup\okio\okio-jvm\3.2.0\okio-jvm-3.2.0.jar
Launcher Type: SUN_STANDARD

[Global flags]
     intx CICompilerCount                          = 12                                        {product} {ergonomic}
     uint ConcGCThreads                            = 5                                         {product} {ergonomic}
     uint G1ConcRefinementThreads                  = 18                                        {product} {ergonomic}
   size_t G1HeapRegionSize                         = 2097152                                   {product} {ergonomic}
    uintx GCDrainStackTargetSize                   = 64                                        {product} {ergonomic}
   size_t InitialHeapSize                          = 532676608                                 {product} {ergonomic}
   size_t MarkStackSize                            = 4194304                                   {product} {ergonomic}
   size_t MaxHeapSize                              = 8503951360                                {product} {ergonomic}
   size_t MaxNewSize                               = 5102370816                                {product} {ergonomic}
   size_t MinHeapDeltaBytes                        = 2097152                                   {product} {ergonomic}
    uintx NonNMethodCodeHeapSize                   = 7594288                                {pd product} {ergonomic}
    uintx NonProfiledCodeHeapSize                  = 122031976                              {pd product} {ergonomic}
    uintx ProfiledCodeHeapSize                     = 122031976                              {pd product} {ergonomic}
    uintx ReservedCodeCacheSize                    = 251658240                              {pd product} {ergonomic}
     bool SegmentedCodeCache                       = true                                      {product} {ergonomic}
     bool UseCompressedClassPointers               = true                                 {lp64_product} {ergonomic}
     bool UseCompressedOops                        = true                                 {lp64_product} {ergonomic}
     bool UseG1GC                                  = true                                      {product} {ergonomic}
     bool UseLargePagesIndividualAllocation        = false                                  {pd product} {ergonomic}

Logging:
Log output configuration:
 #0: stdout all=warning uptime,level,tags
 #1: stderr all=off uptime,level,tags

Environment Variables:
CLASSPATH=D:\Program Files\Java\jdk-1.8\lib
PATH=C:\Program Files\NVIDIA GPU Computing Toolkit\CUDA\v11.6\bin;C:\Program Files\NVIDIA GPU Computing Toolkit\CUDA\v11.6\libnvvp;C:\windows\system32;C:\windows;C:\windows\System32\Wbem;C:\windows\System32\WindowsPowerShell\v1.0\;C:\windows\System32\OpenSSH\;C:\Program Files (x86)\NVIDIA Corporation\PhysX\Common;C:\Program Files\NVIDIA Corporation\NVIDIA NvDLISR;d:\Program Files (x86)\WinSCP\;D:\Program Files\PuTTY\;D:\Program Files\Git\cmd;;C:\Program Files\Docker\Docker\resources\bin;C:\Program Files\NVIDIA Corporation\Nsight Compute 2022.1.0\;C:\WINDOWS\system32;C:\WINDOWS;C:\WINDOWS\System32\Wbem;C:\WINDOWS\System32\WindowsPowerShell\v1.0\;C:\WINDOWS\System32\OpenSSH\;C:\Program Files\PowerShell\7\;D:\Applications\Scoop\apps\imagemagick\current;D:\Applications\Scoop\apps\nodejs-lts\current\bin;D:\Applications\Scoop\apps\nodejs-lts\current;D:\Applications\Scoop\shims;C:\Users\aldebran\scoop\shims;C:\Users\aldebran\AppData\Local\Microsoft\WindowsApps;D:\Program Files\Java\jdk-1.8\bin;D:\Users\aldebran\anaconda3\Scripts;D:\Program Files (x86)\Vim\vim90
USERNAME=aldebran
OS=Windows_NT
PROCESSOR_IDENTIFIER=Intel64 Family 6 Model 151 Stepping 2, GenuineIntel
TMP=C:\Users\aldebran\AppData\Local\Temp
TEMP=C:\Users\aldebran\AppData\Local\Temp



---------------  S Y S T E M  ---------------

OS: Windows 11 , 64 bit Build 22621 (10.0.22621.2070)
OS uptime: 0 days 0:20 hours
Hyper-V role detected

CPU:total 24 (initial active 24) (12 cores per cpu, 2 threads per core) family 6 model 151 stepping 2 microcode 0x23, cmov, cx8, fxsr, mmx, sse, sse2, sse3, ssse3, sse4.1, sse4.2, popcnt, avx, avx2, aes, clmul, erms, 3dnowpref, lzcnt, ht, tsc, tscinvbit, bmi1, bmi2, adx, sha, fma

Memory: 4k page, system-wide physical 32435M (1466M free)
TotalPageFile size 64301M (AvailPageFile size 0M)
current process WorkingSet (physical memory assigned to process): 361M, peak: 369M
current process commit charge ("private bytes"): 826M, peak: 835M

vm_info: OpenJDK 64-Bit Server VM (11.0.20+8-LTS) for windows-amd64 JRE (11.0.20+8-LTS), built on Jul 11 2023 19:58:45 by "Administrator" with MS VC++ 15.9 (VS2017)

END.
