#
# There is insufficient memory for the Java Runtime Environment to continue.
# Native memory allocation (malloc) failed to allocate 281136 bytes for Chunk::new
# Possible reasons:
#   The system is out of physical RAM or swap space
#   The process is running with CompressedOops enabled, and the Java Heap may be blocking the growth of the native heap
# Possible solutions:
#   Reduce memory load on the system
#   Increase physical memory or swap space
#   Check if swap backing store is full
#   Decrease Java heap size (-Xmx/-Xms)
#   Decrease number of Java threads
#   Decrease Java thread stack sizes (-Xss)
#   Set larger code cache with -XX:ReservedCodeCacheSize=
#   JVM is running with Zero Based Compressed Oops mode in which the Java heap is
#     placed in the first 32GB address space. The Java Heap base address is the
#     maximum limit for the native heap growth. Please use -XX:HeapBaseMinAddress
#     to set the Java Heap base and to place the Java Heap above 32GB virtual address.
# This output file may be truncated or incomplete.
#
#  Out of Memory Error (arena.cpp:197), pid=23968, tid=21340
#
# JRE version: OpenJDK Runtime Environment Corretto-11.0.20.8.1 (11.0.20+8) (build 11.0.20+8-LTS)
# Java VM: OpenJDK 64-Bit Server VM Corretto-11.0.20.8.1 (11.0.20+8-LTS, mixed mode, tiered, compressed oops, g1 gc, windows-amd64)
# No core dump will be written. Minidumps are not enabled by default on client versions of Windows
#

---------------  S U M M A R Y ------------

Command Line: -javaagent:D:\Program Files\JetBrains\IntelliJ IDEA Community Edition 2023.1.3\lib\idea_rt.jar=53827:D:\Program Files\JetBrains\IntelliJ IDEA Community Edition 2023.1.3\bin -Dfile.encoding=UTF-8 --module-path=C:\Users\aldebran\.m2\repository\org\openjfx\javafx-fxml\17.0.6\javafx-fxml-17.0.6-win.jar;C:\Users\aldebran\.m2\repository\com\alibaba\fastjson\1.2.68\fastjson-1.2.68.jar;C:\Users\aldebran\.m2\repository\org\openjfx\javafx-graphics\17.0.6\javafx-graphics-17.0.6-win.jar;C:\Users\aldebran\.m2\repository\com\squareup\okhttp3\okhttp-jvm\5.0.0-alpha.11\okhttp-jvm-5.0.0-alpha.11.jar;C:\Users\aldebran\.m2\repository\org\openjfx\javafx-base\17.0.6\javafx-base-17.0.6-win.jar;C:\Users\aldebran\.m2\repository\org\kordamp\bootstrapfx\bootstrapfx-core\0.4.0\bootstrapfx-core-0.4.0.jar;D:\user_dir\code\javafx_demo2\target\classes;C:\Users\aldebran\.m2\repository\org\openjfx\javafx-web\17.0.6\javafx-web-17.0.6-win.jar;C:\Users\aldebran\.m2\repository\cn\hutool\hutool-all\5.8.21\hutool-all-5.8.21.jar;C:\Users\aldebran\.m2\repository\org\openjfx\javafx-media\17.0.6\javafx-media-17.0.6-win.jar;C:\Users\aldebran\.m2\repository\org\jetbrains\kotlin\kotlin-reflect\1.8.10\kotlin-reflect-1.8.10.jar;C:\Users\aldebran\.m2\repository\org\openjfx\javafx-controls\17.0.6\javafx-controls-17.0.6-win.jar;C:\Users\aldebran\.m2\repository\org\jetbrains\kotlin\kotlin-stdlib\1.8.10\kotlin-stdlib-1.8.10.jar -Djdk.module.main=com.example.javafx_demo2 com.example.javafx_demo2/com.example.benben_front.HelloApplicationKt

Host: 12th Gen Intel(R) Core(TM) i9-12900HX, 24 cores, 31G,  Windows 11 , 64 bit Build 22621 (10.0.22621.2070)
Time: Fri Aug  4 20:23:33 2023  Windows 11 , 64 bit Build 22621 (10.0.22621.2070) elapsed time: 50.202278 seconds (0d 0h 0m 50s)

---------------  T H R E A D  ---------------

Current thread (0x0000025ee1469800):  JavaThread "C2 CompilerThread0" daemon [_thread_in_native, id=21340, stack(0x000000ae6e600000,0x000000ae6e700000)]


Current CompileTask:
C2:  50202 4437       4       java.io.WinNTFileSystem::normalize (143 bytes)

Stack: [0x000000ae6e600000,0x000000ae6e700000]
Native frames: (J=compiled Java code, j=interpreted, Vv=VM code, C=native code)
V  [jvm.dll+0x62418a]
V  [jvm.dll+0x7b1d69]
V  [jvm.dll+0x7b3458]
V  [jvm.dll+0x7b3b33]
V  [jvm.dll+0x250148]
V  [jvm.dll+0xc264c]
V  [jvm.dll+0xc2c0c]
V  [jvm.dll+0x2c4104]
V  [jvm.dll+0x532e5c]
V  [jvm.dll+0x21165b]
V  [jvm.dll+0x20b3c4]
V  [jvm.dll+0x2085db]
V  [jvm.dll+0x18a6b1]
V  [jvm.dll+0x217da4]
V  [jvm.dll+0x215feb]
V  [jvm.dll+0x774840]
V  [jvm.dll+0x76d634]
V  [jvm.dll+0x622ff5]
C  [ucrtbase.dll+0x29363]
C  [KERNEL32.DLL+0x126ad]
C  [ntdll.dll+0x5aa68]


---------------  P R O C E S S  ---------------

Threads class SMR info:
_java_thread_list=0x0000025ee3b9a6c0, length=23, elements={
0x0000025eb1df0800, 0x0000025ee13cb800, 0x0000025ee13f5800, 0x0000025ee1466000,
0x0000025ee1467000, 0x0000025ee1468000, 0x0000025ee1469800, 0x0000025ee1475000,
0x0000025ee147c000, 0x0000025ee0339800, 0x0000025ee1ed3000, 0x0000025ee334a800,
0x0000025ee3fb6800, 0x0000025ee3672800, 0x0000025ee3673000, 0x0000025ee208f000,
0x0000025ee4b7a000, 0x0000025ee4191000, 0x0000025ee57f3800, 0x0000025ee3fa5000,
0x0000025ee3fa4000, 0x0000025ee3fa5800, 0x0000025ee3fa3800
}

Java Threads: ( => current thread )
  0x0000025eb1df0800 JavaThread "main" [_thread_blocked, id=19560, stack(0x000000ae6da00000,0x000000ae6db00000)]
  0x0000025ee13cb800 JavaThread "Reference Handler" daemon [_thread_blocked, id=20564, stack(0x000000ae6e100000,0x000000ae6e200000)]
  0x0000025ee13f5800 JavaThread "Finalizer" daemon [_thread_blocked, id=23156, stack(0x000000ae6e200000,0x000000ae6e300000)]
  0x0000025ee1466000 JavaThread "Signal Dispatcher" daemon [_thread_blocked, id=12976, stack(0x000000ae6e300000,0x000000ae6e400000)]
  0x0000025ee1467000 JavaThread "Attach Listener" daemon [_thread_blocked, id=10908, stack(0x000000ae6e400000,0x000000ae6e500000)]
  0x0000025ee1468000 JavaThread "Service Thread" daemon [_thread_blocked, id=2112, stack(0x000000ae6e500000,0x000000ae6e600000)]
=>0x0000025ee1469800 JavaThread "C2 CompilerThread0" daemon [_thread_in_native, id=21340, stack(0x000000ae6e600000,0x000000ae6e700000)]
  0x0000025ee1475000 JavaThread "C1 CompilerThread0" daemon [_thread_in_native, id=22452, stack(0x000000ae6e700000,0x000000ae6e800000)]
  0x0000025ee147c000 JavaThread "Sweeper thread" daemon [_thread_blocked, id=12372, stack(0x000000ae6e800000,0x000000ae6e900000)]
  0x0000025ee0339800 JavaThread "Common-Cleaner" daemon [_thread_blocked, id=10460, stack(0x000000ae6e900000,0x000000ae6ea00000)]
  0x0000025ee1ed3000 JavaThread "Monitor Ctrl-Break" daemon [_thread_in_native, id=8460, stack(0x000000ae6f400000,0x000000ae6f500000)]
  0x0000025ee334a800 JavaThread "JavaFX-Launcher" [_thread_blocked, id=4852, stack(0x000000ae6f600000,0x000000ae6f700000)]
  0x0000025ee3fb6800 JavaThread "QuantumRenderer-0" daemon [_thread_blocked, id=19856, stack(0x000000ae70200000,0x000000ae70300000)]
  0x0000025ee3672800 JavaThread "InvokeLaterDispatcher" daemon [_thread_blocked, id=11212, stack(0x000000ae70400000,0x000000ae70500000)]
  0x0000025ee3673000 JavaThread "JavaFX Application Thread" [_thread_in_vm, id=21188, stack(0x000000ae70500000,0x000000ae70600000)]
  0x0000025ee208f000 JavaThread "Thread-2" daemon [_thread_in_native, id=14928, stack(0x000000ae6f100000,0x000000ae6f200000)]
  0x0000025ee4b7a000 JavaThread "Prism Font Disposer" daemon [_thread_blocked, id=5192, stack(0x000000ae6ee00000,0x000000ae6ef00000)]
  0x0000025ee4191000 JavaThread "Disposer" daemon [_thread_blocked, id=16524, stack(0x000000ae6f000000,0x000000ae6f100000)]
  0x0000025ee57f3800 JavaThread "Cleaner-0" daemon [_thread_blocked, id=21628, stack(0x000000ae70db0000,0x000000ae70eb0000)]
  0x0000025ee3fa5000 JavaThread "OkHttp TaskRunner" daemon [_thread_blocked, id=14636, stack(0x000000ae6ec00000,0x000000ae6ed00000)]
  0x0000025ee3fa4000 JavaThread "Okio Watchdog" daemon [_thread_blocked, id=23592, stack(0x000000ae710c0000,0x000000ae711c0000)]
  0x0000025ee3fa5800 JavaThread "Thread-5" [_thread_blocked, id=13004, stack(0x000000ae712c0000,0x000000ae713c0000)]
  0x0000025ee3fa3800 JavaThread "OkHttp TaskRunner" daemon [_thread_blocked, id=12964, stack(0x000000ae71dc0000,0x000000ae71ec0000)]

Other Threads:
  0x0000025ee13ca000 VMThread "VM Thread" [stack: 0x000000ae6e000000,0x000000ae6e100000] [id=4100]
  0x0000025ee39e2000 WatcherThread [stack: 0x000000ae6f500000,0x000000ae6f600000] [id=19400]
  0x0000025eb1e0c000 GCTaskThread "GC Thread#0" [stack: 0x000000ae6db00000,0x000000ae6dc00000] [id=2628]
  0x0000025ee4a86800 GCTaskThread "GC Thread#1" [stack: 0x000000ae6f700000,0x000000ae6f800000] [id=4988]
  0x0000025ee285c000 GCTaskThread "GC Thread#2" [stack: 0x000000ae6f800000,0x000000ae6f900000] [id=14384]
  0x0000025ee29e9800 GCTaskThread "GC Thread#3" [stack: 0x000000ae6f900000,0x000000ae6fa00000] [id=19460]
  0x0000025ee3f61000 GCTaskThread "GC Thread#4" [stack: 0x000000ae6fa00000,0x000000ae6fb00000] [id=4160]
  0x0000025ee3f61800 GCTaskThread "GC Thread#5" [stack: 0x000000ae6fb00000,0x000000ae6fc00000] [id=24728]
  0x0000025ee4a4b800 GCTaskThread "GC Thread#6" [stack: 0x000000ae6fc00000,0x000000ae6fd00000] [id=25236]
  0x0000025ee3cbd000 GCTaskThread "GC Thread#7" [stack: 0x000000ae6fd00000,0x000000ae6fe00000] [id=13248]
  0x0000025ee3cbe000 GCTaskThread "GC Thread#8" [stack: 0x000000ae6fe00000,0x000000ae6ff00000] [id=25092]
  0x0000025ee2539800 GCTaskThread "GC Thread#9" [stack: 0x000000ae6ff00000,0x000000ae70000000] [id=21576]
  0x0000025ee253a000 GCTaskThread "GC Thread#10" [stack: 0x000000ae70000000,0x000000ae70100000] [id=3384]
  0x0000025ee29df800 GCTaskThread "GC Thread#11" [stack: 0x000000ae70100000,0x000000ae70200000] [id=8088]
  0x0000025eb1e89800 ConcurrentGCThread "G1 Main Marker" [stack: 0x000000ae6dc00000,0x000000ae6dd00000] [id=15828]
  0x0000025eb1e8c000 ConcurrentGCThread "G1 Conc#0" [stack: 0x000000ae6dd00000,0x000000ae6de00000] [id=19564]
  0x0000025ee42e3800 ConcurrentGCThread "G1 Conc#1" [stack: 0x000000ae6f200000,0x000000ae6f300000] [id=8968]
  0x0000025ee4525000 ConcurrentGCThread "G1 Conc#2" [stack: 0x000000ae6f300000,0x000000ae6f400000] [id=4964]
  0x0000025ee4528000 ConcurrentGCThread "G1 Conc#3" [stack: 0x000000ae70800000,0x000000ae70900000] [id=11552]
  0x0000025ee4530800 ConcurrentGCThread "G1 Conc#4" [stack: 0x000000ae70900000,0x000000ae70a00000] [id=13936]
  0x0000025ee1240800 ConcurrentGCThread "G1 Refine#0" [stack: 0x000000ae6de00000,0x000000ae6df00000] [id=16772]
  0x0000025ee1241800 ConcurrentGCThread "G1 Young RemSet Sampling" [stack: 0x000000ae6df00000,0x000000ae6e000000] [id=24952]

Threads with active compile tasks:
C2 CompilerThread0    50302 4437       4       java.io.WinNTFileSystem::normalize (143 bytes)
C1 CompilerThread0    50302 4460       3       java.lang.invoke.LambdaFormEditor::makeArgumentCombinationForm (590 bytes)

VM state:not at safepoint (normal execution)

VM Mutex/Monitor currently owned by a thread: None

Heap address: 0x0000000605200000, size: 8110 MB, Compressed Oops mode: Zero based, Oop shift amount: 3
Narrow klass base: 0x0000000800000000, Narrow klass shift: 0
Compressed class space size: 1073741824 Address: 0x0000000800000000

Heap:
 garbage-first heap   total 520192K, used 40631K [0x0000000605200000, 0x0000000800000000)
  region size 2048K, 16 young (32768K), 7 survivors (14336K)
 Metaspace       used 37130K, capacity 38651K, committed 38832K, reserved 1083392K
  class space    used 4403K, capacity 5062K, committed 5120K, reserved 1048576K
Heap Regions: E=young(eden), S=young(survivor), O=old, HS=humongous(starts), HC=humongous(continues), CS=collection set, F=free, A=archive, TAMS=top-at-mark-start (previous, next)
|   0|0x0000000605200000, 0x0000000605400000, 0x0000000605400000|100%|HS|  |TAMS 0x0000000605200000, 0x0000000605200000| Complete 
|   1|0x0000000605400000, 0x0000000605600000, 0x0000000605600000|100%|HC|  |TAMS 0x0000000605400000, 0x0000000605400000| Complete 
|   2|0x0000000605600000, 0x0000000605600000, 0x0000000605800000|  0%| F|  |TAMS 0x0000000605600000, 0x0000000605600000| Untracked 
|   3|0x0000000605800000, 0x0000000605a00000, 0x0000000605a00000|100%|HS|  |TAMS 0x0000000605a00000, 0x0000000605800000| Complete 
|   4|0x0000000605a00000, 0x0000000605c00000, 0x0000000605c00000|100%|HS|  |TAMS 0x0000000605a00000, 0x0000000605a00000| Complete 
|   5|0x0000000605c00000, 0x0000000605e00000, 0x0000000605e00000|100%|HC|  |TAMS 0x0000000605c00000, 0x0000000605c00000| Complete 
|   6|0x0000000605e00000, 0x0000000605e00000, 0x0000000606000000|  0%| F|  |TAMS 0x0000000605e00000, 0x0000000605e00000| Untracked 
|   7|0x0000000606000000, 0x0000000606000000, 0x0000000606200000|  0%| F|  |TAMS 0x0000000606000000, 0x0000000606000000| Untracked 
|   8|0x0000000606200000, 0x0000000606200000, 0x0000000606400000|  0%| F|  |TAMS 0x0000000606200000, 0x0000000606200000| Untracked 
|   9|0x0000000606400000, 0x0000000606400000, 0x0000000606600000|  0%| F|  |TAMS 0x0000000606400000, 0x0000000606400000| Untracked 
|  10|0x0000000606600000, 0x0000000606600000, 0x0000000606800000|  0%| F|  |TAMS 0x0000000606600000, 0x0000000606600000| Untracked 
|  11|0x0000000606800000, 0x0000000606800000, 0x0000000606a00000|  0%| F|  |TAMS 0x0000000606800000, 0x0000000606800000| Untracked 
|  12|0x0000000606a00000, 0x0000000606a00000, 0x0000000606c00000|  0%| F|  |TAMS 0x0000000606a00000, 0x0000000606a00000| Untracked 
|  13|0x0000000606c00000, 0x0000000606c00000, 0x0000000606e00000|  0%| F|  |TAMS 0x0000000606c00000, 0x0000000606c00000| Untracked 
|  14|0x0000000606e00000, 0x0000000606e00000, 0x0000000607000000|  0%| F|  |TAMS 0x0000000606e00000, 0x0000000606e00000| Untracked 
|  15|0x0000000607000000, 0x0000000607000000, 0x0000000607200000|  0%| F|  |TAMS 0x0000000607000000, 0x0000000607000000| Untracked 
|  16|0x0000000607200000, 0x0000000607200000, 0x0000000607400000|  0%| F|  |TAMS 0x0000000607200000, 0x0000000607200000| Untracked 
|  17|0x0000000607400000, 0x0000000607400000, 0x0000000607600000|  0%| F|  |TAMS 0x0000000607400000, 0x0000000607400000| Untracked 
|  18|0x0000000607600000, 0x0000000607600000, 0x0000000607800000|  0%| F|  |TAMS 0x0000000607600000, 0x0000000607600000| Untracked 
|  19|0x0000000607800000, 0x0000000607800000, 0x0000000607a00000|  0%| F|  |TAMS 0x0000000607800000, 0x0000000607800000| Untracked 
|  20|0x0000000607a00000, 0x0000000607a00000, 0x0000000607c00000|  0%| F|  |TAMS 0x0000000607a00000, 0x0000000607a00000| Untracked 
|  21|0x0000000607c00000, 0x0000000607c00000, 0x0000000607e00000|  0%| F|  |TAMS 0x0000000607c00000, 0x0000000607c00000| Untracked 
|  22|0x0000000607e00000, 0x0000000607e00000, 0x0000000608000000|  0%| F|  |TAMS 0x0000000607e00000, 0x0000000607e00000| Untracked 
|  23|0x0000000608000000, 0x0000000608000000, 0x0000000608200000|  0%| F|  |TAMS 0x0000000608000000, 0x0000000608000000| Untracked 
|  24|0x0000000608200000, 0x0000000608200000, 0x0000000608400000|  0%| F|  |TAMS 0x0000000608200000, 0x0000000608200000| Untracked 
|  25|0x0000000608400000, 0x0000000608400000, 0x0000000608600000|  0%| F|  |TAMS 0x0000000608400000, 0x0000000608400000| Untracked 
|  26|0x0000000608600000, 0x0000000608600000, 0x0000000608800000|  0%| F|  |TAMS 0x0000000608600000, 0x0000000608600000| Untracked 
|  27|0x0000000608800000, 0x0000000608800000, 0x0000000608a00000|  0%| F|  |TAMS 0x0000000608800000, 0x0000000608800000| Untracked 
|  28|0x0000000608a00000, 0x0000000608a00000, 0x0000000608c00000|  0%| F|  |TAMS 0x0000000608a00000, 0x0000000608a00000| Untracked 
|  29|0x0000000608c00000, 0x0000000608c00000, 0x0000000608e00000|  0%| F|  |TAMS 0x0000000608c00000, 0x0000000608c00000| Untracked 
|  30|0x0000000608e00000, 0x0000000608e00000, 0x0000000609000000|  0%| F|  |TAMS 0x0000000608e00000, 0x0000000608e00000| Untracked 
|  31|0x0000000609000000, 0x0000000609000000, 0x0000000609200000|  0%| F|  |TAMS 0x0000000609000000, 0x0000000609000000| Untracked 
|  32|0x0000000609200000, 0x0000000609200000, 0x0000000609400000|  0%| F|  |TAMS 0x0000000609200000, 0x0000000609200000| Untracked 
|  33|0x0000000609400000, 0x0000000609400000, 0x0000000609600000|  0%| F|  |TAMS 0x0000000609400000, 0x0000000609400000| Untracked 
|  34|0x0000000609600000, 0x0000000609600000, 0x0000000609800000|  0%| F|  |TAMS 0x0000000609600000, 0x0000000609600000| Untracked 
|  35|0x0000000609800000, 0x0000000609800000, 0x0000000609a00000|  0%| F|  |TAMS 0x0000000609800000, 0x0000000609800000| Untracked 
|  36|0x0000000609a00000, 0x0000000609a00000, 0x0000000609c00000|  0%| F|  |TAMS 0x0000000609a00000, 0x0000000609a00000| Untracked 
|  37|0x0000000609c00000, 0x0000000609c00000, 0x0000000609e00000|  0%| F|  |TAMS 0x0000000609c00000, 0x0000000609c00000| Untracked 
|  38|0x0000000609e00000, 0x0000000609e00000, 0x000000060a000000|  0%| F|  |TAMS 0x0000000609e00000, 0x0000000609e00000| Untracked 
|  39|0x000000060a000000, 0x000000060a000000, 0x000000060a200000|  0%| F|  |TAMS 0x000000060a000000, 0x000000060a000000| Untracked 
|  40|0x000000060a200000, 0x000000060a200000, 0x000000060a400000|  0%| F|  |TAMS 0x000000060a200000, 0x000000060a200000| Untracked 
|  41|0x000000060a400000, 0x000000060a400000, 0x000000060a600000|  0%| F|  |TAMS 0x000000060a400000, 0x000000060a400000| Untracked 
|  42|0x000000060a600000, 0x000000060a600000, 0x000000060a800000|  0%| F|  |TAMS 0x000000060a600000, 0x000000060a600000| Untracked 
|  43|0x000000060a800000, 0x000000060a800000, 0x000000060aa00000|  0%| F|  |TAMS 0x000000060a800000, 0x000000060a800000| Untracked 
|  44|0x000000060aa00000, 0x000000060aa00000, 0x000000060ac00000|  0%| F|  |TAMS 0x000000060aa00000, 0x000000060aa00000| Untracked 
|  45|0x000000060ac00000, 0x000000060ac00000, 0x000000060ae00000|  0%| F|  |TAMS 0x000000060ac00000, 0x000000060ac00000| Untracked 
|  46|0x000000060ae00000, 0x000000060ae00000, 0x000000060b000000|  0%| F|  |TAMS 0x000000060ae00000, 0x000000060ae00000| Untracked 
|  47|0x000000060b000000, 0x000000060b000000, 0x000000060b200000|  0%| F|  |TAMS 0x000000060b000000, 0x000000060b000000| Untracked 
|  48|0x000000060b200000, 0x000000060b200000, 0x000000060b400000|  0%| F|  |TAMS 0x000000060b200000, 0x000000060b200000| Untracked 
|  49|0x000000060b400000, 0x000000060b400000, 0x000000060b600000|  0%| F|  |TAMS 0x000000060b400000, 0x000000060b400000| Untracked 
|  50|0x000000060b600000, 0x000000060b600000, 0x000000060b800000|  0%| F|  |TAMS 0x000000060b600000, 0x000000060b600000| Untracked 
|  51|0x000000060b800000, 0x000000060b800000, 0x000000060ba00000|  0%| F|  |TAMS 0x000000060b800000, 0x000000060b800000| Untracked 
|  52|0x000000060ba00000, 0x000000060ba00000, 0x000000060bc00000|  0%| F|  |TAMS 0x000000060ba00000, 0x000000060ba00000| Untracked 
|  53|0x000000060bc00000, 0x000000060bc00000, 0x000000060be00000|  0%| F|  |TAMS 0x000000060bc00000, 0x000000060bc00000| Untracked 
|  54|0x000000060be00000, 0x000000060be00000, 0x000000060c000000|  0%| F|  |TAMS 0x000000060be00000, 0x000000060be00000| Untracked 
|  55|0x000000060c000000, 0x000000060c000000, 0x000000060c200000|  0%| F|  |TAMS 0x000000060c000000, 0x000000060c000000| Untracked 
|  56|0x000000060c200000, 0x000000060c200000, 0x000000060c400000|  0%| F|  |TAMS 0x000000060c200000, 0x000000060c200000| Untracked 
|  57|0x000000060c400000, 0x000000060c400000, 0x000000060c600000|  0%| F|  |TAMS 0x000000060c400000, 0x000000060c400000| Untracked 
|  58|0x000000060c600000, 0x000000060c600000, 0x000000060c800000|  0%| F|  |TAMS 0x000000060c600000, 0x000000060c600000| Untracked 
|  59|0x000000060c800000, 0x000000060c800000, 0x000000060ca00000|  0%| F|  |TAMS 0x000000060c800000, 0x000000060c800000| Untracked 
|  60|0x000000060ca00000, 0x000000060ca00000, 0x000000060cc00000|  0%| F|  |TAMS 0x000000060ca00000, 0x000000060ca00000| Untracked 
|  61|0x000000060cc00000, 0x000000060cc00000, 0x000000060ce00000|  0%| F|  |TAMS 0x000000060cc00000, 0x000000060cc00000| Untracked 
|  62|0x000000060ce00000, 0x000000060ce00000, 0x000000060d000000|  0%| F|  |TAMS 0x000000060ce00000, 0x000000060ce00000| Untracked 
|  63|0x000000060d000000, 0x000000060d000000, 0x000000060d200000|  0%| F|  |TAMS 0x000000060d000000, 0x000000060d000000| Untracked 
|  64|0x000000060d200000, 0x000000060d200000, 0x000000060d400000|  0%| F|  |TAMS 0x000000060d200000, 0x000000060d200000| Untracked 
|  65|0x000000060d400000, 0x000000060d400000, 0x000000060d600000|  0%| F|  |TAMS 0x000000060d400000, 0x000000060d400000| Untracked 
|  66|0x000000060d600000, 0x000000060d600000, 0x000000060d800000|  0%| F|  |TAMS 0x000000060d600000, 0x000000060d600000| Untracked 
|  67|0x000000060d800000, 0x000000060d800000, 0x000000060da00000|  0%| F|  |TAMS 0x000000060d800000, 0x000000060d800000| Untracked 
|  68|0x000000060da00000, 0x000000060da00000, 0x000000060dc00000|  0%| F|  |TAMS 0x000000060da00000, 0x000000060da00000| Untracked 
|  69|0x000000060dc00000, 0x000000060dc00000, 0x000000060de00000|  0%| F|  |TAMS 0x000000060dc00000, 0x000000060dc00000| Untracked 
|  70|0x000000060de00000, 0x000000060de00000, 0x000000060e000000|  0%| F|  |TAMS 0x000000060de00000, 0x000000060de00000| Untracked 
|  71|0x000000060e000000, 0x000000060e000000, 0x000000060e200000|  0%| F|  |TAMS 0x000000060e000000, 0x000000060e000000| Untracked 
|  72|0x000000060e200000, 0x000000060e200000, 0x000000060e400000|  0%| F|  |TAMS 0x000000060e200000, 0x000000060e200000| Untracked 
|  73|0x000000060e400000, 0x000000060e400000, 0x000000060e600000|  0%| F|  |TAMS 0x000000060e400000, 0x000000060e400000| Untracked 
|  74|0x000000060e600000, 0x000000060e600000, 0x000000060e800000|  0%| F|  |TAMS 0x000000060e600000, 0x000000060e600000| Untracked 
|  75|0x000000060e800000, 0x000000060e800000, 0x000000060ea00000|  0%| F|  |TAMS 0x000000060e800000, 0x000000060e800000| Untracked 
|  76|0x000000060ea00000, 0x000000060ea00000, 0x000000060ec00000|  0%| F|  |TAMS 0x000000060ea00000, 0x000000060ea00000| Untracked 
|  77|0x000000060ec00000, 0x000000060ec00000, 0x000000060ee00000|  0%| F|  |TAMS 0x000000060ec00000, 0x000000060ec00000| Untracked 
|  78|0x000000060ee00000, 0x000000060ee00000, 0x000000060f000000|  0%| F|  |TAMS 0x000000060ee00000, 0x000000060ee00000| Untracked 
|  79|0x000000060f000000, 0x000000060f000000, 0x000000060f200000|  0%| F|  |TAMS 0x000000060f000000, 0x000000060f000000| Untracked 
|  80|0x000000060f200000, 0x000000060f200000, 0x000000060f400000|  0%| F|  |TAMS 0x000000060f200000, 0x000000060f200000| Untracked 
|  81|0x000000060f400000, 0x000000060f400000, 0x000000060f600000|  0%| F|  |TAMS 0x000000060f400000, 0x000000060f400000| Untracked 
|  82|0x000000060f600000, 0x000000060f600000, 0x000000060f800000|  0%| F|  |TAMS 0x000000060f600000, 0x000000060f600000| Untracked 
|  83|0x000000060f800000, 0x000000060f800000, 0x000000060fa00000|  0%| F|  |TAMS 0x000000060f800000, 0x000000060f800000| Untracked 
|  84|0x000000060fa00000, 0x000000060fa00000, 0x000000060fc00000|  0%| F|  |TAMS 0x000000060fa00000, 0x000000060fa00000| Untracked 
|  85|0x000000060fc00000, 0x000000060fc00000, 0x000000060fe00000|  0%| F|  |TAMS 0x000000060fc00000, 0x000000060fc00000| Untracked 
|  86|0x000000060fe00000, 0x000000060fe00000, 0x0000000610000000|  0%| F|  |TAMS 0x000000060fe00000, 0x000000060fe00000| Untracked 
|  87|0x0000000610000000, 0x0000000610000000, 0x0000000610200000|  0%| F|  |TAMS 0x0000000610000000, 0x0000000610000000| Untracked 
|  88|0x0000000610200000, 0x0000000610200000, 0x0000000610400000|  0%| F|  |TAMS 0x0000000610200000, 0x0000000610200000| Untracked 
|  89|0x0000000610400000, 0x0000000610400000, 0x0000000610600000|  0%| F|  |TAMS 0x0000000610400000, 0x0000000610400000| Untracked 
|  90|0x0000000610600000, 0x0000000610600000, 0x0000000610800000|  0%| F|  |TAMS 0x0000000610600000, 0x0000000610600000| Untracked 
|  91|0x0000000610800000, 0x0000000610800000, 0x0000000610a00000|  0%| F|  |TAMS 0x0000000610800000, 0x0000000610800000| Untracked 
|  92|0x0000000610a00000, 0x0000000610a00000, 0x0000000610c00000|  0%| F|  |TAMS 0x0000000610a00000, 0x0000000610a00000| Untracked 
|  93|0x0000000610c00000, 0x0000000610c00000, 0x0000000610e00000|  0%| F|  |TAMS 0x0000000610c00000, 0x0000000610c00000| Untracked 
|  94|0x0000000610e00000, 0x0000000610e00000, 0x0000000611000000|  0%| F|  |TAMS 0x0000000610e00000, 0x0000000610e00000| Untracked 
|  95|0x0000000611000000, 0x0000000611000000, 0x0000000611200000|  0%| F|  |TAMS 0x0000000611000000, 0x0000000611000000| Untracked 
|  96|0x0000000611200000, 0x0000000611200000, 0x0000000611400000|  0%| F|  |TAMS 0x0000000611200000, 0x0000000611200000| Untracked 
|  97|0x0000000611400000, 0x0000000611400000, 0x0000000611600000|  0%| F|  |TAMS 0x0000000611400000, 0x0000000611400000| Untracked 
|  98|0x0000000611600000, 0x0000000611600000, 0x0000000611800000|  0%| F|  |TAMS 0x0000000611600000, 0x0000000611600000| Untracked 
|  99|0x0000000611800000, 0x0000000611800000, 0x0000000611a00000|  0%| F|  |TAMS 0x0000000611800000, 0x0000000611800000| Untracked 
| 100|0x0000000611a00000, 0x0000000611a00000, 0x0000000611c00000|  0%| F|  |TAMS 0x0000000611a00000, 0x0000000611a00000| Untracked 
| 101|0x0000000611c00000, 0x0000000611c00000, 0x0000000611e00000|  0%| F|  |TAMS 0x0000000611c00000, 0x0000000611c00000| Untracked 
| 102|0x0000000611e00000, 0x0000000611e00000, 0x0000000612000000|  0%| F|  |TAMS 0x0000000611e00000, 0x0000000611e00000| Untracked 
| 103|0x0000000612000000, 0x0000000612000000, 0x0000000612200000|  0%| F|  |TAMS 0x0000000612000000, 0x0000000612000000| Untracked 
| 104|0x0000000612200000, 0x0000000612200000, 0x0000000612400000|  0%| F|  |TAMS 0x0000000612200000, 0x0000000612200000| Untracked 
| 105|0x0000000612400000, 0x0000000612400000, 0x0000000612600000|  0%| F|  |TAMS 0x0000000612400000, 0x0000000612400000| Untracked 
| 106|0x0000000612600000, 0x0000000612600000, 0x0000000612800000|  0%| F|  |TAMS 0x0000000612600000, 0x0000000612600000| Untracked 
| 107|0x0000000612800000, 0x0000000612800000, 0x0000000612a00000|  0%| F|  |TAMS 0x0000000612800000, 0x0000000612800000| Untracked 
| 108|0x0000000612a00000, 0x0000000612a00000, 0x0000000612c00000|  0%| F|  |TAMS 0x0000000612a00000, 0x0000000612a00000| Untracked 
| 109|0x0000000612c00000, 0x0000000612c00000, 0x0000000612e00000|  0%| F|  |TAMS 0x0000000612c00000, 0x0000000612c00000| Untracked 
| 110|0x0000000612e00000, 0x0000000612e00000, 0x0000000613000000|  0%| F|  |TAMS 0x0000000612e00000, 0x0000000612e00000| Untracked 
| 111|0x0000000613000000, 0x0000000613000000, 0x0000000613200000|  0%| F|  |TAMS 0x0000000613000000, 0x0000000613000000| Untracked 
| 112|0x0000000613200000, 0x0000000613200000, 0x0000000613400000|  0%| F|  |TAMS 0x0000000613200000, 0x0000000613200000| Untracked 
| 113|0x0000000613400000, 0x0000000613400000, 0x0000000613600000|  0%| F|  |TAMS 0x0000000613400000, 0x0000000613400000| Untracked 
| 114|0x0000000613600000, 0x0000000613600000, 0x0000000613800000|  0%| F|  |TAMS 0x0000000613600000, 0x0000000613600000| Untracked 
| 115|0x0000000613800000, 0x0000000613800000, 0x0000000613a00000|  0%| F|  |TAMS 0x0000000613800000, 0x0000000613800000| Untracked 
| 116|0x0000000613a00000, 0x0000000613a00000, 0x0000000613c00000|  0%| F|  |TAMS 0x0000000613a00000, 0x0000000613a00000| Untracked 
| 117|0x0000000613c00000, 0x0000000613c00000, 0x0000000613e00000|  0%| F|  |TAMS 0x0000000613c00000, 0x0000000613c00000| Untracked 
| 118|0x0000000613e00000, 0x0000000613e00000, 0x0000000614000000|  0%| F|  |TAMS 0x0000000613e00000, 0x0000000613e00000| Untracked 
| 119|0x0000000614000000, 0x0000000614000000, 0x0000000614200000|  0%| F|  |TAMS 0x0000000614000000, 0x0000000614000000| Untracked 
| 120|0x0000000614200000, 0x0000000614200000, 0x0000000614400000|  0%| F|  |TAMS 0x0000000614200000, 0x0000000614200000| Untracked 
| 121|0x0000000614400000, 0x0000000614400000, 0x0000000614600000|  0%| F|  |TAMS 0x0000000614400000, 0x0000000614400000| Untracked 
| 122|0x0000000614600000, 0x0000000614600000, 0x0000000614800000|  0%| F|  |TAMS 0x0000000614600000, 0x0000000614600000| Untracked 
| 123|0x0000000614800000, 0x0000000614800000, 0x0000000614a00000|  0%| F|  |TAMS 0x0000000614800000, 0x0000000614800000| Untracked 
| 124|0x0000000614a00000, 0x0000000614a00000, 0x0000000614c00000|  0%| F|  |TAMS 0x0000000614a00000, 0x0000000614a00000| Untracked 
| 125|0x0000000614c00000, 0x0000000614c00000, 0x0000000614e00000|  0%| F|  |TAMS 0x0000000614c00000, 0x0000000614c00000| Untracked 
| 126|0x0000000614e00000, 0x0000000614e00000, 0x0000000615000000|  0%| F|  |TAMS 0x0000000614e00000, 0x0000000614e00000| Untracked 
| 127|0x0000000615000000, 0x0000000615000000, 0x0000000615200000|  0%| F|  |TAMS 0x0000000615000000, 0x0000000615000000| Untracked 
| 128|0x0000000615200000, 0x0000000615200000, 0x0000000615400000|  0%| F|  |TAMS 0x0000000615200000, 0x0000000615200000| Untracked 
| 129|0x0000000615400000, 0x0000000615400000, 0x0000000615600000|  0%| F|  |TAMS 0x0000000615400000, 0x0000000615400000| Untracked 
| 130|0x0000000615600000, 0x0000000615600000, 0x0000000615800000|  0%| F|  |TAMS 0x0000000615600000, 0x0000000615600000| Untracked 
| 131|0x0000000615800000, 0x0000000615800000, 0x0000000615a00000|  0%| F|  |TAMS 0x0000000615800000, 0x0000000615800000| Untracked 
| 132|0x0000000615a00000, 0x0000000615a00000, 0x0000000615c00000|  0%| F|  |TAMS 0x0000000615a00000, 0x0000000615a00000| Untracked 
| 133|0x0000000615c00000, 0x0000000615c00000, 0x0000000615e00000|  0%| F|  |TAMS 0x0000000615c00000, 0x0000000615c00000| Untracked 
| 134|0x0000000615e00000, 0x0000000615e00000, 0x0000000616000000|  0%| F|  |TAMS 0x0000000615e00000, 0x0000000615e00000| Untracked 
| 135|0x0000000616000000, 0x0000000616000000, 0x0000000616200000|  0%| F|  |TAMS 0x0000000616000000, 0x0000000616000000| Untracked 
| 136|0x0000000616200000, 0x0000000616200000, 0x0000000616400000|  0%| F|  |TAMS 0x0000000616200000, 0x0000000616200000| Untracked 
| 137|0x0000000616400000, 0x0000000616400000, 0x0000000616600000|  0%| F|  |TAMS 0x0000000616400000, 0x0000000616400000| Untracked 
| 138|0x0000000616600000, 0x0000000616600000, 0x0000000616800000|  0%| F|  |TAMS 0x0000000616600000, 0x0000000616600000| Untracked 
| 139|0x0000000616800000, 0x0000000616800000, 0x0000000616a00000|  0%| F|  |TAMS 0x0000000616800000, 0x0000000616800000| Untracked 
| 140|0x0000000616a00000, 0x0000000616a00000, 0x0000000616c00000|  0%| F|  |TAMS 0x0000000616a00000, 0x0000000616a00000| Untracked 
| 141|0x0000000616c00000, 0x0000000616c00000, 0x0000000616e00000|  0%| F|  |TAMS 0x0000000616c00000, 0x0000000616c00000| Untracked 
| 142|0x0000000616e00000, 0x0000000616e00000, 0x0000000617000000|  0%| F|  |TAMS 0x0000000616e00000, 0x0000000616e00000| Untracked 
| 143|0x0000000617000000, 0x0000000617000000, 0x0000000617200000|  0%| F|  |TAMS 0x0000000617000000, 0x0000000617000000| Untracked 
| 144|0x0000000617200000, 0x0000000617200000, 0x0000000617400000|  0%| F|  |TAMS 0x0000000617200000, 0x0000000617200000| Untracked 
| 145|0x0000000617400000, 0x0000000617400000, 0x0000000617600000|  0%| F|  |TAMS 0x0000000617400000, 0x0000000617400000| Untracked 
| 146|0x0000000617600000, 0x0000000617600000, 0x0000000617800000|  0%| F|  |TAMS 0x0000000617600000, 0x0000000617600000| Untracked 
| 147|0x0000000617800000, 0x0000000617800000, 0x0000000617a00000|  0%| F|  |TAMS 0x0000000617800000, 0x0000000617800000| Untracked 
| 148|0x0000000617a00000, 0x0000000617a00000, 0x0000000617c00000|  0%| F|  |TAMS 0x0000000617a00000, 0x0000000617a00000| Untracked 
| 149|0x0000000617c00000, 0x0000000617c00000, 0x0000000617e00000|  0%| F|  |TAMS 0x0000000617c00000, 0x0000000617c00000| Untracked 
| 150|0x0000000617e00000, 0x0000000617e00000, 0x0000000618000000|  0%| F|  |TAMS 0x0000000617e00000, 0x0000000617e00000| Untracked 
| 151|0x0000000618000000, 0x0000000618000000, 0x0000000618200000|  0%| F|  |TAMS 0x0000000618000000, 0x0000000618000000| Untracked 
| 152|0x0000000618200000, 0x0000000618200000, 0x0000000618400000|  0%| F|  |TAMS 0x0000000618200000, 0x0000000618200000| Untracked 
| 153|0x0000000618400000, 0x0000000618400000, 0x0000000618600000|  0%| F|  |TAMS 0x0000000618400000, 0x0000000618400000| Untracked 
| 154|0x0000000618600000, 0x0000000618600000, 0x0000000618800000|  0%| F|  |TAMS 0x0000000618600000, 0x0000000618600000| Untracked 
| 155|0x0000000618800000, 0x0000000618800000, 0x0000000618a00000|  0%| F|  |TAMS 0x0000000618800000, 0x0000000618800000| Untracked 
| 156|0x0000000618a00000, 0x0000000618a00000, 0x0000000618c00000|  0%| F|  |TAMS 0x0000000618a00000, 0x0000000618a00000| Untracked 
| 157|0x0000000618c00000, 0x0000000618c00000, 0x0000000618e00000|  0%| F|  |TAMS 0x0000000618c00000, 0x0000000618c00000| Untracked 
| 158|0x0000000618e00000, 0x0000000618e00000, 0x0000000619000000|  0%| F|  |TAMS 0x0000000618e00000, 0x0000000618e00000| Untracked 
| 159|0x0000000619000000, 0x0000000619000000, 0x0000000619200000|  0%| F|  |TAMS 0x0000000619000000, 0x0000000619000000| Untracked 
| 160|0x0000000619200000, 0x0000000619200000, 0x0000000619400000|  0%| F|  |TAMS 0x0000000619200000, 0x0000000619200000| Untracked 
| 161|0x0000000619400000, 0x0000000619400000, 0x0000000619600000|  0%| F|  |TAMS 0x0000000619400000, 0x0000000619400000| Untracked 
| 162|0x0000000619600000, 0x0000000619600000, 0x0000000619800000|  0%| F|  |TAMS 0x0000000619600000, 0x0000000619600000| Untracked 
| 163|0x0000000619800000, 0x0000000619800000, 0x0000000619a00000|  0%| F|  |TAMS 0x0000000619800000, 0x0000000619800000| Untracked 
| 164|0x0000000619a00000, 0x0000000619a00000, 0x0000000619c00000|  0%| F|  |TAMS 0x0000000619a00000, 0x0000000619a00000| Untracked 
| 165|0x0000000619c00000, 0x0000000619c00000, 0x0000000619e00000|  0%| F|  |TAMS 0x0000000619c00000, 0x0000000619c00000| Untracked 
| 166|0x0000000619e00000, 0x0000000619e00000, 0x000000061a000000|  0%| F|  |TAMS 0x0000000619e00000, 0x0000000619e00000| Untracked 
| 167|0x000000061a000000, 0x000000061a000000, 0x000000061a200000|  0%| F|  |TAMS 0x000000061a000000, 0x000000061a000000| Untracked 
| 168|0x000000061a200000, 0x000000061a200000, 0x000000061a400000|  0%| F|  |TAMS 0x000000061a200000, 0x000000061a200000| Untracked 
| 169|0x000000061a400000, 0x000000061a400000, 0x000000061a600000|  0%| F|  |TAMS 0x000000061a400000, 0x000000061a400000| Untracked 
| 170|0x000000061a600000, 0x000000061a600000, 0x000000061a800000|  0%| F|  |TAMS 0x000000061a600000, 0x000000061a600000| Untracked 
| 171|0x000000061a800000, 0x000000061a800000, 0x000000061aa00000|  0%| F|  |TAMS 0x000000061a800000, 0x000000061a800000| Untracked 
| 172|0x000000061aa00000, 0x000000061aa00000, 0x000000061ac00000|  0%| F|  |TAMS 0x000000061aa00000, 0x000000061aa00000| Untracked 
| 173|0x000000061ac00000, 0x000000061ac00000, 0x000000061ae00000|  0%| F|  |TAMS 0x000000061ac00000, 0x000000061ac00000| Untracked 
| 174|0x000000061ae00000, 0x000000061ae00000, 0x000000061b000000|  0%| F|  |TAMS 0x000000061ae00000, 0x000000061ae00000| Untracked 
| 175|0x000000061b000000, 0x000000061b000000, 0x000000061b200000|  0%| F|  |TAMS 0x000000061b000000, 0x000000061b000000| Untracked 
| 176|0x000000061b200000, 0x000000061b200000, 0x000000061b400000|  0%| F|  |TAMS 0x000000061b200000, 0x000000061b200000| Untracked 
| 177|0x000000061b400000, 0x000000061b400000, 0x000000061b600000|  0%| F|  |TAMS 0x000000061b400000, 0x000000061b400000| Untracked 
| 178|0x000000061b600000, 0x000000061b600000, 0x000000061b800000|  0%| F|  |TAMS 0x000000061b600000, 0x000000061b600000| Untracked 
| 179|0x000000061b800000, 0x000000061b800000, 0x000000061ba00000|  0%| F|  |TAMS 0x000000061b800000, 0x000000061b800000| Untracked 
| 180|0x000000061ba00000, 0x000000061ba00000, 0x000000061bc00000|  0%| F|  |TAMS 0x000000061ba00000, 0x000000061ba00000| Untracked 
| 181|0x000000061bc00000, 0x000000061bc00000, 0x000000061be00000|  0%| F|  |TAMS 0x000000061bc00000, 0x000000061bc00000| Untracked 
| 182|0x000000061be00000, 0x000000061be00000, 0x000000061c000000|  0%| F|  |TAMS 0x000000061be00000, 0x000000061be00000| Untracked 
| 183|0x000000061c000000, 0x000000061c000000, 0x000000061c200000|  0%| F|  |TAMS 0x000000061c000000, 0x000000061c000000| Untracked 
| 184|0x000000061c200000, 0x000000061c200000, 0x000000061c400000|  0%| F|  |TAMS 0x000000061c200000, 0x000000061c200000| Untracked 
| 185|0x000000061c400000, 0x000000061c400000, 0x000000061c600000|  0%| F|  |TAMS 0x000000061c400000, 0x000000061c400000| Untracked 
| 186|0x000000061c600000, 0x000000061c600000, 0x000000061c800000|  0%| F|  |TAMS 0x000000061c600000, 0x000000061c600000| Untracked 
| 187|0x000000061c800000, 0x000000061c800000, 0x000000061ca00000|  0%| F|  |TAMS 0x000000061c800000, 0x000000061c800000| Untracked 
| 188|0x000000061ca00000, 0x000000061ca00000, 0x000000061cc00000|  0%| F|  |TAMS 0x000000061ca00000, 0x000000061ca00000| Untracked 
| 189|0x000000061cc00000, 0x000000061cc00000, 0x000000061ce00000|  0%| F|  |TAMS 0x000000061cc00000, 0x000000061cc00000| Untracked 
| 190|0x000000061ce00000, 0x000000061ce00000, 0x000000061d000000|  0%| F|  |TAMS 0x000000061ce00000, 0x000000061ce00000| Untracked 
| 191|0x000000061d000000, 0x000000061d000000, 0x000000061d200000|  0%| F|  |TAMS 0x000000061d000000, 0x000000061d000000| Untracked 
| 192|0x000000061d200000, 0x000000061d200000, 0x000000061d400000|  0%| F|  |TAMS 0x000000061d200000, 0x000000061d200000| Untracked 
| 193|0x000000061d400000, 0x000000061d400000, 0x000000061d600000|  0%| F|  |TAMS 0x000000061d400000, 0x000000061d400000| Untracked 
| 194|0x000000061d600000, 0x000000061d600000, 0x000000061d800000|  0%| F|  |TAMS 0x000000061d600000, 0x000000061d600000| Untracked 
| 195|0x000000061d800000, 0x000000061d800000, 0x000000061da00000|  0%| F|  |TAMS 0x000000061d800000, 0x000000061d800000| Untracked 
| 196|0x000000061da00000, 0x000000061da00000, 0x000000061dc00000|  0%| F|  |TAMS 0x000000061da00000, 0x000000061da00000| Untracked 
| 197|0x000000061dc00000, 0x000000061dc00000, 0x000000061de00000|  0%| F|  |TAMS 0x000000061dc00000, 0x000000061dc00000| Untracked 
| 198|0x000000061de00000, 0x000000061de00000, 0x000000061e000000|  0%| F|  |TAMS 0x000000061de00000, 0x000000061de00000| Untracked 
| 199|0x000000061e000000, 0x000000061e000000, 0x000000061e200000|  0%| F|  |TAMS 0x000000061e000000, 0x000000061e000000| Untracked 
| 200|0x000000061e200000, 0x000000061e200000, 0x000000061e400000|  0%| F|  |TAMS 0x000000061e200000, 0x000000061e200000| Untracked 
| 201|0x000000061e400000, 0x000000061e400000, 0x000000061e600000|  0%| F|  |TAMS 0x000000061e400000, 0x000000061e400000| Untracked 
| 202|0x000000061e600000, 0x000000061e600000, 0x000000061e800000|  0%| F|  |TAMS 0x000000061e600000, 0x000000061e600000| Untracked 
| 203|0x000000061e800000, 0x000000061e800000, 0x000000061ea00000|  0%| F|  |TAMS 0x000000061e800000, 0x000000061e800000| Untracked 
| 204|0x000000061ea00000, 0x000000061ea00000, 0x000000061ec00000|  0%| F|  |TAMS 0x000000061ea00000, 0x000000061ea00000| Untracked 
| 205|0x000000061ec00000, 0x000000061ec00000, 0x000000061ee00000|  0%| F|  |TAMS 0x000000061ec00000, 0x000000061ec00000| Untracked 
| 206|0x000000061ee00000, 0x000000061ee00000, 0x000000061f000000|  0%| F|  |TAMS 0x000000061ee00000, 0x000000061ee00000| Untracked 
| 207|0x000000061f000000, 0x000000061f000000, 0x000000061f200000|  0%| F|  |TAMS 0x000000061f000000, 0x000000061f000000| Untracked 
| 208|0x000000061f200000, 0x000000061f200000, 0x000000061f400000|  0%| F|  |TAMS 0x000000061f200000, 0x000000061f200000| Untracked 
| 209|0x000000061f400000, 0x000000061f400000, 0x000000061f600000|  0%| F|  |TAMS 0x000000061f400000, 0x000000061f400000| Untracked 
| 210|0x000000061f600000, 0x000000061f600000, 0x000000061f800000|  0%| F|  |TAMS 0x000000061f600000, 0x000000061f600000| Untracked 
| 211|0x000000061f800000, 0x000000061f800000, 0x000000061fa00000|  0%| F|  |TAMS 0x000000061f800000, 0x000000061f800000| Untracked 
| 212|0x000000061fa00000, 0x000000061fa00000, 0x000000061fc00000|  0%| F|  |TAMS 0x000000061fa00000, 0x000000061fa00000| Untracked 
| 213|0x000000061fc00000, 0x000000061fdadd28, 0x000000061fe00000| 83%| S|CS|TAMS 0x000000061fc00000, 0x000000061fc00000| Complete 
| 214|0x000000061fe00000, 0x0000000620000000, 0x0000000620000000|100%| S|CS|TAMS 0x000000061fe00000, 0x000000061fe00000| Complete 
| 215|0x0000000620000000, 0x0000000620200000, 0x0000000620200000|100%| S|CS|TAMS 0x0000000620000000, 0x0000000620000000| Complete 
| 216|0x0000000620200000, 0x0000000620400000, 0x0000000620400000|100%| S|CS|TAMS 0x0000000620200000, 0x0000000620200000| Complete 
| 217|0x0000000620400000, 0x0000000620600000, 0x0000000620600000|100%| S|CS|TAMS 0x0000000620400000, 0x0000000620400000| Complete 
| 218|0x0000000620600000, 0x0000000620800000, 0x0000000620800000|100%| S|CS|TAMS 0x0000000620600000, 0x0000000620600000| Complete 
| 219|0x0000000620800000, 0x0000000620a00000, 0x0000000620a00000|100%| S|CS|TAMS 0x0000000620800000, 0x0000000620800000| Complete 
| 220|0x0000000620a00000, 0x0000000620a00000, 0x0000000620c00000|  0%| F|  |TAMS 0x0000000620a00000, 0x0000000620a00000| Untracked 
| 221|0x0000000620c00000, 0x0000000620c00000, 0x0000000620e00000|  0%| F|  |TAMS 0x0000000620c00000, 0x0000000620c00000| Untracked 
| 222|0x0000000620e00000, 0x0000000620e00000, 0x0000000621000000|  0%| F|  |TAMS 0x0000000620e00000, 0x0000000620e00000| Untracked 
| 223|0x0000000621000000, 0x0000000621000000, 0x0000000621200000|  0%| F|  |TAMS 0x0000000621000000, 0x0000000621000000| Untracked 
| 224|0x0000000621200000, 0x0000000621200000, 0x0000000621400000|  0%| F|  |TAMS 0x0000000621200000, 0x0000000621200000| Untracked 
| 225|0x0000000621400000, 0x0000000621400000, 0x0000000621600000|  0%| F|  |TAMS 0x0000000621400000, 0x0000000621400000| Untracked 
| 226|0x0000000621600000, 0x0000000621600000, 0x0000000621800000|  0%| F|  |TAMS 0x0000000621600000, 0x0000000621600000| Untracked 
| 227|0x0000000621800000, 0x0000000621800000, 0x0000000621a00000|  0%| F|  |TAMS 0x0000000621800000, 0x0000000621800000| Untracked 
| 228|0x0000000621a00000, 0x0000000621a00000, 0x0000000621c00000|  0%| F|  |TAMS 0x0000000621a00000, 0x0000000621a00000| Untracked 
| 229|0x0000000621c00000, 0x0000000621c00000, 0x0000000621e00000|  0%| F|  |TAMS 0x0000000621c00000, 0x0000000621c00000| Untracked 
| 230|0x0000000621e00000, 0x0000000621e00000, 0x0000000622000000|  0%| F|  |TAMS 0x0000000621e00000, 0x0000000621e00000| Untracked 
| 231|0x0000000622000000, 0x0000000622000000, 0x0000000622200000|  0%| F|  |TAMS 0x0000000622000000, 0x0000000622000000| Untracked 
| 232|0x0000000622200000, 0x0000000622200000, 0x0000000622400000|  0%| F|  |TAMS 0x0000000622200000, 0x0000000622200000| Untracked 
| 233|0x0000000622400000, 0x0000000622400000, 0x0000000622600000|  0%| F|  |TAMS 0x0000000622400000, 0x0000000622400000| Untracked 
| 234|0x0000000622600000, 0x0000000622600000, 0x0000000622800000|  0%| F|  |TAMS 0x0000000622600000, 0x0000000622600000| Untracked 
| 235|0x0000000622800000, 0x0000000622800000, 0x0000000622a00000|  0%| F|  |TAMS 0x0000000622800000, 0x0000000622800000| Untracked 
| 236|0x0000000622a00000, 0x0000000622a00000, 0x0000000622c00000|  0%| F|  |TAMS 0x0000000622a00000, 0x0000000622a00000| Untracked 
| 237|0x0000000622c00000, 0x0000000622c00000, 0x0000000622e00000|  0%| F|  |TAMS 0x0000000622c00000, 0x0000000622c00000| Untracked 
| 238|0x0000000622e00000, 0x0000000622e00000, 0x0000000623000000|  0%| F|  |TAMS 0x0000000622e00000, 0x0000000622e00000| Untracked 
| 239|0x0000000623000000, 0x0000000623000000, 0x0000000623200000|  0%| F|  |TAMS 0x0000000623000000, 0x0000000623000000| Untracked 
| 240|0x0000000623200000, 0x0000000623200000, 0x0000000623400000|  0%| F|  |TAMS 0x0000000623200000, 0x0000000623200000| Untracked 
| 241|0x0000000623400000, 0x0000000623400000, 0x0000000623600000|  0%| F|  |TAMS 0x0000000623400000, 0x0000000623400000| Untracked 
| 242|0x0000000623600000, 0x0000000623600000, 0x0000000623800000|  0%| F|  |TAMS 0x0000000623600000, 0x0000000623600000| Untracked 
| 243|0x0000000623800000, 0x0000000623800000, 0x0000000623a00000|  0%| F|  |TAMS 0x0000000623800000, 0x0000000623800000| Untracked 
| 244|0x0000000623a00000, 0x0000000623a00000, 0x0000000623c00000|  0%| F|  |TAMS 0x0000000623a00000, 0x0000000623a00000| Untracked 
| 245|0x0000000623c00000, 0x0000000623d80d20, 0x0000000623e00000| 75%| E|  |TAMS 0x0000000623c00000, 0x0000000623c00000| Complete 
| 246|0x0000000623e00000, 0x0000000624000000, 0x0000000624000000|100%| E|CS|TAMS 0x0000000623e00000, 0x0000000623e00000| Complete 
| 247|0x0000000624000000, 0x0000000624200000, 0x0000000624200000|100%| E|CS|TAMS 0x0000000624000000, 0x0000000624000000| Complete 
| 248|0x0000000624200000, 0x0000000624400000, 0x0000000624400000|100%| E|CS|TAMS 0x0000000624200000, 0x0000000624200000| Complete 
| 249|0x0000000624400000, 0x0000000624600000, 0x0000000624600000|100%| E|CS|TAMS 0x0000000624400000, 0x0000000624400000| Complete 
| 250|0x0000000624600000, 0x0000000624800000, 0x0000000624800000|100%| E|CS|TAMS 0x0000000624600000, 0x0000000624600000| Complete 
| 251|0x0000000624800000, 0x0000000624a00000, 0x0000000624a00000|100%| E|CS|TAMS 0x0000000624800000, 0x0000000624800000| Complete 
| 252|0x0000000624a00000, 0x0000000624c00000, 0x0000000624c00000|100%| E|CS|TAMS 0x0000000624a00000, 0x0000000624a00000| Complete 
| 253|0x0000000624c00000, 0x0000000624e00000, 0x0000000624e00000|100%| E|CS|TAMS 0x0000000624c00000, 0x0000000624c00000| Complete 

Card table byte_map: [0x0000025ecbdb0000,0x0000025eccd90000] _byte_map_base: 0x0000025ec8d87000

Marking Bits (Prev, Next): (CMBitMap*) 0x0000025eb1e78e28, (CMBitMap*) 0x0000025eb1e78e60
 Prev Bits: [0x0000025ecdd70000, 0x0000025ed5c28000)
 Next Bits: [0x0000025ed5c30000, 0x0000025eddae8000)

Polling page: 0x0000025eb05b0000

Metaspace:

Usage:
  Non-class:     32.80 MB capacity,    31.96 MB ( 97%) used,   680.98 KB (  2%) free+waste,   181.00 KB ( <1%) overhead. 
      Class:      4.94 MB capacity,     4.30 MB ( 87%) used,   568.70 KB ( 11%) free+waste,    90.13 KB (  2%) overhead. 
       Both:     37.75 MB capacity,    36.26 MB ( 96%) used,     1.22 MB (  3%) free+waste,   271.13 KB ( <1%) overhead. 

Virtual space:
  Non-class space:       34.00 MB reserved,      32.92 MB ( 97%) committed 
      Class space:        1.00 GB reserved,       5.00 MB ( <1%) committed 
             Both:        1.03 GB reserved,      37.92 MB (  4%) committed 

Chunk freelists:
   Non-Class:  0 bytes
       Class:  0 bytes
        Both:  0 bytes

MaxMetaspaceSize: 17179869184.00 GB
CompressedClassSpaceSize: 1.00 GB
Initial GC threshold: 20.80 MB
Current GC threshold: 58.83 MB
CDS: off

CodeHeap 'non-profiled nmethods': size=119168Kb used=2083Kb max_used=2083Kb free=117084Kb
 bounds [0x0000025ec2560000, 0x0000025ec27d0000, 0x0000025ec99c0000]
CodeHeap 'profiled nmethods': size=119168Kb used=8923Kb max_used=8923Kb free=110244Kb
 bounds [0x0000025ebb100000, 0x0000025ebb9c0000, 0x0000025ec2560000]
CodeHeap 'non-nmethods': size=7424Kb used=1567Kb max_used=3196Kb free=5856Kb
 bounds [0x0000025eba9c0000, 0x0000025ebace0000, 0x0000025ebb100000]
 total_blobs=5392 nmethods=4450 adapters=854
 compilation: enabled
              stopped_count=0, restarted_count=0
 full_count=0

Compilation events (20 events):
Event: 50.159 Thread 0x0000025ee1475000 nmethod 4427 0x0000025ebb9af590 code [0x0000025ebb9af760, 0x0000025ebb9afaa8]
Event: 50.159 Thread 0x0000025ee1475000 4436       1       sun.util.locale.BaseLocale::getRegion (5 bytes)
Event: 50.159 Thread 0x0000025ee1475000 nmethod 4436 0x0000025ec2765810 code [0x0000025ec27659c0, 0x0000025ec2765a78]
Event: 50.167 Thread 0x0000025ee1469800 nmethod 4415 0x0000025ec2765b10 code [0x0000025ec2765ce0, 0x0000025ec2766528]
Event: 50.168 Thread 0x0000025ee1469800 4437       4       java.io.WinNTFileSystem::normalize (143 bytes)
Event: 50.180 Thread 0x0000025ee1475000 4438       3       java.lang.invoke.MethodHandles::insertArguments (98 bytes)
Event: 50.181 Thread 0x0000025ee1475000 nmethod 4438 0x0000025ebb9afb90 code [0x0000025ebb9afe20, 0x0000025ebb9b0968]
Event: 50.181 Thread 0x0000025ee1475000 4439       3       java.lang.invoke.MethodHandles::insertArgumentsChecks (49 bytes)
Event: 50.181 Thread 0x0000025ee1475000 nmethod 4439 0x0000025ebb9b0e10 code [0x0000025ebb9b1020, 0x0000025ebb9b1538]
Event: 50.183 Thread 0x0000025ee1475000 4440       3       java.lang.invoke.BoundMethodHandle$Species_LL::speciesData (4 bytes)
Event: 50.183 Thread 0x0000025ee1475000 nmethod 4440 0x0000025ebb9b1790 code [0x0000025ebb9b1940, 0x0000025ebb9b1a58]
Event: 50.186 Thread 0x0000025ee1475000 4441       3       java.lang.invoke.MethodType::invokers (27 bytes)
Event: 50.186 Thread 0x0000025ee1475000 nmethod 4441 0x0000025ebb9b1b10 code [0x0000025ebb9b1ce0, 0x0000025ebb9b2138]
Event: 50.187 Thread 0x0000025ee1475000 4444       3       java.lang.invoke.LambdaFormEditor::newSpeciesData (13 bytes)
Event: 50.188 Thread 0x0000025ee1475000 nmethod 4444 0x0000025ebb9b2290 code [0x0000025ebb9b2460, 0x0000025ebb9b2658]
Event: 50.188 Thread 0x0000025ee1475000 4445       3       java.lang.invoke.LambdaFormBuffer::renameParameter (29 bytes)
Event: 50.188 Thread 0x0000025ee1475000 nmethod 4445 0x0000025ebb9b2790 code [0x0000025ebb9b2940, 0x0000025ebb9b2a88]
Event: 50.191 Thread 0x0000025ee1475000 4446       3       java.lang.invoke.LambdaForm$Name::<init> (52 bytes)
Event: 50.191 Thread 0x0000025ee1475000 nmethod 4446 0x0000025ebb9b2b10 code [0x0000025ebb9b2ce0, 0x0000025ebb9b2ed8]
Event: 50.191 Thread 0x0000025ee1475000 4447       3       java.lang.invoke.LambdaForm$NamedFunction::<init> (102 bytes)

GC Heap History (6 events):
Event: 0.320 GC heap before
{Heap before GC invocations=0 (full 0):
 garbage-first heap   total 520192K, used 22528K [0x0000000605200000, 0x0000000800000000)
  region size 2048K, 12 young (24576K), 0 survivors (0K)
 Metaspace       used 9040K, capacity 9301K, committed 9472K, reserved 1058816K
  class space    used 873K, capacity 976K, committed 1024K, reserved 1048576K
}
Event: 0.322 GC heap after
{Heap after GC invocations=1 (full 0):
 garbage-first heap   total 520192K, used 2159K [0x0000000605200000, 0x0000000800000000)
  region size 2048K, 2 young (4096K), 2 survivors (4096K)
 Metaspace       used 9040K, capacity 9301K, committed 9472K, reserved 1058816K
  class space    used 873K, capacity 976K, committed 1024K, reserved 1048576K
}
Event: 1.560 GC heap before
{Heap before GC invocations=1 (full 0):
 garbage-first heap   total 520192K, used 47215K [0x0000000605200000, 0x0000000800000000)
  region size 2048K, 25 young (51200K), 2 survivors (4096K)
 Metaspace       used 20709K, capacity 21285K, committed 21296K, reserved 1069056K
  class space    used 2430K, capacity 2684K, committed 2688K, reserved 1048576K
}
Event: 1.564 GC heap after
{Heap after GC invocations=2 (full 0):
 garbage-first heap   total 520192K, used 8853K [0x0000000605200000, 0x0000000800000000)
  region size 2048K, 5 young (10240K), 5 survivors (10240K)
 Metaspace       used 20709K, capacity 21285K, committed 21296K, reserved 1069056K
  class space    used 2430K, capacity 2684K, committed 2688K, reserved 1048576K
}
Event: 22.356 GC heap before
{Heap before GC invocations=3 (full 0):
 garbage-first heap   total 520192K, used 72341K [0x0000000605200000, 0x0000000800000000)
  region size 2048K, 34 young (69632K), 5 survivors (10240K)
 Metaspace       used 34422K, capacity 35788K, committed 35888K, reserved 1081344K
  class space    used 4115K, capacity 4696K, committed 4736K, reserved 1048576K
}
Event: 22.364 GC heap after
{Heap after GC invocations=4 (full 0):
 garbage-first heap   total 520192K, used 16055K [0x0000000605200000, 0x0000000800000000)
  region size 2048K, 7 young (14336K), 7 survivors (14336K)
 Metaspace       used 34422K, capacity 35788K, committed 35888K, reserved 1081344K
  class space    used 4115K, capacity 4696K, committed 4736K, reserved 1048576K
}

Deoptimization events (20 events):
Event: 22.433 Thread 0x0000025ee3673000 Uncommon trap: trap_request=0xffffffde fr.pc=0x0000025ec274b120 relative=0x00000000000000e0
Event: 22.433 Thread 0x0000025ee3673000 Uncommon trap: reason=class_check action=maybe_recompile pc=0x0000025ec274b120 method=java.lang.Character.isWhitespace(I)Z @ 5 c2
Event: 22.434 Thread 0x0000025ee3673000 DEOPT PACKING pc=0x0000025ec274b120 sp=0x000000ae705fa7a0
Event: 22.434 Thread 0x0000025ee3673000 DEOPT UNPACKING pc=0x0000025ebaa0a1af sp=0x000000ae705fa6d8 mode 2
Event: 22.445 Thread 0x0000025ee3fa5800 Uncommon trap: trap_request=0xffffffde fr.pc=0x0000025ec2612058 relative=0x00000000000003f8
Event: 22.445 Thread 0x0000025ee3fa5800 Uncommon trap: reason=class_check action=maybe_recompile pc=0x0000025ec2612058 method=java.util.HashSet.contains(Ljava/lang/Object;)Z @ 5 c2
Event: 22.445 Thread 0x0000025ee3fa5800 DEOPT PACKING pc=0x0000025ec2612058 sp=0x000000ae713beae0
Event: 22.445 Thread 0x0000025ee3fa5800 DEOPT UNPACKING pc=0x0000025ebaa0a1af sp=0x000000ae713bea98 mode 2
Event: 22.445 Thread 0x0000025ee3fa5800 Uncommon trap: trap_request=0xffffffde fr.pc=0x0000025ec2612058 relative=0x00000000000003f8
Event: 22.445 Thread 0x0000025ee3fa5800 Uncommon trap: reason=class_check action=maybe_recompile pc=0x0000025ec2612058 method=java.util.HashSet.contains(Ljava/lang/Object;)Z @ 5 c2
Event: 22.445 Thread 0x0000025ee3fa5800 DEOPT PACKING pc=0x0000025ec2612058 sp=0x000000ae713beae0
Event: 22.445 Thread 0x0000025ee3fa5800 DEOPT UNPACKING pc=0x0000025ebaa0a1af sp=0x000000ae713bea98 mode 2
Event: 41.393 Thread 0x0000025ee3fa5800 Uncommon trap: trap_request=0xffffffde fr.pc=0x0000025ec2612058 relative=0x00000000000003f8
Event: 41.393 Thread 0x0000025ee3fa5800 Uncommon trap: reason=class_check action=maybe_recompile pc=0x0000025ec2612058 method=java.util.HashSet.contains(Ljava/lang/Object;)Z @ 5 c2
Event: 41.393 Thread 0x0000025ee3fa5800 DEOPT PACKING pc=0x0000025ec2612058 sp=0x000000ae713beac0
Event: 41.393 Thread 0x0000025ee3fa5800 DEOPT UNPACKING pc=0x0000025ebaa0a1af sp=0x000000ae713bea78 mode 2
Event: 43.626 Thread 0x0000025ee3fa5800 DEOPT PACKING pc=0x0000025ebb851ed0 sp=0x000000ae713befc0
Event: 43.626 Thread 0x0000025ee3fa5800 DEOPT UNPACKING pc=0x0000025ebaa0a95e sp=0x000000ae713be448 mode 0
Event: 46.056 Thread 0x0000025ee3673000 DEOPT PACKING pc=0x0000025ebb91bf75 sp=0x000000ae705fa1d0
Event: 46.056 Thread 0x0000025ee3673000 DEOPT UNPACKING pc=0x0000025ebaa0a95e sp=0x000000ae705f95f0 mode 0

Classes redefined (0 events):
No events

Internal exceptions (20 events):
Event: 22.012 Thread 0x0000025ee3673000 Exception <a 'java/lang/NoSuchMethodError'{0x0000000620a36b68}: 'java.lang.Object java.lang.invoke.DirectMethodHandle$Holder.invokeStaticInit(java.lang.Object, int, int, int, int)'> (0x0000000620a36b68) thrown at [s\src\hotspot\share\interpreter\linkResolver.cpp, line 773]
Event: 22.341 Thread 0x0000025ee3673000 Exception <a 'java/lang/NoSuchMethodError'{0x0000000620abe1e0}: 'java.lang.Object java.lang.invoke.DirectMethodHandle$Holder.invokeStatic(java.lang.Object, java.lang.Object, int, int, int, int)'> (0x0000000620abe1e0) thrown at [s\src\hotspot\share\interpreter\linkResolver.cpp, line 773]
Event: 22.342 Thread 0x0000025ee3673000 Exception <a 'java/lang/NoSuchMethodError'{0x0000000620ac15c0}: 'java.lang.Object java.lang.invoke.DirectMethodHandle$Holder.invokeStaticInit(java.lang.Object, java.lang.Object, int, int, int, int)'> (0x0000000620ac15c0) thrown at [s\src\hotspot\share\interpreter\linkResolver.cpp, line 773]
Event: 22.434 Thread 0x0000025ee3673000 Exception <a 'java/lang/NoSuchMethodError'{0x00000006246fcec0}: 'void java.lang.invoke.DirectMethodHandle$Holder.invokeStatic(java.lang.Object, java.lang.Object, java.lang.Object, java.lang.Object, java.lang.Object, java.lang.Object)'> (0x00000006246fcec0) thrown at [s\src\hotspot\share\interpreter\linkResolver.cpp, line 773]
Event: 22.434 Thread 0x0000025ee3673000 Exception <a 'java/lang/NoSuchMethodError'{0x00000006247041c8}: 'java.lang.Object java.lang.invoke.Invokers$Holder.linkToTargetMethod(java.lang.Object, java.lang.Object, java.lang.Object, java.lang.Object, java.lang.Object, java.lang.Object)'> (0x00000006247041c8) thrown at [s\src\hotspot\share\interpreter\linkResolver.cpp, line 773]
Event: 22.446 Thread 0x0000025ee3fa5000 Exception <a 'java/net/ConnectException'{0x00000006248f4b50}: Connection refused: connect> (0x00000006248f4b50) thrown at [s\src\hotspot\share\prims\jni.cpp, line 638]
Event: 46.115 Thread 0x0000025ee3673000 Exception <a 'java/io/FileNotFoundException'{0x0000000623e15520}> (0x0000000623e15520) thrown at [s\src\hotspot\share\prims\jni.cpp, line 617]
Event: 47.119 Thread 0x0000025ee3673000 Exception <a 'java/io/FileNotFoundException'{0x0000000623e16168}> (0x0000000623e16168) thrown at [s\src\hotspot\share\prims\jni.cpp, line 617]
Event: 48.122 Thread 0x0000025ee3673000 Exception <a 'java/io/FileNotFoundException'{0x0000000623e16db0}> (0x0000000623e16db0) thrown at [s\src\hotspot\share\prims\jni.cpp, line 617]
Event: 49.127 Thread 0x0000025ee3673000 Exception <a 'java/io/FileNotFoundException'{0x0000000623e179f8}> (0x0000000623e179f8) thrown at [s\src\hotspot\share\prims\jni.cpp, line 617]
Event: 50.134 Thread 0x0000025ee3673000 Exception <a 'java/io/FileNotFoundException'{0x0000000623e18640}> (0x0000000623e18640) thrown at [s\src\hotspot\share\prims\jni.cpp, line 617]
Event: 50.135 Thread 0x0000025ee3673000 Exception <a 'javafx/scene/media/MediaException'{0x0000000623e18c98}> (0x0000000623e18c98) thrown at [s\src\hotspot\share\prims\jvm.cpp, line 1310]
Event: 50.151 Thread 0x0000025ee3673000 Exception <a 'java/lang/NoSuchMethodError'{0x0000000623e8d9c0}: 'java.lang.Object java.lang.invoke.DirectMethodHandle$Holder.invokeSpecial(java.lang.Object, java.lang.Object, int, int, int, java.lang.Object, java.lang.Object, java.lang.Object, java.lang.Object)'> (0x0000000623e8d9c0) thrown at [s\src\hotspot\share\interpreter\linkResolver.cpp, line 773]
Event: 50.151 Thread 0x0000025ee3673000 Exception <a 'java/lang/NoSuchMethodError'{0x0000000623e91178}: 'java.lang.Object java.lang.invoke.DelegatingMethodHandle$Holder.reinvoke_L(java.lang.Object, int, int, int, java.lang.Object, java.lang.Object, java.lang.Object, java.lang.Object)'> (0x0000000623e91178) thrown at [s\src\hotspot\share\interpreter\linkResolver.cpp, line 773]
Event: 50.152 Thread 0x0000025ee3673000 Exception <a 'java/lang/NoSuchMethodError'{0x0000000623e98b98}: 'java.lang.Object java.lang.invoke.DirectMethodHandle$Holder.invokeStatic(java.lang.Object, java.lang.Object, java.lang.Object, java.lang.Object, java.lang.Object, int)'> (0x0000000623e98b98) thrown at [s\src\hotspot\share\interpreter\linkResolver.cpp, line 773]
Event: 50.167 Thread 0x0000025ee3673000 Exception <a 'sun/nio/fs/WindowsException'{0x0000000623f4b990}> (0x0000000623f4b990) thrown at [s\src\hotspot\share\prims\jni.cpp, line 617]
Event: 50.170 Thread 0x0000025ee3673000 Exception <a 'sun/nio/fs/WindowsException'{0x0000000623f4c758}> (0x0000000623f4c758) thrown at [s\src\hotspot\share\prims\jni.cpp, line 617]
Event: 50.187 Thread 0x0000025ee3673000 Exception <a 'java/lang/NoSuchMethodError'{0x0000000623ff0040}: 'java.lang.Object java.lang.invoke.DelegatingMethodHandle$Holder.reinvoke_L(java.lang.Object, java.lang.Object, int, int, long, int, java.lang.Object, java.lang.Object, java.lang.Object, int)'> (0x0000000623ff0040) thrown at [s\src\hotspot\share\interpreter\linkResolver.cpp, line 773]
Event: 50.190 Thread 0x0000025ee3673000 Exception <a 'java/lang/NoSuchMethodError'{0x0000000623c4f558}: 'java.lang.Object java.lang.invoke.DirectMethodHandle$Holder.invokeSpecial(java.lang.Object, java.lang.Object, int, int, int, long, int, java.lang.Object, java.lang.Object, java.lang.Object, int)'> (0x0000000623c4f558) thrown at [s\src\hotspot\share\interpreter\linkResolver.cpp, line 773]
Event: 50.190 Thread 0x0000025ee3673000 Exception <a 'java/lang/NoSuchMethodError'{0x0000000623c52e00}: 'java.lang.Object java.lang.invoke.DelegatingMethodHandle$Holder.reinvoke_L(java.lang.Object, int, int, int, long, int, java.lang.Object, java.lang.Object, java.lang.Object, int)'> (0x0000000623c52e00) thrown at [s\src\hotspot\share\interpreter\linkResolver.cpp, line 773]

Events (20 events):
Event: 50.166 loading class java/nio/file/attribute/PosixFilePermissions
Event: 50.166 loading class java/nio/file/attribute/PosixFilePermissions done
Event: 50.166 loading class java/nio/file/attribute/PosixFilePermission
Event: 50.166 loading class java/nio/file/attribute/PosixFilePermission done
Event: 50.166 loading class java/util/RegularEnumSet$EnumSetIterator
Event: 50.166 loading class java/util/RegularEnumSet$EnumSetIterator done
Event: 50.166 loading class java/nio/file/attribute/PosixFilePermissions$1
Event: 50.166 loading class java/nio/file/attribute/PosixFilePermissions$1 done
Event: 50.166 loading class java/nio/file/FileAlreadyExistsException
Event: 50.166 loading class java/nio/file/FileAlreadyExistsException done
Event: 50.179 loading class sun/nio/ch/FileLockImpl
Event: 50.179 loading class java/nio/channels/FileLock
Event: 50.179 loading class java/nio/channels/FileLock done
Event: 50.179 loading class sun/nio/ch/FileLockImpl done
Event: 50.179 loading class sun/nio/ch/FileLockTable
Event: 50.179 loading class sun/nio/ch/FileLockTable done
Event: 50.179 loading class sun/nio/ch/FileKey
Event: 50.179 loading class sun/nio/ch/FileKey done
Event: 50.179 loading class sun/nio/ch/FileLockTable$FileLockReference
Event: 50.179 loading class sun/nio/ch/FileLockTable$FileLockReference done


Dynamic libraries:
0x00007ff70b530000 - 0x00007ff70b53d000 	C:\Users\aldebran\.jdks\corretto-11.0.20\bin\java.exe
0x00007fffc3c90000 - 0x00007fffc3ea4000 	C:\WINDOWS\SYSTEM32\ntdll.dll
0x00007fffc2650000 - 0x00007fffc2714000 	C:\WINDOWS\System32\KERNEL32.DLL
0x00007fffc1300000 - 0x00007fffc16a4000 	C:\WINDOWS\System32\KERNELBASE.dll
0x00007fffc1880000 - 0x00007fffc1991000 	C:\WINDOWS\System32\ucrtbase.dll
0x00007fff94940000 - 0x00007fff94959000 	C:\Users\aldebran\.jdks\corretto-11.0.20\bin\VCRUNTIME140.dll
0x00007fff94920000 - 0x00007fff94937000 	C:\Users\aldebran\.jdks\corretto-11.0.20\bin\jli.dll
0x00007fffc24a0000 - 0x00007fffc264a000 	C:\WINDOWS\System32\USER32.dll
0x00007fffc1a20000 - 0x00007fffc1a46000 	C:\WINDOWS\System32\win32u.dll
0x00007fffc1e30000 - 0x00007fffc1e59000 	C:\WINDOWS\System32\GDI32.dll
0x00007fffc1070000 - 0x00007fffc1189000 	C:\WINDOWS\System32\gdi32full.dll
0x00007fffc1720000 - 0x00007fffc17ba000 	C:\WINDOWS\System32\msvcp_win.dll
0x00007fffa06b0000 - 0x00007fffa093f000 	C:\WINDOWS\WinSxS\amd64_microsoft.windows.common-controls_6595b64144ccf1df_6.0.22621.2070_none_2713e6537381f706\COMCTL32.dll
0x00007fffc1c30000 - 0x00007fffc1cd7000 	C:\WINDOWS\System32\msvcrt.dll
0x00007fffc31a0000 - 0x00007fffc31d1000 	C:\WINDOWS\System32\IMM32.DLL
0x0000000069080000 - 0x000000006908c000 	D:\Program Files (x86)\360\360Safe\safemon\SafeWrapper.dll
0x00007fffc1b70000 - 0x00007fffc1c20000 	C:\WINDOWS\System32\ADVAPI32.dll
0x00007fffc1ce0000 - 0x00007fffc1d86000 	C:\WINDOWS\System32\sechost.dll
0x00007fffc1a50000 - 0x00007fffc1b67000 	C:\WINDOWS\System32\RPCRT4.dll
0x00007fffaed40000 - 0x00007fffaedeb000 	D:\Program Files (x86)\360\360Safe\safemon\libzdtp64.dll
0x00007fffc3300000 - 0x00007fffc3b16000 	C:\WINDOWS\System32\SHELL32.dll
0x00007fffc30e0000 - 0x00007fffc313e000 	C:\WINDOWS\System32\SHLWAPI.dll
0x00007fffc0cd0000 - 0x00007fffc0cda000 	C:\WINDOWS\SYSTEM32\VERSION.dll
0x00007fff94880000 - 0x00007fff9491b000 	C:\Users\aldebran\.jdks\corretto-11.0.20\bin\msvcp140.dll
0x00007ffe5da90000 - 0x00007ffe5e61b000 	C:\Users\aldebran\.jdks\corretto-11.0.20\bin\server\jvm.dll
0x00007fffc2d60000 - 0x00007fffc2d68000 	C:\WINDOWS\System32\PSAPI.DLL
0x00007fffbb5e0000 - 0x00007fffbb5e9000 	C:\WINDOWS\SYSTEM32\WSOCK32.dll
0x00007fffc2fb0000 - 0x00007fffc3021000 	C:\WINDOWS\System32\WS2_32.dll
0x00007fffb6d10000 - 0x00007fffb6d44000 	C:\WINDOWS\SYSTEM32\WINMM.dll
0x00007fffc00a0000 - 0x00007fffc00b8000 	C:\WINDOWS\SYSTEM32\kernel.appcore.dll
0x00007fff84160000 - 0x00007fff84170000 	C:\Users\aldebran\.jdks\corretto-11.0.20\bin\verify.dll
0x00007fffbea50000 - 0x00007fffbec7e000 	C:\WINDOWS\SYSTEM32\DBGHELP.DLL
0x00007fffc2830000 - 0x00007fffc2bba000 	C:\WINDOWS\System32\combase.dll
0x00007fffc2bc0000 - 0x00007fffc2c97000 	C:\WINDOWS\System32\OLEAUT32.dll
0x00007fff9abe0000 - 0x00007fff9ac12000 	C:\WINDOWS\SYSTEM32\dbgcore.DLL
0x00007fffc19a0000 - 0x00007fffc1a1a000 	C:\WINDOWS\System32\bcryptPrimitives.dll
0x00007fff94850000 - 0x00007fff94878000 	C:\Users\aldebran\.jdks\corretto-11.0.20\bin\java.dll
0x00007fff94840000 - 0x00007fff9484a000 	C:\Users\aldebran\.jdks\corretto-11.0.20\bin\jimage.dll
0x00007fffba480000 - 0x00007fffba48e000 	C:\Users\aldebran\.jdks\corretto-11.0.20\bin\instrument.dll
0x00007fff947b0000 - 0x00007fff947c8000 	C:\Users\aldebran\.jdks\corretto-11.0.20\bin\zip.dll
0x00007fffbef90000 - 0x00007fffbf87a000 	C:\WINDOWS\SYSTEM32\windows.storage.dll
0x00007fffbee50000 - 0x00007fffbef8e000 	C:\WINDOWS\SYSTEM32\wintypes.dll
0x00007fffc31e0000 - 0x00007fffc32d3000 	C:\WINDOWS\System32\SHCORE.dll
0x00007fffc0fa0000 - 0x00007fffc0fc6000 	C:\WINDOWS\SYSTEM32\profapi.dll
0x00007fff94790000 - 0x00007fff947a9000 	C:\Users\aldebran\.jdks\corretto-11.0.20\bin\net.dll
0x00007fffb81a0000 - 0x00007fffb82d7000 	C:\WINDOWS\SYSTEM32\WINHTTP.dll
0x00007fffc0570000 - 0x00007fffc05d9000 	C:\WINDOWS\system32\mswsock.dll
0x00007fff94770000 - 0x00007fff94783000 	C:\Users\aldebran\.jdks\corretto-11.0.20\bin\nio.dll
0x00007fff945f0000 - 0x00007fff9460a000 	D:\Program Files\JetBrains\IntelliJ IDEA Community Edition 2023.1.3\bin\breakgen64.dll
0x0000025eb1fa0000 - 0x0000025eb1fa3000 	C:\Users\aldebran\.openjfx\cache\17.0.6\api-ms-win-core-console-l1-1-0.dll
0x0000025eb1fb0000 - 0x0000025eb1fb3000 	C:\Users\aldebran\.openjfx\cache\17.0.6\api-ms-win-core-console-l1-2-0.dll
0x0000025eb1fc0000 - 0x0000025eb1fc3000 	C:\Users\aldebran\.openjfx\cache\17.0.6\api-ms-win-core-datetime-l1-1-0.dll
0x0000025eb1fd0000 - 0x0000025eb1fd3000 	C:\Users\aldebran\.openjfx\cache\17.0.6\api-ms-win-core-debug-l1-1-0.dll
0x0000025ee5a20000 - 0x0000025ee5a23000 	C:\Users\aldebran\.openjfx\cache\17.0.6\api-ms-win-core-errorhandling-l1-1-0.dll
0x0000025ee5a30000 - 0x0000025ee5a34000 	C:\Users\aldebran\.openjfx\cache\17.0.6\api-ms-win-core-file-l1-1-0.dll
0x0000025ee5a40000 - 0x0000025ee5a43000 	C:\Users\aldebran\.openjfx\cache\17.0.6\api-ms-win-core-file-l1-2-0.dll
0x0000025ee5c90000 - 0x0000025ee5c93000 	C:\Users\aldebran\.openjfx\cache\17.0.6\api-ms-win-core-file-l2-1-0.dll
0x0000025ee5ca0000 - 0x0000025ee5ca3000 	C:\Users\aldebran\.openjfx\cache\17.0.6\api-ms-win-core-handle-l1-1-0.dll
0x0000025ee5900000 - 0x0000025ee5903000 	C:\Users\aldebran\.openjfx\cache\17.0.6\api-ms-win-core-heap-l1-1-0.dll
0x0000025ee5910000 - 0x0000025ee5913000 	C:\Users\aldebran\.openjfx\cache\17.0.6\api-ms-win-core-interlocked-l1-1-0.dll
0x0000025ee5920000 - 0x0000025ee5923000 	C:\Users\aldebran\.openjfx\cache\17.0.6\api-ms-win-core-libraryloader-l1-1-0.dll
0x0000025ee5930000 - 0x0000025ee5933000 	C:\Users\aldebran\.openjfx\cache\17.0.6\api-ms-win-core-localization-l1-2-0.dll
0x0000025ee5940000 - 0x0000025ee5943000 	C:\Users\aldebran\.openjfx\cache\17.0.6\api-ms-win-core-memory-l1-1-0.dll
0x0000025ee5950000 - 0x0000025ee5953000 	C:\Users\aldebran\.openjfx\cache\17.0.6\api-ms-win-core-namedpipe-l1-1-0.dll
0x0000025ee5960000 - 0x0000025ee5963000 	C:\Users\aldebran\.openjfx\cache\17.0.6\api-ms-win-core-processenvironment-l1-1-0.dll
0x0000025ee5970000 - 0x0000025ee5973000 	C:\Users\aldebran\.openjfx\cache\17.0.6\api-ms-win-core-processthreads-l1-1-0.dll
0x0000025ee5980000 - 0x0000025ee5983000 	C:\Users\aldebran\.openjfx\cache\17.0.6\api-ms-win-core-processthreads-l1-1-1.dll
0x0000025ee5990000 - 0x0000025ee5993000 	C:\Users\aldebran\.openjfx\cache\17.0.6\api-ms-win-core-profile-l1-1-0.dll
0x0000025ee59a0000 - 0x0000025ee59a3000 	C:\Users\aldebran\.openjfx\cache\17.0.6\api-ms-win-core-rtlsupport-l1-1-0.dll
0x0000025ee59b0000 - 0x0000025ee59b3000 	C:\Users\aldebran\.openjfx\cache\17.0.6\api-ms-win-core-string-l1-1-0.dll
0x0000025ee59c0000 - 0x0000025ee59c3000 	C:\Users\aldebran\.openjfx\cache\17.0.6\api-ms-win-core-synch-l1-1-0.dll
0x0000025ee59d0000 - 0x0000025ee59d3000 	C:\Users\aldebran\.openjfx\cache\17.0.6\api-ms-win-core-synch-l1-2-0.dll
0x0000025ee59e0000 - 0x0000025ee59e3000 	C:\Users\aldebran\.openjfx\cache\17.0.6\api-ms-win-core-sysinfo-l1-1-0.dll
0x0000025ee59f0000 - 0x0000025ee59f3000 	C:\Users\aldebran\.openjfx\cache\17.0.6\api-ms-win-core-timezone-l1-1-0.dll
0x0000025ee5a00000 - 0x0000025ee5a03000 	C:\Users\aldebran\.openjfx\cache\17.0.6\api-ms-win-core-util-l1-1-0.dll
0x0000025ee5a10000 - 0x0000025ee5a13000 	C:\Users\aldebran\.openjfx\cache\17.0.6\api-ms-win-crt-conio-l1-1-0.dll
0x0000025ee5a50000 - 0x0000025ee5a54000 	C:\Users\aldebran\.openjfx\cache\17.0.6\api-ms-win-crt-convert-l1-1-0.dll
0x0000025ee5a60000 - 0x0000025ee5a63000 	C:\Users\aldebran\.openjfx\cache\17.0.6\api-ms-win-crt-environment-l1-1-0.dll
0x0000025ee5a70000 - 0x0000025ee5a73000 	C:\Users\aldebran\.openjfx\cache\17.0.6\api-ms-win-crt-filesystem-l1-1-0.dll
0x0000025ee5a80000 - 0x0000025ee5a83000 	C:\Users\aldebran\.openjfx\cache\17.0.6\api-ms-win-crt-heap-l1-1-0.dll
0x0000025ee5a90000 - 0x0000025ee5a93000 	C:\Users\aldebran\.openjfx\cache\17.0.6\api-ms-win-crt-locale-l1-1-0.dll
0x0000025ee5aa0000 - 0x0000025ee5aa5000 	C:\Users\aldebran\.openjfx\cache\17.0.6\api-ms-win-crt-math-l1-1-0.dll
0x0000025ee5ab0000 - 0x0000025ee5ab5000 	C:\Users\aldebran\.openjfx\cache\17.0.6\api-ms-win-crt-multibyte-l1-1-0.dll
0x0000025ee5ac0000 - 0x0000025ee5ad0000 	C:\Users\aldebran\.openjfx\cache\17.0.6\api-ms-win-crt-private-l1-1-0.dll
0x0000025ee5ad0000 - 0x0000025ee5ad3000 	C:\Users\aldebran\.openjfx\cache\17.0.6\api-ms-win-crt-process-l1-1-0.dll
0x0000025ee5ae0000 - 0x0000025ee5ae4000 	C:\Users\aldebran\.openjfx\cache\17.0.6\api-ms-win-crt-runtime-l1-1-0.dll
0x0000025ee5af0000 - 0x0000025ee5af4000 	C:\Users\aldebran\.openjfx\cache\17.0.6\api-ms-win-crt-stdio-l1-1-0.dll
0x0000025ee5b00000 - 0x0000025ee5b04000 	C:\Users\aldebran\.openjfx\cache\17.0.6\api-ms-win-crt-string-l1-1-0.dll
0x0000025ee5b10000 - 0x0000025ee5b13000 	C:\Users\aldebran\.openjfx\cache\17.0.6\api-ms-win-crt-time-l1-1-0.dll
0x0000025ee5b20000 - 0x0000025ee5b23000 	C:\Users\aldebran\.openjfx\cache\17.0.6\api-ms-win-crt-utility-l1-1-0.dll
0x00007fff754b0000 - 0x00007fff755ac000 	C:\Users\aldebran\.openjfx\cache\17.0.6\ucrtbase.dll
0x00007fff98750000 - 0x00007fff9876a000 	C:\Users\aldebran\.openjfx\cache\17.0.6\vcruntime140.dll
0x00007fffba470000 - 0x00007fffba47c000 	C:\Users\aldebran\.openjfx\cache\17.0.6\vcruntime140_1.dll
0x00007fff75610000 - 0x00007fff7569d000 	C:\Users\aldebran\.openjfx\cache\17.0.6\msvcp140.dll
0x00007fff98740000 - 0x00007fff98749000 	C:\Users\aldebran\.openjfx\cache\17.0.6\msvcp140_1.dll
0x00007fff83c60000 - 0x00007fff83c8f000 	C:\Users\aldebran\.openjfx\cache\17.0.6\msvcp140_2.dll
0x00007fff82420000 - 0x00007fff8244a000 	C:\Users\aldebran\.openjfx\cache\17.0.6\prism_d3d.dll
0x00007fffaf9e0000 - 0x00007fffafb89000 	C:\WINDOWS\system32\d3d9.dll
0x00007fffbb9b0000 - 0x00007fffbb9db000 	C:\WINDOWS\SYSTEM32\dwmapi.dll
0x00007fffbe470000 - 0x00007fffbe4a8000 	C:\WINDOWS\SYSTEM32\dxcore.dll
0x00007fffbb720000 - 0x00007fffbb7cb000 	C:\WINDOWS\system32\uxtheme.dll
0x00007fff65020000 - 0x00007fff650d0000 	C:\WINDOWS\System32\DriverStore\FileRepository\nvhm.inf_amd64_4a2f8a62d5686839\nvldumdx.dll
0x00007fffc0840000 - 0x00007fffc0852000 	C:\WINDOWS\SYSTEM32\msasn1.dll
0x00007fffb4f60000 - 0x00007fffb4f92000 	C:\WINDOWS\SYSTEM32\cryptnet.dll
0x00007fffc1190000 - 0x00007fffc12f7000 	C:\WINDOWS\System32\CRYPT32.dll
0x00007fffb4e00000 - 0x00007fffb4f58000 	C:\WINDOWS\SYSTEM32\drvstore.dll
0x00007fffc0ce0000 - 0x00007fffc0d0c000 	C:\WINDOWS\SYSTEM32\devobj.dll
0x00007fffc0d10000 - 0x00007fffc0d5e000 	C:\WINDOWS\SYSTEM32\cfgmgr32.dll
0x00007fffc08d0000 - 0x00007fffc091b000 	C:\WINDOWS\SYSTEM32\wldp.dll
0x00007fffc0800000 - 0x00007fffc080c000 	C:\WINDOWS\SYSTEM32\cryptbase.dll
0x00007fffc16b0000 - 0x00007fffc171b000 	C:\WINDOWS\System32\WINTRUST.DLL
0x00007fffc1e10000 - 0x00007fffc1e2f000 	C:\WINDOWS\System32\imagehlp.dll
0x00007fffc07e0000 - 0x00007fffc07fb000 	C:\WINDOWS\SYSTEM32\CRYPTSP.dll
0x00007fffc0060000 - 0x00007fffc0095000 	C:\WINDOWS\system32\rsaenh.dll
0x00007fffc09c0000 - 0x00007fffc09e8000 	C:\WINDOWS\SYSTEM32\bcrypt.dll
0x00007fff60c40000 - 0x00007fff623cc000 	C:\WINDOWS\System32\DriverStore\FileRepository\nvhm.inf_amd64_4a2f8a62d5686839\nvd3dumx.dll
0x00007fffb6f40000 - 0x00007fffb6f8a000 	C:\WINDOWS\SYSTEM32\directxdatabasehelper.dll
0x00007fff7a5b0000 - 0x00007fff7a5f2000 	C:\Users\aldebran\.openjfx\cache\17.0.6\glass.dll
0x00007fffc2720000 - 0x00007fffc2817000 	C:\WINDOWS\System32\COMDLG32.dll
0x00007fffc2d70000 - 0x00007fffc2f0c000 	C:\WINDOWS\System32\ole32.dll
0x00007fffc3b20000 - 0x00007fffc3c47000 	C:\WINDOWS\System32\MSCTF.dll
0x00007fff60130000 - 0x00007fff603f7000 	C:\WINDOWS\system32\nvspcap64.dll
0x00007fffc0110000 - 0x00007fffc0144000 	C:\WINDOWS\SYSTEM32\ntmarta.dll
0x00007fffc0600000 - 0x00007fffc0626000 	C:\WINDOWS\SYSTEM32\gpapi.dll
0x00007fff98720000 - 0x00007fff98734000 	C:\Users\aldebran\.openjfx\cache\17.0.6\javafx_font.dll
0x00007ffde12f0000 - 0x00007ffde572c000 	C:\Users\aldebran\.openjfx\cache\17.0.6\jfxwebkit.dll
0x00007fffb9630000 - 0x00007fffb9897000 	C:\WINDOWS\SYSTEM32\dwrite.dll
0x00007fffc3030000 - 0x00007fffc30e0000 	C:\WINDOWS\System32\clbcatq.dll

dbghelp: loaded successfully - version: 4.0.5 - missing functions: none
symbol engine: initialized successfully - sym options: 0x614 - pdb path: .;C:\Users\aldebran\.jdks\corretto-11.0.20\bin;C:\WINDOWS\SYSTEM32;C:\WINDOWS\WinSxS\amd64_microsoft.windows.common-controls_6595b64144ccf1df_6.0.22621.2070_none_2713e6537381f706;D:\Program Files (x86)\360\360Safe\safemon;C:\Users\aldebran\.jdks\corretto-11.0.20\bin\server;D:\Program Files\JetBrains\IntelliJ IDEA Community Edition 2023.1.3\bin;C:\Users\aldebran\.openjfx\cache\17.0.6;C:\WINDOWS\System32\DriverStore\FileRepository\nvhm.inf_amd64_4a2f8a62d5686839;C:\Program Files\Common Files\Microsoft Shared\Ink

VM Arguments:
jvm_args: -javaagent:D:\Program Files\JetBrains\IntelliJ IDEA Community Edition 2023.1.3\lib\idea_rt.jar=53827:D:\Program Files\JetBrains\IntelliJ IDEA Community Edition 2023.1.3\bin -Dfile.encoding=UTF-8 --module-path=C:\Users\aldebran\.m2\repository\org\openjfx\javafx-fxml\17.0.6\javafx-fxml-17.0.6-win.jar;C:\Users\aldebran\.m2\repository\com\alibaba\fastjson\1.2.68\fastjson-1.2.68.jar;C:\Users\aldebran\.m2\repository\org\openjfx\javafx-graphics\17.0.6\javafx-graphics-17.0.6-win.jar;C:\Users\aldebran\.m2\repository\com\squareup\okhttp3\okhttp-jvm\5.0.0-alpha.11\okhttp-jvm-5.0.0-alpha.11.jar;C:\Users\aldebran\.m2\repository\org\openjfx\javafx-base\17.0.6\javafx-base-17.0.6-win.jar;C:\Users\aldebran\.m2\repository\org\kordamp\bootstrapfx\bootstrapfx-core\0.4.0\bootstrapfx-core-0.4.0.jar;D:\user_dir\code\javafx_demo2\target\classes;C:\Users\aldebran\.m2\repository\org\openjfx\javafx-web\17.0.6\javafx-web-17.0.6-win.jar;C:\Users\aldebran\.m2\repository\cn\hutool\hutool-all\5.8.21\hutool-all-5.8.21.jar;C:\Users\aldebran\.m2\repository\org\openjfx\javafx-media\17.0.6\javafx-media-17.0.6-win.jar;C:\Users\aldebran\.m2\repository\org\jetbrains\kotlin\kotlin-reflect\1.8.10\kotlin-reflect-1.8.10.jar;C:\Users\aldebran\.m2\repository\org\openjfx\javafx-controls\17.0.6\javafx-controls-17.0.6-win.jar;C:\Users\aldebran\.m2\repository\org\jetbrains\kotlin\kotlin-stdlib\1.8.10\kotlin-stdlib-1.8.10.jar -Djdk.module.main=com.example.javafx_demo2 
java_command: com.example.javafx_demo2/com.example.benben_front.HelloApplicationKt
java_class_path (initial): C:\Users\aldebran\.m2\repository\org\openjfx\javafx-controls\17.0.6\javafx-controls-17.0.6.jar;C:\Users\aldebran\.m2\repository\org\openjfx\javafx-graphics\17.0.6\javafx-graphics-17.0.6.jar;C:\Users\aldebran\.m2\repository\org\openjfx\javafx-base\17.0.6\javafx-base-17.0.6.jar;C:\Users\aldebran\.m2\repository\org\openjfx\javafx-fxml\17.0.6\javafx-fxml-17.0.6.jar;C:\Users\aldebran\.m2\repository\org\openjfx\javafx-web\17.0.6\javafx-web-17.0.6.jar;C:\Users\aldebran\.m2\repository\org\openjfx\javafx-media\17.0.6\javafx-media-17.0.6.jar;C:\Users\aldebran\.m2\repository\org\jetbrains\kotlin\kotlin-stdlib-jdk8\1.8.10\kotlin-stdlib-jdk8-1.8.10.jar;C:\Users\aldebran\.m2\repository\org\jetbrains\kotlin\kotlin-stdlib-common\1.8.10\kotlin-stdlib-common-1.8.10.jar;C:\Users\aldebran\.m2\repository\org\jetbrains\annotations\13.0\annotations-13.0.jar;C:\Users\aldebran\.m2\repository\org\jetbrains\kotlin\kotlin-stdlib-jdk7\1.8.10\kotlin-stdlib-jdk7-1.8.10.jar;C:\Users\aldebran\.m2\repository\com\squareup\okhttp3\okhttp\5.0.0-alpha.11\okhttp-5.0.0-alpha.11.jar;C:\Users\aldebran\.m2\repository\com\squareup\okio\okio-jvm\3.2.0\okio-jvm-3.2.0.jar
Launcher Type: SUN_STANDARD

[Global flags]
     intx CICompilerCount                          = 12                                        {product} {ergonomic}
     uint ConcGCThreads                            = 5                                         {product} {ergonomic}
     uint G1ConcRefinementThreads                  = 18                                        {product} {ergonomic}
   size_t G1HeapRegionSize                         = 2097152                                   {product} {ergonomic}
    uintx GCDrainStackTargetSize                   = 64                                        {product} {ergonomic}
   size_t InitialHeapSize                          = 532676608                                 {product} {ergonomic}
   size_t MarkStackSize                            = 4194304                                   {product} {ergonomic}
   size_t MaxHeapSize                              = 8503951360                                {product} {ergonomic}
   size_t MaxNewSize                               = 5102370816                                {product} {ergonomic}
   size_t MinHeapDeltaBytes                        = 2097152                                   {product} {ergonomic}
    uintx NonNMethodCodeHeapSize                   = 7594288                                {pd product} {ergonomic}
    uintx NonProfiledCodeHeapSize                  = 122031976                              {pd product} {ergonomic}
    uintx ProfiledCodeHeapSize                     = 122031976                              {pd product} {ergonomic}
    uintx ReservedCodeCacheSize                    = 251658240                              {pd product} {ergonomic}
     bool SegmentedCodeCache                       = true                                      {product} {ergonomic}
     bool UseCompressedClassPointers               = true                                 {lp64_product} {ergonomic}
     bool UseCompressedOops                        = true                                 {lp64_product} {ergonomic}
     bool UseG1GC                                  = true                                      {product} {ergonomic}
     bool UseLargePagesIndividualAllocation        = false                                  {pd product} {ergonomic}

Logging:
Log output configuration:
 #0: stdout all=warning uptime,level,tags
 #1: stderr all=off uptime,level,tags

Environment Variables:
CLASSPATH=D:\Program Files\Java\jdk-1.8\lib
PATH=C:\Program Files\NVIDIA GPU Computing Toolkit\CUDA\v11.6\bin;C:\Program Files\NVIDIA GPU Computing Toolkit\CUDA\v11.6\libnvvp;C:\windows\system32;C:\windows;C:\windows\System32\Wbem;C:\windows\System32\WindowsPowerShell\v1.0\;C:\windows\System32\OpenSSH\;C:\Program Files (x86)\NVIDIA Corporation\PhysX\Common;C:\Program Files\NVIDIA Corporation\NVIDIA NvDLISR;d:\Program Files (x86)\WinSCP\;D:\Program Files\PuTTY\;D:\Program Files\Git\cmd;;C:\Program Files\Docker\Docker\resources\bin;C:\Program Files\NVIDIA Corporation\Nsight Compute 2022.1.0\;C:\WINDOWS\system32;C:\WINDOWS;C:\WINDOWS\System32\Wbem;C:\WINDOWS\System32\WindowsPowerShell\v1.0\;C:\WINDOWS\System32\OpenSSH\;C:\Program Files\PowerShell\7\;D:\Applications\Scoop\apps\imagemagick\current;D:\Applications\Scoop\apps\nodejs-lts\current\bin;D:\Applications\Scoop\apps\nodejs-lts\current;D:\Applications\Scoop\shims;C:\Users\aldebran\scoop\shims;C:\Users\aldebran\AppData\Local\Microsoft\WindowsApps;D:\Program Files\Java\jdk-1.8\bin;D:\Users\aldebran\anaconda3\Scripts;D:\Program Files (x86)\Vim\vim90
USERNAME=aldebran
OS=Windows_NT
PROCESSOR_IDENTIFIER=Intel64 Family 6 Model 151 Stepping 2, GenuineIntel
TMP=C:\Users\aldebran\AppData\Local\Temp
TEMP=C:\Users\aldebran\AppData\Local\Temp



---------------  S Y S T E M  ---------------

OS: Windows 11 , 64 bit Build 22621 (10.0.22621.2070)
OS uptime: 0 days 0:35 hours
Hyper-V role detected

CPU:total 24 (initial active 24) (12 cores per cpu, 2 threads per core) family 6 model 151 stepping 2 microcode 0x23, cmov, cx8, fxsr, mmx, sse, sse2, sse3, ssse3, sse4.1, sse4.2, popcnt, avx, avx2, aes, clmul, erms, 3dnowpref, lzcnt, ht, tsc, tscinvbit, bmi1, bmi2, adx, sha, fma

Memory: 4k page, system-wide physical 32435M (1383M free)
TotalPageFile size 64301M (AvailPageFile size 3M)
current process WorkingSet (physical memory assigned to process): 257M, peak: 259M
current process commit charge ("private bytes"): 780M, peak: 834M

vm_info: OpenJDK 64-Bit Server VM (11.0.20+8-LTS) for windows-amd64 JRE (11.0.20+8-LTS), built on Jul 11 2023 19:58:45 by "Administrator" with MS VC++ 15.9 (VS2017)

END.
